<?xml version="1.0" encoding="utf-8"?>
<test-run id="2" testcasecount="6" result="Passed" total="6" passed="6" failed="0" inconclusive="0" skipped="0" asserts="0" engine-version="3.5.0.0" clr-version="4.0.30319.42000" start-time="2026-09-18 12:10:08Z" end-time="2026-09-18 12:10:08Z" duration="0.1874654">
  <test-suite type="TestSuite" id="1000" name="SampleGame" fullname="SampleGame" runstate="Runnable" testcasecount="799" result="Passed" start-time="2026-09-18 12:10:08Z" end-time="2026-09-18 12:10:08Z" duration="0.187465" total="6" passed="6" failed="0" inconclusive="0" skipped="0" asserts="0">
    <properties>
      <property name="platform" value="EditMode" />
    </properties>
    <test-suite type="Assembly" id="1657" name="OneStarMaker.Tests.dll" fullname="D:/repositories/unity/SampleGameForOneStarMakerFramework/unity/Library/ScriptAssemblies/OneStarMaker.Tests.dll" runstate="Runnable" testcasecount="564" result="Passed" start-time="2026-09-18 12:10:08Z" end-time="2026-09-18 12:10:08Z" duration="0.153147" total="6" passed="6" failed="0" inconclusive="0" skipped="0" asserts="0">
      <properties>
        <property name="_PID" value="16936" />
        <property name="_APPDOMAIN" value="Unity Child Domain" />
        <property name="platform" value="EditMode" />
        <property name="EditorOnly" value="True" />
      </properties>
      <test-suite type="TestSuite" id="1658" name="OneStarMaker" fullname="OneStarMaker" runstate="Runnable" testcasecount="564" result="Passed" start-time="2026-09-18 12:10:08Z" end-time="2026-09-18 12:10:08Z" duration="0.127034" total="6" passed="6" failed="0" inconclusive="0" skipped="0" asserts="0">
        <properties />
        <test-suite type="TestSuite" id="1659" name="Tests" fullname="OneStarMaker.Tests" runstate="Runnable" testcasecount="564" result="Passed" start-time="2026-09-18 12:10:08Z" end-time="2026-09-18 12:10:08Z" duration="0.113520" total="6" passed="6" failed="0" inconclusive="0" skipped="0" asserts="0">
          <properties />
          <test-suite type="TestSuite" id="1663" name="SceneSystem" fullname="OneStarMaker.Tests.SceneSystem" runstate="Runnable" testcasecount="103" result="Passed" start-time="2026-09-18 12:10:08Z" end-time="2026-09-18 12:10:08Z" duration="0.098803" total="6" passed="6" failed="0" inconclusive="0" skipped="0" asserts="0">
            <properties />
            <test-suite type="TestFixture" id="1363" name="SceneVariantForwardingTests" fullname="OneStarMaker.Tests.SceneSystem.SceneVariantForwardingTests" classname="OneStarMaker.Tests.SceneSystem.SceneVariantForwardingTests" runstate="Runnable" testcasecount="6" result="Passed" start-time="2026-09-18 12:10:08Z" end-time="2026-09-18 12:10:08Z" duration="0.094220" total="6" passed="6" failed="0" inconclusive="0" skipped="0" asserts="0">
              <properties />
              <test-case id="1364" name="Constructor_NullVariant_Throws" fullname="OneStarMaker.Tests.SceneSystem.SceneVariantForwardingTests.Constructor_NullVariant_Throws" methodname="Constructor_NullVariant_Throws" classname="OneStarMaker.Tests.SceneSystem.SceneVariantForwardingTests" runstate="Runnable" seed="1488084555" result="Passed" start-time="2026-09-18 12:10:08Z" end-time="2026-09-18 12:10:08Z" duration="0.021066" asserts="0">
                <properties>
                  <property name="retryIteration" value="0" />
                  <property name="repeatIteration" value="0" />
                </properties>
              </test-case>
              <test-case id="1370" name="DirectoryMode_RoutesSelectedRepresentationWithoutAddressablesFallback" fullname="OneStarMaker.Tests.SceneSystem.SceneVariantForwardingTests.DirectoryMode_RoutesSelectedRepresentationWithoutAddressablesFallback" methodname="DirectoryMode_RoutesSelectedRepresentationWithoutAddressablesFallback" classname="OneStarMaker.Tests.SceneSystem.SceneVariantForwardingTests" runstate="Runnable" seed="1630478403" result="Passed" start-time="2026-09-18 12:10:08Z" end-time="2026-09-18 12:10:08Z" duration="0.040263" asserts="0">
                <properties>
                  <property name="retryIteration" value="0" />
                  <property name="repeatIteration" value="0" />
                </properties>
              </test-case>
              <test-suite type="ParameterizedMethod" id="1368" name="Load_ForwardsExactVariantAndPreservesDefaultFallback" fullname="OneStarMaker.Tests.SceneSystem.SceneVariantForwardingTests.Load_ForwardsExactVariantAndPreservesDefaultFallback" classname="OneStarMaker.Tests.SceneSystem.SceneVariantForwardingTests" runstate="Runnable" testcasecount="3" result="Passed" start-time="2026-09-18 12:10:08Z" end-time="2026-09-18 12:10:08Z" duration="0.011922" total="3" passed="3" failed="0" inconclusive="0" skipped="0" asserts="0">
                <properties />
                <test-case id="1365" name="Load_ForwardsExactVariantAndPreservesDefaultFallback(&quot;&quot;,&quot;aaaaaaaaaaaaaaaaaaaaaaaaaaaaaaaa&quot;)" fullname="OneStarMaker.Tests.SceneSystem.SceneVariantForwardingTests.Load_ForwardsExactVariantAndPreservesDefaultFallback(&quot;&quot;,&quot;aaaaaaaaaaaaaaaaaaaaaaaaaaaaaaaa&quot;)" methodname="Load_ForwardsExactVariantAndPreservesDefaultFallback" classname="OneStarMaker.Tests.SceneSystem.SceneVariantForwardingTests" runstate="Runnable" seed="1412968754" result="Passed" start-time="2026-09-18 12:10:08Z" end-time="2026-09-18 12:10:08Z" duration="0.005927" asserts="0">
                  <properties>
                    <property name="retryIteration" value="0" />
                    <property name="repeatIteration" value="0" />
                  </properties>
                </test-case>
                <test-case id="1366" name="Load_ForwardsExactVariantAndPreservesDefaultFallback(&quot;Whitebox&quot;,&quot;bbbbbbbbbbbbbbbbbbbbbbbbbbbbbbbb&quot;)" fullname="OneStarMaker.Tests.SceneSystem.SceneVariantForwardingTests.Load_ForwardsExactVariantAndPreservesDefaultFallback(&quot;Whitebox&quot;,&quot;bbbbbbbbbbbbbbbbbbbbbbbbbbbbbbbb&quot;)" methodname="Load_ForwardsExactVariantAndPreservesDefaultFallback" classname="OneStarMaker.Tests.SceneSystem.SceneVariantForwardingTests" runstate="Runnable" seed="344988553" result="Passed" start-time="2026-09-18 12:10:08Z" end-time="2026-09-18 12:10:08Z" duration="0.001146" asserts="0">
                  <properties>
                    <property name="retryIteration" value="0" />
                    <property name="repeatIteration" value="0" />
                  </properties>
                </test-case>
                <test-case id="1367" name="Load_ForwardsExactVariantAndPreservesDefaultFallback(&quot;Missing&quot;,&quot;aaaaaaaaaaaaaaaaaaaaaaaaaaaaaaaa&quot;)" fullname="OneStarMaker.Tests.SceneSystem.SceneVariantForwardingTests.Load_ForwardsExactVariantAndPreservesDefaultFallback(&quot;Missing&quot;,&quot;aaaaaaaaaaaaaaaaaaaaaaaaaaaaaaaa&quot;)" methodname="Load_ForwardsExactVariantAndPreservesDefaultFallback" classname="OneStarMaker.Tests.SceneSystem.SceneVariantForwardingTests" runstate="Runnable" seed="2090058089" result="Passed" start-time="2026-09-18 12:10:08Z" end-time="2026-09-18 12:10:08Z" duration="0.001147" asserts="0">
                  <properties>
                    <property name="retryIteration" value="0" />
                    <property name="repeatIteration" value="0" />
                  </properties>
                </test-case>
              </test-suite>
              <test-case id="1369" name="Load_LogicalNodeWithoutPayload_DoesNotCallBackend" fullname="OneStarMaker.Tests.SceneSystem.SceneVariantForwardingTests.Load_LogicalNodeWithoutPayload_DoesNotCallBackend" methodname="Load_LogicalNodeWithoutPayload_DoesNotCallBackend" classname="OneStarMaker.Tests.SceneSystem.SceneVariantForwardingTests" runstate="Runnable" seed="623235041" result="Passed" start-time="2026-09-18 12:10:08Z" end-time="2026-09-18 12:10:08Z" duration="0.002096" asserts="0">
                <properties>
                  <property name="retryIteration" value="0" />
                  <property name="repeatIteration" value="0" />
                </properties>
                <output><![CDATA[Saving results to: C:/Users/void/AppData/LocalLow/DefaultCompany/SampleGame\TestResults.xml
]]></output>
              </test-case>
            </test-suite>
          </test-suite>
        </test-suite>
      </test-suite>
    </test-suite>
  </test-suite>
</test-run>