<?xml version="1.0" encoding="utf-8"?>
<test-run id="2" testcasecount="7" result="Passed" total="7" passed="7" failed="0" inconclusive="0" skipped="0" asserts="0" engine-version="3.5.0.0" clr-version="4.0.30319.42000" start-time="2026-09-18 06:15:40Z" end-time="2026-09-18 06:16:31Z" duration="50.2223235">
  <test-suite type="TestSuite" id="1000" name="SampleGame" fullname="SampleGame" runstate="Runnable" testcasecount="783" result="Passed" start-time="2026-09-18 06:15:40Z" end-time="2026-09-18 06:16:31Z" duration="50.222324" total="7" passed="7" failed="0" inconclusive="0" skipped="0" asserts="0">
    <properties>
      <property name="platform" value="EditMode" />
    </properties>
    <test-suite type="Assembly" id="1654" name="OneStarMaker.Tests.dll" fullname="D:/repositories/unity/SampleGameForOneStarMakerFramework/unity/Library/ScriptAssemblies/OneStarMaker.Tests.dll" runstate="Runnable" testcasecount="561" result="Passed" start-time="2026-09-18 06:15:40Z" end-time="2026-09-18 06:15:40Z" duration="0.081307" total="3" passed="3" failed="0" inconclusive="0" skipped="0" asserts="0">
      <properties>
        <property name="_PID" value="9688" />
        <property name="_APPDOMAIN" value="Unity Child Domain" />
        <property name="platform" value="EditMode" />
        <property name="EditorOnly" value="True" />
      </properties>
      <test-suite type="TestSuite" id="1655" name="OneStarMaker" fullname="OneStarMaker" runstate="Runnable" testcasecount="561" result="Passed" start-time="2026-09-18 06:15:40Z" end-time="2026-09-18 06:15:40Z" duration="0.072633" total="3" passed="3" failed="0" inconclusive="0" skipped="0" asserts="0">
        <properties />
        <test-suite type="TestSuite" id="1656" name="Tests" fullname="OneStarMaker.Tests" runstate="Runnable" testcasecount="561" result="Passed" start-time="2026-09-18 06:15:40Z" end-time="2026-09-18 06:15:40Z" duration="0.066292" total="3" passed="3" failed="0" inconclusive="0" skipped="0" asserts="0">
          <properties />
          <test-suite type="TestSuite" id="1665" name="BuildContent" fullname="OneStarMaker.Tests.BuildContent" runstate="Runnable" testcasecount="5" result="Passed" start-time="2026-09-18 06:15:40Z" end-time="2026-09-18 06:15:40Z" duration="0.050946" total="3" passed="3" failed="0" inconclusive="0" skipped="0" asserts="0">
            <properties />
            <test-suite type="TestFixture" id="1593" name="ContentDirectoryIndexTests" fullname="OneStarMaker.Tests.BuildContent.ContentDirectoryIndexTests" classname="OneStarMaker.Tests.BuildContent.ContentDirectoryIndexTests" runstate="Runnable" testcasecount="3" result="Passed" start-time="2026-09-18 06:15:40Z" end-time="2026-09-18 06:15:40Z" duration="0.049176" total="3" passed="3" failed="0" inconclusive="0" skipped="0" asserts="0">
              <properties />
              <test-case id="1595" name="DuplicateLogicalRepresentationKind_IsRejected" fullname="OneStarMaker.Tests.BuildContent.ContentDirectoryIndexTests.DuplicateLogicalRepresentationKind_IsRejected" methodname="DuplicateLogicalRepresentationKind_IsRejected" classname="OneStarMaker.Tests.BuildContent.ContentDirectoryIndexTests" runstate="Runnable" seed="1507642634" result="Passed" start-time="2026-09-18 06:15:40Z" end-time="2026-09-18 06:15:40Z" duration="0.027592" asserts="0">
                <properties>
                  <property name="retryIteration" value="0" />
                  <property name="repeatIteration" value="0" />
                </properties>
              </test-case>
              <test-case id="1594" name="SceneResolution_FallsBackOnlyToFull" fullname="OneStarMaker.Tests.BuildContent.ContentDirectoryIndexTests.SceneResolution_FallsBackOnlyToFull" methodname="SceneResolution_FallsBackOnlyToFull" classname="OneStarMaker.Tests.BuildContent.ContentDirectoryIndexTests" runstate="Runnable" seed="1136948728" result="Passed" start-time="2026-09-18 06:15:40Z" end-time="2026-09-18 06:15:40Z" duration="0.001006" asserts="0">
                <properties>
                  <property name="retryIteration" value="0" />
                  <property name="repeatIteration" value="0" />
                </properties>
              </test-case>
              <test-case id="1596" name="UntaggedLegacyEntry_IsIndexedAsFull" fullname="OneStarMaker.Tests.BuildContent.ContentDirectoryIndexTests.UntaggedLegacyEntry_IsIndexedAsFull" methodname="UntaggedLegacyEntry_IsIndexedAsFull" classname="OneStarMaker.Tests.BuildContent.ContentDirectoryIndexTests" runstate="Runnable" seed="1655564890" result="Passed" start-time="2026-09-18 06:15:40Z" end-time="2026-09-18 06:15:40Z" duration="0.000318" asserts="0">
                <properties>
                  <property name="retryIteration" value="0" />
                  <property name="repeatIteration" value="0" />
                </properties>
              </test-case>
            </test-suite>
          </test-suite>
        </test-suite>
      </test-suite>
    </test-suite>
    <test-suite type="Assembly" id="1910" name="OneStarMaker.Tests.Editor.dll" fullname="D:/repositories/unity/SampleGameForOneStarMakerFramework/unity/Library/ScriptAssemblies/OneStarMaker.Tests.Editor.dll" runstate="Runnable" testcasecount="207" result="Passed" start-time="2026-09-18 06:15:40Z" end-time="2026-09-18 06:16:31Z" duration="50.104878" total="4" passed="4" failed="0" inconclusive="0" skipped="0" asserts="0">
      <properties>
        <property name="_PID" value="9688" />
        <property name="_APPDOMAIN" value="Unity Child Domain" />
        <property name="platform" value="EditMode" />
        <property name="EditorOnly" value="True" />
      </properties>
      <test-suite type="TestSuite" id="1911" name="OneStarMaker" fullname="OneStarMaker" runstate="Runnable" testcasecount="207" result="Passed" start-time="2026-09-18 06:15:40Z" end-time="2026-09-18 06:16:31Z" duration="50.100482" total="4" passed="4" failed="0" inconclusive="0" skipped="0" asserts="0">
        <properties />
        <test-suite type="TestSuite" id="1912" name="Tests" fullname="OneStarMaker.Tests" runstate="Runnable" testcasecount="207" result="Passed" start-time="2026-09-18 06:15:40Z" end-time="2026-09-18 06:16:31Z" duration="50.095889" total="4" passed="4" failed="0" inconclusive="0" skipped="0" asserts="0">
          <properties />
          <test-suite type="TestSuite" id="1913" name="Editor" fullname="OneStarMaker.Tests.Editor" runstate="Runnable" testcasecount="207" result="Passed" start-time="2026-09-18 06:15:40Z" end-time="2026-09-18 06:16:31Z" duration="50.092137" total="4" passed="4" failed="0" inconclusive="0" skipped="0" asserts="0">
            <properties />
            <test-suite type="TestSuite" id="1916" name="Build" fullname="OneStarMaker.Tests.Editor.Build" runstate="Runnable" testcasecount="103" result="Passed" start-time="2026-09-18 06:15:40Z" end-time="2026-09-18 06:16:31Z" duration="50.085035" total="4" passed="4" failed="0" inconclusive="0" skipped="0" asserts="0">
              <properties />
              <test-suite type="TestFixture" id="1798" name="BuildContentDirectoryIntegrationTests" fullname="OneStarMaker.Tests.Editor.Build.BuildContentDirectoryIntegrationTests" classname="OneStarMaker.Tests.Editor.Build.BuildContentDirectoryIntegrationTests" runstate="Runnable" testcasecount="1" result="Passed" start-time="2026-09-18 06:15:40Z" end-time="2026-09-18 06:16:31Z" duration="50.049704" total="1" passed="1" failed="0" inconclusive="0" skipped="0" asserts="0">
                <properties />
                <test-case id="1799" name="ScenePrefabTextureAndTwoRepresentationsBuildAndMoveAsOneDirectory" fullname="OneStarMaker.Tests.Editor.Build.BuildContentDirectoryIntegrationTests.ScenePrefabTextureAndTwoRepresentationsBuildAndMoveAsOneDirectory" methodname="ScenePrefabTextureAndTwoRepresentationsBuildAndMoveAsOneDirectory" classname="OneStarMaker.Tests.Editor.Build.BuildContentDirectoryIntegrationTests" runstate="Runnable" seed="127001081" result="Passed" start-time="2026-09-18 06:15:40Z" end-time="2026-09-18 06:16:31Z" duration="50.045655" asserts="0">
                  <properties>
                    <property name="_JOINTYPE" value="UnityCombinatorial" />
                    <property name="retryIteration" value="0" />
                    <property name="repeatIteration" value="0" />
                  </properties>
                  <output><![CDATA[Pipeline: No RuntimePipelineManager components found in build scenes. Pipeline will be disabled in Player builds.
Pipeline: No RuntimePipelineManager components found in build scenes. Pipeline will be disabled in Player builds.
[AppInit] DebugSocket configured. mode=Connect, endpoint=ws://127.0.0.1:5011/debugsocket/, autoStart=True, sendLogs=True, sendTelemetry=True.
[AppInit] AfterSceneLoad: loading UICommon.
[AppInit] AfterSceneLoad: loading SceneResourceMap.
[AppInit] Starting DebugSocket transport. mode=Connect, endpoint=ws://127.0.0.1:5011/debugsocket/, autoStart=True.
[DebugSocket] Starting outbound client transport. endpoint=ws://127.0.0.1:5011/debugsocket/
[DebugSocket] Connecting to DebugStudio server. endpoint=ws://127.0.0.1:5011/debugsocket/
[AppInit] DebugSocket transport start sequence finished. mode=Connect, isRunning=True.
[AppInit] SceneResourceMap に未登録のシーンをスキップ: 
[AppInit] SceneResourceMap に未登録のシーンをスキップ: UIScene
]]></output>
                </test-case>
              </test-suite>
              <test-suite type="TestFixture" id="1863" name="ContentDirectorySessionTests" fullname="OneStarMaker.Tests.Editor.Build.ContentDirectorySessionTests" classname="OneStarMaker.Tests.Editor.Build.ContentDirectorySessionTests" runstate="Runnable" testcasecount="3" result="Passed" start-time="2026-09-18 06:16:31Z" end-time="2026-09-18 06:16:31Z" duration="0.026690" total="3" passed="3" failed="0" inconclusive="0" skipped="0" asserts="0">
                <properties />
                <test-case id="1864" name="CancelledSceneLoad_DrainsNativeCompletionBeforeUnregister" fullname="OneStarMaker.Tests.Editor.Build.ContentDirectorySessionTests.CancelledSceneLoad_DrainsNativeCompletionBeforeUnregister" methodname="CancelledSceneLoad_DrainsNativeCompletionBeforeUnregister" classname="OneStarMaker.Tests.Editor.Build.ContentDirectorySessionTests" runstate="Runnable" seed="39989943" result="Passed" start-time="2026-09-18 06:16:31Z" end-time="2026-09-18 06:16:31Z" duration="0.015219" asserts="0">
                  <properties>
                    <property name="retryIteration" value="0" />
                    <property name="repeatIteration" value="0" />
                  </properties>
                </test-case>
                <test-case id="1865" name="InvalidRoot_RollsBackAndAllowsSamePathRetry" fullname="OneStarMaker.Tests.Editor.Build.ContentDirectorySessionTests.InvalidRoot_RollsBackAndAllowsSamePathRetry" methodname="InvalidRoot_RollsBackAndAllowsSamePathRetry" classname="OneStarMaker.Tests.Editor.Build.ContentDirectorySessionTests" runstate="Runnable" seed="1842367870" result="Passed" start-time="2026-09-18 06:16:31Z" end-time="2026-09-18 06:16:31Z" duration="0.001701" asserts="0">
                  <properties>
                    <property name="retryIteration" value="0" />
                    <property name="repeatIteration" value="0" />
                  </properties>
                </test-case>
                <test-case id="1866" name="LiveInstance_RejectsCloseUntilOwnerReleasesIt" fullname="OneStarMaker.Tests.Editor.Build.ContentDirectorySessionTests.LiveInstance_RejectsCloseUntilOwnerReleasesIt" methodname="LiveInstance_RejectsCloseUntilOwnerReleasesIt" classname="OneStarMaker.Tests.Editor.Build.ContentDirectorySessionTests" runstate="Runnable" seed="884521015" result="Passed" start-time="2026-09-18 06:16:31Z" end-time="2026-09-18 06:16:31Z" duration="0.007512" asserts="0">
                  <properties>
                    <property name="retryIteration" value="0" />
                    <property name="repeatIteration" value="0" />
                  </properties>
                  <output><![CDATA[Saving results to: C:/Users/void/AppData/LocalLow/DefaultCompany/SampleGame\TestResults.xml
]]></output>
                </test-case>
              </test-suite>
            </test-suite>
          </test-suite>
        </test-suite>
      </test-suite>
    </test-suite>
  </test-suite>
</test-run>