<?xml version="1.0" encoding="utf-8"?>
<test-run id="2" testcasecount="39" result="Passed" total="39" passed="39" failed="0" inconclusive="0" skipped="0" asserts="0" engine-version="3.5.0.0" clr-version="4.0.30319.42000" start-time="2026-09-18 06:18:34Z" end-time="2026-09-18 06:18:34Z" duration="0.2299397">
  <test-suite type="TestSuite" id="1000" name="SampleGame" fullname="SampleGame" runstate="Runnable" testcasecount="783" result="Passed" start-time="2026-09-18 06:18:34Z" end-time="2026-09-18 06:18:34Z" duration="0.229940" total="39" passed="39" failed="0" inconclusive="0" skipped="0" asserts="0">
    <properties>
      <property name="platform" value="EditMode" />
    </properties>
    <test-suite type="Assembly" id="1654" name="OneStarMaker.Tests.dll" fullname="D:/repositories/unity/SampleGameForOneStarMakerFramework/unity/Library/ScriptAssemblies/OneStarMaker.Tests.dll" runstate="Runnable" testcasecount="561" result="Passed" start-time="2026-09-18 06:18:34Z" end-time="2026-09-18 06:18:34Z" duration="0.208073" total="39" passed="39" failed="0" inconclusive="0" skipped="0" asserts="0">
      <properties>
        <property name="_PID" value="16828" />
        <property name="_APPDOMAIN" value="Unity Child Domain" />
        <property name="platform" value="EditMode" />
        <property name="EditorOnly" value="True" />
      </properties>
      <test-suite type="TestSuite" id="1655" name="OneStarMaker" fullname="OneStarMaker" runstate="Runnable" testcasecount="561" result="Passed" start-time="2026-09-18 06:18:34Z" end-time="2026-09-18 06:18:34Z" duration="0.200266" total="39" passed="39" failed="0" inconclusive="0" skipped="0" asserts="0">
        <properties />
        <test-suite type="TestSuite" id="1656" name="Tests" fullname="OneStarMaker.Tests" runstate="Runnable" testcasecount="561" result="Passed" start-time="2026-09-18 06:18:34Z" end-time="2026-09-18 06:18:34Z" duration="0.192709" total="39" passed="39" failed="0" inconclusive="0" skipped="0" asserts="0">
          <properties />
          <test-suite type="TestSuite" id="1667" name="AssetManagement" fullname="OneStarMaker.Tests.AssetManagement" runstate="Runnable" testcasecount="39" result="Passed" start-time="2026-09-18 06:18:34Z" end-time="2026-09-18 06:18:34Z" duration="0.173235" total="39" passed="39" failed="0" inconclusive="0" skipped="0" asserts="0">
            <properties />
            <test-suite type="TestFixture" id="1611" name="AssetManagementCacheTests" fullname="OneStarMaker.Tests.AssetManagement.AssetManagementCacheTests" classname="OneStarMaker.Tests.AssetManagement.AssetManagementCacheTests" runstate="Runnable" testcasecount="6" result="Passed" start-time="2026-09-18 06:18:34Z" end-time="2026-09-18 06:18:34Z" duration="0.089110" total="6" passed="6" failed="0" inconclusive="0" skipped="0" asserts="0">
              <properties />
              <test-case id="1612" name="Cache_LoadReleaseLoad_ReusesBackendWithoutRelease" fullname="OneStarMaker.Tests.AssetManagement.AssetManagementCacheTests.Cache_LoadReleaseLoad_ReusesBackendWithoutRelease" methodname="Cache_LoadReleaseLoad_ReusesBackendWithoutRelease" classname="OneStarMaker.Tests.AssetManagement.AssetManagementCacheTests" runstate="Runnable" seed="715666127" result="Passed" start-time="2026-09-18 06:18:34Z" end-time="2026-09-18 06:18:34Z" duration="0.040845" asserts="0">
                <properties>
                  <property name="_JOINTYPE" value="UnityCombinatorial" />
                  <property name="retryIteration" value="0" />
                  <property name="repeatIteration" value="0" />
                </properties>
              </test-case>
              <test-case id="1617" name="Cache_OverBudget_EvictsToBackendReleasedAssets" fullname="OneStarMaker.Tests.AssetManagement.AssetManagementCacheTests.Cache_OverBudget_EvictsToBackendReleasedAssets" methodname="Cache_OverBudget_EvictsToBackendReleasedAssets" classname="OneStarMaker.Tests.AssetManagement.AssetManagementCacheTests" runstate="Runnable" seed="332398825" result="Passed" start-time="2026-09-18 06:18:34Z" end-time="2026-09-18 06:18:34Z" duration="0.007166" asserts="0">
                <properties>
                  <property name="_JOINTYPE" value="UnityCombinatorial" />
                  <property name="retryIteration" value="0" />
                  <property name="repeatIteration" value="0" />
                </properties>
              </test-case>
              <test-case id="1614" name="InstantiateAsync_ReleasesImmediatelyWithoutCaching" fullname="OneStarMaker.Tests.AssetManagement.AssetManagementCacheTests.InstantiateAsync_ReleasesImmediatelyWithoutCaching" methodname="InstantiateAsync_ReleasesImmediatelyWithoutCaching" classname="OneStarMaker.Tests.AssetManagement.AssetManagementCacheTests" runstate="Runnable" seed="2056165732" result="Passed" start-time="2026-09-18 06:18:34Z" end-time="2026-09-18 06:18:34Z" duration="0.005785" asserts="0">
                <properties>
                  <property name="_JOINTYPE" value="UnityCombinatorial" />
                  <property name="retryIteration" value="0" />
                  <property name="repeatIteration" value="0" />
                </properties>
              </test-case>
              <test-case id="1613" name="NoCache_ReleaseImmediatelyCallsBackend" fullname="OneStarMaker.Tests.AssetManagement.AssetManagementCacheTests.NoCache_ReleaseImmediatelyCallsBackend" methodname="NoCache_ReleaseImmediatelyCallsBackend" classname="OneStarMaker.Tests.AssetManagement.AssetManagementCacheTests" runstate="Runnable" seed="471749261" result="Passed" start-time="2026-09-18 06:18:34Z" end-time="2026-09-18 06:18:34Z" duration="0.001239" asserts="0">
                <properties>
                  <property name="_JOINTYPE" value="UnityCombinatorial" />
                  <property name="retryIteration" value="0" />
                  <property name="repeatIteration" value="0" />
                </properties>
              </test-case>
              <test-case id="1616" name="ReleaseAll_ReleasesCachedAssetsViaClear" fullname="OneStarMaker.Tests.AssetManagement.AssetManagementCacheTests.ReleaseAll_ReleasesCachedAssetsViaClear" methodname="ReleaseAll_ReleasesCachedAssetsViaClear" classname="OneStarMaker.Tests.AssetManagement.AssetManagementCacheTests" runstate="Runnable" seed="1257901196" result="Passed" start-time="2026-09-18 06:18:34Z" end-time="2026-09-18 06:18:34Z" duration="0.003262" asserts="0">
                <properties>
                  <property name="_JOINTYPE" value="UnityCombinatorial" />
                  <property name="retryIteration" value="0" />
                  <property name="repeatIteration" value="0" />
                </properties>
              </test-case>
              <test-case id="1615" name="SceneOwnedAsset_StoredOnReleaseScene_AndReusedOnNextLoad" fullname="OneStarMaker.Tests.AssetManagement.AssetManagementCacheTests.SceneOwnedAsset_StoredOnReleaseScene_AndReusedOnNextLoad" methodname="SceneOwnedAsset_StoredOnReleaseScene_AndReusedOnNextLoad" classname="OneStarMaker.Tests.AssetManagement.AssetManagementCacheTests" runstate="Runnable" seed="624307190" result="Passed" start-time="2026-09-18 06:18:34Z" end-time="2026-09-18 06:18:34Z" duration="0.002646" asserts="0">
                <properties>
                  <property name="_JOINTYPE" value="UnityCombinatorial" />
                  <property name="retryIteration" value="0" />
                  <property name="repeatIteration" value="0" />
                </properties>
              </test-case>
            </test-suite>
            <test-suite type="TestFixture" id="1618" name="AssetManagementTests" fullname="OneStarMaker.Tests.AssetManagement.AssetManagementTests" classname="OneStarMaker.Tests.AssetManagement.AssetManagementTests" runstate="Runnable" testcasecount="13" result="Passed" start-time="2026-09-18 06:18:34Z" end-time="2026-09-18 06:18:34Z" duration="0.035104" total="13" passed="13" failed="0" inconclusive="0" skipped="0" asserts="0">
              <properties />
              <test-case id="1626" name="App_ReleaseAll" fullname="OneStarMaker.Tests.AssetManagement.AssetManagementTests.App_ReleaseAll" methodname="App_ReleaseAll" classname="OneStarMaker.Tests.AssetManagement.AssetManagementTests" runstate="Runnable" seed="1774719621" result="Passed" start-time="2026-09-18 06:18:34Z" end-time="2026-09-18 06:18:34Z" duration="0.001699" asserts="0">
                <properties>
                  <property name="_JOINTYPE" value="UnityCombinatorial" />
                  <property name="retryIteration" value="0" />
                  <property name="repeatIteration" value="0" />
                </properties>
              </test-case>
              <test-case id="1628" name="App_SameKey_Twice_ReleaseAll" fullname="OneStarMaker.Tests.AssetManagement.AssetManagementTests.App_SameKey_Twice_ReleaseAll" methodname="App_SameKey_Twice_ReleaseAll" classname="OneStarMaker.Tests.AssetManagement.AssetManagementTests" runstate="Runnable" seed="1846864898" result="Passed" start-time="2026-09-18 06:18:34Z" end-time="2026-09-18 06:18:34Z" duration="0.001426" asserts="0">
                <properties>
                  <property name="_JOINTYPE" value="UnityCombinatorial" />
                  <property name="retryIteration" value="0" />
                  <property name="repeatIteration" value="0" />
                </properties>
              </test-case>
              <test-case id="1620" name="Asset_Dedup_AcrossOwners" fullname="OneStarMaker.Tests.AssetManagement.AssetManagementTests.Asset_Dedup_AcrossOwners" methodname="Asset_Dedup_AcrossOwners" classname="OneStarMaker.Tests.AssetManagement.AssetManagementTests" runstate="Runnable" seed="1563249454" result="Passed" start-time="2026-09-18 06:18:34Z" end-time="2026-09-18 06:18:34Z" duration="0.001367" asserts="0">
                <properties>
                  <property name="_JOINTYPE" value="UnityCombinatorial" />
                  <property name="retryIteration" value="0" />
                  <property name="repeatIteration" value="0" />
                </properties>
              </test-case>
              <test-case id="1619" name="Asset_Load_Dedup" fullname="OneStarMaker.Tests.AssetManagement.AssetManagementTests.Asset_Load_Dedup" methodname="Asset_Load_Dedup" classname="OneStarMaker.Tests.AssetManagement.AssetManagementTests" runstate="Runnable" seed="267540089" result="Passed" start-time="2026-09-18 06:18:34Z" end-time="2026-09-18 06:18:34Z" duration="0.001322" asserts="0">
                <properties>
                  <property name="_JOINTYPE" value="UnityCombinatorial" />
                  <property name="retryIteration" value="0" />
                  <property name="repeatIteration" value="0" />
                </properties>
              </test-case>
              <test-case id="1621" name="Asset_Variant_Distinct" fullname="OneStarMaker.Tests.AssetManagement.AssetManagementTests.Asset_Variant_Distinct" methodname="Asset_Variant_Distinct" classname="OneStarMaker.Tests.AssetManagement.AssetManagementTests" runstate="Runnable" seed="1518926135" result="Passed" start-time="2026-09-18 06:18:34Z" end-time="2026-09-18 06:18:34Z" duration="0.002857" asserts="0">
                <properties>
                  <property name="_JOINTYPE" value="UnityCombinatorial" />
                  <property name="retryIteration" value="0" />
                  <property name="repeatIteration" value="0" />
                </properties>
              </test-case>
              <test-case id="1630" name="InstantiateAsync_ReleasesOnGameObjectDestroy" fullname="OneStarMaker.Tests.AssetManagement.AssetManagementTests.InstantiateAsync_ReleasesOnGameObjectDestroy" methodname="InstantiateAsync_ReleasesOnGameObjectDestroy" classname="OneStarMaker.Tests.AssetManagement.AssetManagementTests" runstate="Runnable" seed="1843157498" result="Passed" start-time="2026-09-18 06:18:34Z" end-time="2026-09-18 06:18:34Z" duration="0.001741" asserts="0">
                <properties>
                  <property name="_JOINTYPE" value="UnityCombinatorial" />
                  <property name="retryIteration" value="0" />
                  <property name="repeatIteration" value="0" />
                </properties>
              </test-case>
              <test-case id="1631" name="Manual_Release" fullname="OneStarMaker.Tests.AssetManagement.AssetManagementTests.Manual_Release" methodname="Manual_Release" classname="OneStarMaker.Tests.AssetManagement.AssetManagementTests" runstate="Runnable" seed="514300808" result="Passed" start-time="2026-09-18 06:18:34Z" end-time="2026-09-18 06:18:34Z" duration="0.001849" asserts="0">
                <properties>
                  <property name="_JOINTYPE" value="UnityCombinatorial" />
                  <property name="retryIteration" value="0" />
                  <property name="repeatIteration" value="0" />
                </properties>
              </test-case>
              <test-case id="1622" name="Scene_Load_Unload" fullname="OneStarMaker.Tests.AssetManagement.AssetManagementTests.Scene_Load_Unload" methodname="Scene_Load_Unload" classname="OneStarMaker.Tests.AssetManagement.AssetManagementTests" runstate="Runnable" seed="1330150909" result="Passed" start-time="2026-09-18 06:18:34Z" end-time="2026-09-18 06:18:34Z" duration="0.007241" asserts="0">
                <properties>
                  <property name="_JOINTYPE" value="UnityCombinatorial" />
                  <property name="retryIteration" value="0" />
                  <property name="repeatIteration" value="0" />
                </properties>
              </test-case>
              <test-case id="1629" name="Scene_Release_Scoped" fullname="OneStarMaker.Tests.AssetManagement.AssetManagementTests.Scene_Release_Scoped" methodname="Scene_Release_Scoped" classname="OneStarMaker.Tests.AssetManagement.AssetManagementTests" runstate="Runnable" seed="64652676" result="Passed" start-time="2026-09-18 06:18:34Z" end-time="2026-09-18 06:18:34Z" duration="0.001527" asserts="0">
                <properties>
                  <property name="_JOINTYPE" value="UnityCombinatorial" />
                  <property name="retryIteration" value="0" />
                  <property name="repeatIteration" value="0" />
                </properties>
              </test-case>
              <test-case id="1625" name="Scene_ReleaseAll_SkipsBackendUnload_AndReleasesAssets" fullname="OneStarMaker.Tests.AssetManagement.AssetManagementTests.Scene_ReleaseAll_SkipsBackendUnload_AndReleasesAssets" methodname="Scene_ReleaseAll_SkipsBackendUnload_AndReleasesAssets" classname="OneStarMaker.Tests.AssetManagement.AssetManagementTests" runstate="Runnable" seed="1553055822" result="Passed" start-time="2026-09-18 06:18:34Z" end-time="2026-09-18 06:18:34Z" duration="0.002117" asserts="0">
                <properties>
                  <property name="_JOINTYPE" value="UnityCombinatorial" />
                  <property name="retryIteration" value="0" />
                  <property name="repeatIteration" value="0" />
                </properties>
              </test-case>
              <test-case id="1624" name="Scene_ReleaseScene_WhileStillLoaded_Throws" fullname="OneStarMaker.Tests.AssetManagement.AssetManagementTests.Scene_ReleaseScene_WhileStillLoaded_Throws" methodname="Scene_ReleaseScene_WhileStillLoaded_Throws" classname="OneStarMaker.Tests.AssetManagement.AssetManagementTests" runstate="Runnable" seed="1720315775" result="Passed" start-time="2026-09-18 06:18:34Z" end-time="2026-09-18 06:18:34Z" duration="0.002446" asserts="0">
                <properties>
                  <property name="_JOINTYPE" value="UnityCombinatorial" />
                  <property name="retryIteration" value="0" />
                  <property name="repeatIteration" value="0" />
                </properties>
              </test-case>
              <test-case id="1627" name="Scene_SameKey_Twice_FullyReleased" fullname="OneStarMaker.Tests.AssetManagement.AssetManagementTests.Scene_SameKey_Twice_FullyReleased" methodname="Scene_SameKey_Twice_FullyReleased" classname="OneStarMaker.Tests.AssetManagement.AssetManagementTests" runstate="Runnable" seed="150313677" result="Passed" start-time="2026-09-18 06:18:34Z" end-time="2026-09-18 06:18:34Z" duration="0.001590" asserts="0">
                <properties>
                  <property name="_JOINTYPE" value="UnityCombinatorial" />
                  <property name="retryIteration" value="0" />
                  <property name="repeatIteration" value="0" />
                </properties>
              </test-case>
              <test-case id="1623" name="Scene_Unload_Then_ReleaseScene_DoesNotUnloadAgain" fullname="OneStarMaker.Tests.AssetManagement.AssetManagementTests.Scene_Unload_Then_ReleaseScene_DoesNotUnloadAgain" methodname="Scene_Unload_Then_ReleaseScene_DoesNotUnloadAgain" classname="OneStarMaker.Tests.AssetManagement.AssetManagementTests" runstate="Runnable" seed="902956124" result="Passed" start-time="2026-09-18 06:18:34Z" end-time="2026-09-18 06:18:34Z" duration="0.001477" asserts="0">
                <properties>
                  <property name="_JOINTYPE" value="UnityCombinatorial" />
                  <property name="retryIteration" value="0" />
                  <property name="repeatIteration" value="0" />
                </properties>
              </test-case>
            </test-suite>
            <test-suite type="TestFixture" id="1632" name="AssetOwnerLookupTests" fullname="OneStarMaker.Tests.AssetManagement.AssetOwnerLookupTests" classname="OneStarMaker.Tests.AssetManagement.AssetOwnerLookupTests" runstate="Runnable" testcasecount="10" result="Passed" start-time="2026-09-18 06:18:34Z" end-time="2026-09-18 06:18:34Z" duration="0.030793" total="10" passed="10" failed="0" inconclusive="0" skipped="0" asserts="0">
              <properties />
              <test-case id="1637" name="DescriptionKey_GetOwnedAssets_ReturnsKeyWithoutThrowing" fullname="OneStarMaker.Tests.AssetManagement.AssetOwnerLookupTests.DescriptionKey_GetOwnedAssets_ReturnsKeyWithoutThrowing" methodname="DescriptionKey_GetOwnedAssets_ReturnsKeyWithoutThrowing" classname="OneStarMaker.Tests.AssetManagement.AssetOwnerLookupTests" runstate="Runnable" seed="2029327175" result="Passed" start-time="2026-09-18 06:18:34Z" end-time="2026-09-18 06:18:34Z" duration="0.006684" asserts="0">
                <properties>
                  <property name="_JOINTYPE" value="UnityCombinatorial" />
                  <property name="retryIteration" value="0" />
                  <property name="repeatIteration" value="0" />
                </properties>
              </test-case>
              <test-case id="1634" name="GameObjectOwner_GetOwnersAndDestroyRelease" fullname="OneStarMaker.Tests.AssetManagement.AssetOwnerLookupTests.GameObjectOwner_GetOwnersAndDestroyRelease" methodname="GameObjectOwner_GetOwnersAndDestroyRelease" classname="OneStarMaker.Tests.AssetManagement.AssetOwnerLookupTests" runstate="Runnable" seed="2119741119" result="Passed" start-time="2026-09-18 06:18:34Z" end-time="2026-09-18 06:18:34Z" duration="0.003570" asserts="0">
                <properties>
                  <property name="_JOINTYPE" value="UnityCombinatorial" />
                  <property name="retryIteration" value="0" />
                  <property name="repeatIteration" value="0" />
                </properties>
              </test-case>
              <test-case id="1639" name="InstantiatedAsset_GetOwnedAssets_ReturnsSourcePrefabKey" fullname="OneStarMaker.Tests.AssetManagement.AssetOwnerLookupTests.InstantiatedAsset_GetOwnedAssets_ReturnsSourcePrefabKey" methodname="InstantiatedAsset_GetOwnedAssets_ReturnsSourcePrefabKey" classname="OneStarMaker.Tests.AssetManagement.AssetOwnerLookupTests" runstate="Runnable" seed="564534989" result="Passed" start-time="2026-09-18 06:18:34Z" end-time="2026-09-18 06:18:34Z" duration="0.001509" asserts="0">
                <properties>
                  <property name="_JOINTYPE" value="UnityCombinatorial" />
                  <property name="retryIteration" value="0" />
                  <property name="repeatIteration" value="0" />
                </properties>
              </test-case>
              <test-case id="1638" name="MixedKeyForms_GetOwnedAssets_ReturnsBoth" fullname="OneStarMaker.Tests.AssetManagement.AssetOwnerLookupTests.MixedKeyForms_GetOwnedAssets_ReturnsBoth" methodname="MixedKeyForms_GetOwnedAssets_ReturnsBoth" classname="OneStarMaker.Tests.AssetManagement.AssetOwnerLookupTests" runstate="Runnable" seed="1953275349" result="Passed" start-time="2026-09-18 06:18:34Z" end-time="2026-09-18 06:18:34Z" duration="0.002396" asserts="0">
                <properties>
                  <property name="_JOINTYPE" value="UnityCombinatorial" />
                  <property name="retryIteration" value="0" />
                  <property name="repeatIteration" value="0" />
                </properties>
              </test-case>
              <test-case id="1642" name="ReleaseHandle_AppSyncLoad_RemovesAppOwner" fullname="OneStarMaker.Tests.AssetManagement.AssetOwnerLookupTests.ReleaseHandle_AppSyncLoad_RemovesAppOwner" methodname="ReleaseHandle_AppSyncLoad_RemovesAppOwner" classname="OneStarMaker.Tests.AssetManagement.AssetOwnerLookupTests" runstate="Runnable" seed="409194130" result="Passed" start-time="2026-09-18 06:18:34Z" end-time="2026-09-18 06:18:34Z" duration="0.001659" asserts="0">
                <properties>
                  <property name="_JOINTYPE" value="UnityCombinatorial" />
                  <property name="retryIteration" value="0" />
                  <property name="repeatIteration" value="0" />
                </properties>
              </test-case>
              <test-case id="1640" name="ReleaseHandle_NonManualOwner_RemovesThatOwner" fullname="OneStarMaker.Tests.AssetManagement.AssetOwnerLookupTests.ReleaseHandle_NonManualOwner_RemovesThatOwner" methodname="ReleaseHandle_NonManualOwner_RemovesThatOwner" classname="OneStarMaker.Tests.AssetManagement.AssetOwnerLookupTests" runstate="Runnable" seed="657530519" result="Passed" start-time="2026-09-18 06:18:34Z" end-time="2026-09-18 06:18:34Z" duration="0.001295" asserts="0">
                <properties>
                  <property name="_JOINTYPE" value="UnityCombinatorial" />
                  <property name="retryIteration" value="0" />
                  <property name="repeatIteration" value="0" />
                </properties>
              </test-case>
              <test-case id="1641" name="ReleaseHandle_SharedKey_RemovesOnlyOwnHandleOwner" fullname="OneStarMaker.Tests.AssetManagement.AssetOwnerLookupTests.ReleaseHandle_SharedKey_RemovesOnlyOwnHandleOwner" methodname="ReleaseHandle_SharedKey_RemovesOnlyOwnHandleOwner" classname="OneStarMaker.Tests.AssetManagement.AssetOwnerLookupTests" runstate="Runnable" seed="1902607632" result="Passed" start-time="2026-09-18 06:18:34Z" end-time="2026-09-18 06:18:34Z" duration="0.001679" asserts="0">
                <properties>
                  <property name="_JOINTYPE" value="UnityCombinatorial" />
                  <property name="retryIteration" value="0" />
                  <property name="repeatIteration" value="0" />
                </properties>
              </test-case>
              <test-case id="1635" name="SameOwner_DoubleAcquire_PartialRelease" fullname="OneStarMaker.Tests.AssetManagement.AssetOwnerLookupTests.SameOwner_DoubleAcquire_PartialRelease" methodname="SameOwner_DoubleAcquire_PartialRelease" classname="OneStarMaker.Tests.AssetManagement.AssetOwnerLookupTests" runstate="Runnable" seed="189217099" result="Passed" start-time="2026-09-18 06:18:34Z" end-time="2026-09-18 06:18:34Z" duration="0.001570" asserts="0">
                <properties>
                  <property name="_JOINTYPE" value="UnityCombinatorial" />
                  <property name="retryIteration" value="0" />
                  <property name="repeatIteration" value="0" />
                </properties>
              </test-case>
              <test-case id="1633" name="SceneOwner_GetOwnersAndReleaseScene" fullname="OneStarMaker.Tests.AssetManagement.AssetOwnerLookupTests.SceneOwner_GetOwnersAndReleaseScene" methodname="SceneOwner_GetOwnersAndReleaseScene" classname="OneStarMaker.Tests.AssetManagement.AssetOwnerLookupTests" runstate="Runnable" seed="912154436" result="Passed" start-time="2026-09-18 06:18:34Z" end-time="2026-09-18 06:18:34Z" duration="0.002437" asserts="0">
                <properties>
                  <property name="_JOINTYPE" value="UnityCombinatorial" />
                  <property name="retryIteration" value="0" />
                  <property name="repeatIteration" value="0" />
                </properties>
              </test-case>
              <test-case id="1636" name="UnloadedKey_GetOwners_ReturnsEmptyList" fullname="OneStarMaker.Tests.AssetManagement.AssetOwnerLookupTests.UnloadedKey_GetOwners_ReturnsEmptyList" methodname="UnloadedKey_GetOwners_ReturnsEmptyList" classname="OneStarMaker.Tests.AssetManagement.AssetOwnerLookupTests" runstate="Runnable" seed="1545002110" result="Passed" start-time="2026-09-18 06:18:34Z" end-time="2026-09-18 06:18:34Z" duration="0.002935" asserts="0">
                <properties>
                  <property name="_JOINTYPE" value="UnityCombinatorial" />
                  <property name="retryIteration" value="0" />
                  <property name="repeatIteration" value="0" />
                </properties>
              </test-case>
            </test-suite>
            <test-suite type="TestFixture" id="1643" name="AssetResidentCacheTests" fullname="OneStarMaker.Tests.AssetManagement.AssetResidentCacheTests" classname="OneStarMaker.Tests.AssetManagement.AssetResidentCacheTests" runstate="Runnable" testcasecount="10" result="Passed" start-time="2026-09-18 06:18:34Z" end-time="2026-09-18 06:18:34Z" duration="0.013443" total="10" passed="10" failed="0" inconclusive="0" skipped="0" asserts="0">
              <properties />
              <test-case id="1653" name="Clear_ReleasesAllEntries_AndResidentBytesBecomeZero" fullname="OneStarMaker.Tests.AssetManagement.AssetResidentCacheTests.Clear_ReleasesAllEntries_AndResidentBytesBecomeZero" methodname="Clear_ReleasesAllEntries_AndResidentBytesBecomeZero" classname="OneStarMaker.Tests.AssetManagement.AssetResidentCacheTests" runstate="Runnable" seed="576574646" result="Passed" start-time="2026-09-18 06:18:34Z" end-time="2026-09-18 06:18:34Z" duration="0.003732" asserts="0">
                <properties>
                  <property name="retryIteration" value="0" />
                  <property name="repeatIteration" value="0" />
                </properties>
              </test-case>
              <test-case id="1652" name="Store_InvalidAsset_ReleasesImmediately_AndDoesNotCache" fullname="OneStarMaker.Tests.AssetManagement.AssetResidentCacheTests.Store_InvalidAsset_ReleasesImmediately_AndDoesNotCache" methodname="Store_InvalidAsset_ReleasesImmediately_AndDoesNotCache" classname="OneStarMaker.Tests.AssetManagement.AssetResidentCacheTests" runstate="Runnable" seed="139246103" result="Passed" start-time="2026-09-18 06:18:34Z" end-time="2026-09-18 06:18:34Z" duration="0.000626" asserts="0">
                <properties>
                  <property name="retryIteration" value="0" />
                  <property name="repeatIteration" value="0" />
                </properties>
              </test-case>
              <test-case id="1646" name="Store_OverBudget_EvictsLowestEffectiveFrequencyEntry" fullname="OneStarMaker.Tests.AssetManagement.AssetResidentCacheTests.Store_OverBudget_EvictsLowestEffectiveFrequencyEntry" methodname="Store_OverBudget_EvictsLowestEffectiveFrequencyEntry" classname="OneStarMaker.Tests.AssetManagement.AssetResidentCacheTests" runstate="Runnable" seed="379488438" result="Passed" start-time="2026-09-18 06:18:34Z" end-time="2026-09-18 06:18:34Z" duration="0.000561" asserts="0">
                <properties>
                  <property name="retryIteration" value="0" />
                  <property name="repeatIteration" value="0" />
                </properties>
              </test-case>
              <test-case id="1649" name="Store_OverBudget_EvictsOnlyMatchingAssetType" fullname="OneStarMaker.Tests.AssetManagement.AssetResidentCacheTests.Store_OverBudget_EvictsOnlyMatchingAssetType" methodname="Store_OverBudget_EvictsOnlyMatchingAssetType" classname="OneStarMaker.Tests.AssetManagement.AssetResidentCacheTests" runstate="Runnable" seed="2139669568" result="Passed" start-time="2026-09-18 06:18:34Z" end-time="2026-09-18 06:18:34Z" duration="0.000399" asserts="0">
                <properties>
                  <property name="retryIteration" value="0" />
                  <property name="repeatIteration" value="0" />
                </properties>
              </test-case>
              <test-case id="1647" name="Store_OverBudget_TimeDecay_KeepsRecentlyAccessedEntry" fullname="OneStarMaker.Tests.AssetManagement.AssetResidentCacheTests.Store_OverBudget_TimeDecay_KeepsRecentlyAccessedEntry" methodname="Store_OverBudget_TimeDecay_KeepsRecentlyAccessedEntry" classname="OneStarMaker.Tests.AssetManagement.AssetResidentCacheTests" runstate="Runnable" seed="816111857" result="Passed" start-time="2026-09-18 06:18:34Z" end-time="2026-09-18 06:18:34Z" duration="0.000818" asserts="0">
                <properties>
                  <property name="retryIteration" value="0" />
                  <property name="repeatIteration" value="0" />
                </properties>
              </test-case>
              <test-case id="1651" name="Store_SingleAssetOverBudget_IsReleasedImmediately" fullname="OneStarMaker.Tests.AssetManagement.AssetResidentCacheTests.Store_SingleAssetOverBudget_IsReleasedImmediately" methodname="Store_SingleAssetOverBudget_IsReleasedImmediately" classname="OneStarMaker.Tests.AssetManagement.AssetResidentCacheTests" runstate="Runnable" seed="173645917" result="Passed" start-time="2026-09-18 06:18:34Z" end-time="2026-09-18 06:18:34Z" duration="0.000535" asserts="0">
                <properties>
                  <property name="retryIteration" value="0" />
                  <property name="repeatIteration" value="0" />
                </properties>
              </test-case>
              <test-case id="1644" name="Store_Then_TryTake_Hit_ReturnsSameBackend_AndHitCountIsOne" fullname="OneStarMaker.Tests.AssetManagement.AssetResidentCacheTests.Store_Then_TryTake_Hit_ReturnsSameBackend_AndHitCountIsOne" methodname="Store_Then_TryTake_Hit_ReturnsSameBackend_AndHitCountIsOne" classname="OneStarMaker.Tests.AssetManagement.AssetResidentCacheTests" runstate="Runnable" seed="1578694753" result="Passed" start-time="2026-09-18 06:18:34Z" end-time="2026-09-18 06:18:34Z" duration="0.000425" asserts="0">
                <properties>
                  <property name="retryIteration" value="0" />
                  <property name="repeatIteration" value="0" />
                </properties>
              </test-case>
              <test-case id="1648" name="Store_TryTake_Store_CarriesAccessCount_AndPrefersOverNewcomer" fullname="OneStarMaker.Tests.AssetManagement.AssetResidentCacheTests.Store_TryTake_Store_CarriesAccessCount_AndPrefersOverNewcomer" methodname="Store_TryTake_Store_CarriesAccessCount_AndPrefersOverNewcomer" classname="OneStarMaker.Tests.AssetManagement.AssetResidentCacheTests" runstate="Runnable" seed="2022360664" result="Passed" start-time="2026-09-18 06:18:34Z" end-time="2026-09-18 06:18:34Z" duration="0.000464" asserts="0">
                <properties>
                  <property name="retryIteration" value="0" />
                  <property name="repeatIteration" value="0" />
                </properties>
              </test-case>
              <test-case id="1650" name="Store_ZeroBudgetType_ReleasesImmediately_WithoutEvictionCount" fullname="OneStarMaker.Tests.AssetManagement.AssetResidentCacheTests.Store_ZeroBudgetType_ReleasesImmediately_WithoutEvictionCount" methodname="Store_ZeroBudgetType_ReleasesImmediately_WithoutEvictionCount" classname="OneStarMaker.Tests.AssetManagement.AssetResidentCacheTests" runstate="Runnable" seed="28396895" result="Passed" start-time="2026-09-18 06:18:34Z" end-time="2026-09-18 06:18:34Z" duration="0.000367" asserts="0">
                <properties>
                  <property name="retryIteration" value="0" />
                  <property name="repeatIteration" value="0" />
                </properties>
              </test-case>
              <test-case id="1645" name="TryTake_Miss_IncreasesMissCount" fullname="OneStarMaker.Tests.AssetManagement.AssetResidentCacheTests.TryTake_Miss_IncreasesMissCount" methodname="TryTake_Miss_IncreasesMissCount" classname="OneStarMaker.Tests.AssetManagement.AssetResidentCacheTests" runstate="Runnable" seed="1085143965" result="Passed" start-time="2026-09-18 06:18:34Z" end-time="2026-09-18 06:18:34Z" duration="0.000351" asserts="0">
                <properties>
                  <property name="retryIteration" value="0" />
                  <property name="repeatIteration" value="0" />
                </properties>
                <output><![CDATA[Saving results to: C:/Users/void/AppData/LocalLow/DefaultCompany/SampleGame\TestResults.xml
]]></output>
              </test-case>
            </test-suite>
          </test-suite>
        </test-suite>
      </test-suite>
    </test-suite>
  </test-suite>
</test-run>