<?xml version="1.0" encoding="utf-8"?>
<test-run id="2" testcasecount="688" result="Passed" total="688" passed="688" failed="0" inconclusive="0" skipped="0" asserts="0" engine-version="3.5.0.0" clr-version="4.0.30319.42000" start-time="2026-09-14 06:23:21Z" end-time="2026-09-14 06:27:09Z" duration="227.3267706">
  <test-suite type="TestSuite" id="1000" name="SampleGame" fullname="SampleGame" runstate="Runnable" testcasecount="688" result="Passed" start-time="2026-09-14 06:23:21Z" end-time="2026-09-14 06:27:09Z" duration="227.326771" total="688" passed="688" failed="0" inconclusive="0" skipped="0" asserts="0">
    <properties>
      <property name="platform" value="EditMode" />
    </properties>
    <test-suite type="Assembly" id="1012" name="CD0Spike.Tests.Editor.dll" fullname="D:/repositories/unity/SampleGameForOneStarMakerFramework/unity/Library/ScriptAssemblies/CD0Spike.Tests.Editor.dll" runstate="Runnable" testcasecount="9" result="Passed" start-time="2026-09-14 06:23:21Z" end-time="2026-09-14 06:23:22Z" duration="0.053350" total="9" passed="9" failed="0" inconclusive="0" skipped="0" asserts="0">
      <properties>
        <property name="_PID" value="23080" />
        <property name="_APPDOMAIN" value="Unity Child Domain" />
        <property name="platform" value="EditMode" />
        <property name="EditorOnly" value="True" />
      </properties>
      <test-suite type="TestSuite" id="1013" name="CD0Spike" fullname="CD0Spike" runstate="Runnable" testcasecount="9" result="Passed" start-time="2026-09-14 06:23:21Z" end-time="2026-09-14 06:23:22Z" duration="0.052176" total="9" passed="9" failed="0" inconclusive="0" skipped="0" asserts="0">
        <properties />
        <test-suite type="TestSuite" id="1014" name="Tests" fullname="CD0Spike.Tests" runstate="Runnable" testcasecount="9" result="Passed" start-time="2026-09-14 06:23:21Z" end-time="2026-09-14 06:23:22Z" duration="0.051505" total="9" passed="9" failed="0" inconclusive="0" skipped="0" asserts="0">
          <properties />
          <test-suite type="TestFixture" id="1001" name="Cd0ArtifactInventoryTests" fullname="CD0Spike.Tests.Cd0ArtifactInventoryTests" classname="CD0Spike.Tests.Cd0ArtifactInventoryTests" runstate="Runnable" testcasecount="3" result="Passed" start-time="2026-09-14 06:23:21Z" end-time="2026-09-14 06:23:21Z" duration="0.040935" total="3" passed="3" failed="0" inconclusive="0" skipped="0" asserts="0">
            <properties />
            <test-case id="1004" name="FindPlayerHostRoot_RequiresExactDirectoryChain" fullname="CD0Spike.Tests.Cd0ArtifactInventoryTests.FindPlayerHostRoot_RequiresExactDirectoryChain" methodname="FindPlayerHostRoot_RequiresExactDirectoryChain" classname="CD0Spike.Tests.Cd0ArtifactInventoryTests" runstate="Runnable" seed="336916503" result="Passed" start-time="2026-09-14 06:23:21Z" end-time="2026-09-14 06:23:21Z" duration="0.018140" asserts="0">
              <properties>
                <property name="retryIteration" value="0" />
                <property name="repeatIteration" value="0" />
              </properties>
            </test-case>
            <test-case id="1002" name="IsContained_AcceptsRootAndDescendant" fullname="CD0Spike.Tests.Cd0ArtifactInventoryTests.IsContained_AcceptsRootAndDescendant" methodname="IsContained_AcceptsRootAndDescendant" classname="CD0Spike.Tests.Cd0ArtifactInventoryTests" runstate="Runnable" seed="229581726" result="Passed" start-time="2026-09-14 06:23:21Z" end-time="2026-09-14 06:23:21Z" duration="0.000994" asserts="0">
              <properties>
                <property name="retryIteration" value="0" />
                <property name="repeatIteration" value="0" />
              </properties>
            </test-case>
            <test-case id="1003" name="IsContained_RejectsPrefixConfusionAndParentTraversal" fullname="CD0Spike.Tests.Cd0ArtifactInventoryTests.IsContained_RejectsPrefixConfusionAndParentTraversal" methodname="IsContained_RejectsPrefixConfusionAndParentTraversal" classname="CD0Spike.Tests.Cd0ArtifactInventoryTests" runstate="Runnable" seed="1137375229" result="Passed" start-time="2026-09-14 06:23:21Z" end-time="2026-09-14 06:23:21Z" duration="0.000661" asserts="0">
              <properties>
                <property name="retryIteration" value="0" />
                <property name="repeatIteration" value="0" />
              </properties>
            </test-case>
          </test-suite>
          <test-suite type="TestFixture" id="1005" name="Cd0RunLedgerTests" fullname="CD0Spike.Tests.Cd0RunLedgerTests" classname="CD0Spike.Tests.Cd0RunLedgerTests" runstate="Runnable" testcasecount="6" result="Passed" start-time="2026-09-14 06:23:21Z" end-time="2026-09-14 06:23:22Z" duration="0.008451" total="6" passed="6" failed="0" inconclusive="0" skipped="0" asserts="0">
            <properties />
            <test-case id="1007" name="AbandonedOperation_DrainsBeforeRetryWithoutAcceptingResult" fullname="CD0Spike.Tests.Cd0RunLedgerTests.AbandonedOperation_DrainsBeforeRetryWithoutAcceptingResult" methodname="AbandonedOperation_DrainsBeforeRetryWithoutAcceptingResult" classname="CD0Spike.Tests.Cd0RunLedgerTests" runstate="Runnable" seed="784692208" result="Passed" start-time="2026-09-14 06:23:21Z" end-time="2026-09-14 06:23:21Z" duration="0.000739" asserts="0">
              <properties>
                <property name="retryIteration" value="0" />
                <property name="repeatIteration" value="0" />
              </properties>
            </test-case>
            <test-case id="1009" name="CleanupBeforeTerminalEvent_IsRejected" fullname="CD0Spike.Tests.Cd0RunLedgerTests.CleanupBeforeTerminalEvent_IsRejected" methodname="CleanupBeforeTerminalEvent_IsRejected" classname="CD0Spike.Tests.Cd0RunLedgerTests" runstate="Runnable" seed="1044720578" result="Passed" start-time="2026-09-14 06:23:21Z" end-time="2026-09-14 06:23:22Z" duration="0.003229" asserts="0">
              <properties>
                <property name="retryIteration" value="0" />
                <property name="repeatIteration" value="0" />
              </properties>
            </test-case>
            <test-case id="1011" name="CleanupFailure_BlocksRetryAndCannotBecomeSuccess" fullname="CD0Spike.Tests.Cd0RunLedgerTests.CleanupFailure_BlocksRetryAndCannotBecomeSuccess" methodname="CleanupFailure_BlocksRetryAndCannotBecomeSuccess" classname="CD0Spike.Tests.Cd0RunLedgerTests" runstate="Runnable" seed="1572154761" result="Passed" start-time="2026-09-14 06:23:22Z" end-time="2026-09-14 06:23:22Z" duration="0.000496" asserts="0">
              <properties>
                <property name="retryIteration" value="0" />
                <property name="repeatIteration" value="0" />
              </properties>
            </test-case>
            <test-case id="1006" name="CompletedSuccess_IsAcceptedUntilAbandoned" fullname="CD0Spike.Tests.Cd0RunLedgerTests.CompletedSuccess_IsAcceptedUntilAbandoned" methodname="CompletedSuccess_IsAcceptedUntilAbandoned" classname="CD0Spike.Tests.Cd0RunLedgerTests" runstate="Runnable" seed="1198258149" result="Passed" start-time="2026-09-14 06:23:22Z" end-time="2026-09-14 06:23:22Z" duration="0.000192" asserts="0">
              <properties>
                <property name="retryIteration" value="0" />
                <property name="repeatIteration" value="0" />
              </properties>
            </test-case>
            <test-case id="1010" name="DuplicateCleanup_IsRejected" fullname="CD0Spike.Tests.Cd0RunLedgerTests.DuplicateCleanup_IsRejected" methodname="DuplicateCleanup_IsRejected" classname="CD0Spike.Tests.Cd0RunLedgerTests" runstate="Runnable" seed="1210947743" result="Passed" start-time="2026-09-14 06:23:22Z" end-time="2026-09-14 06:23:22Z" duration="0.000287" asserts="0">
              <properties>
                <property name="retryIteration" value="0" />
                <property name="repeatIteration" value="0" />
              </properties>
            </test-case>
            <test-case id="1008" name="StaleGeneration_CannotMutateCurrentRun" fullname="CD0Spike.Tests.Cd0RunLedgerTests.StaleGeneration_CannotMutateCurrentRun" methodname="StaleGeneration_CannotMutateCurrentRun" classname="CD0Spike.Tests.Cd0RunLedgerTests" runstate="Runnable" seed="134166043" result="Passed" start-time="2026-09-14 06:23:22Z" end-time="2026-09-14 06:23:22Z" duration="0.000350" asserts="0">
              <properties>
                <property name="retryIteration" value="0" />
                <property name="repeatIteration" value="0" />
              </properties>
            </test-case>
          </test-suite>
        </test-suite>
      </test-suite>
    </test-suite>
    <test-suite type="Assembly" id="1661" name="OneStarMaker.Tests.dll" fullname="D:/repositories/unity/SampleGameForOneStarMakerFramework/unity/Library/ScriptAssemblies/OneStarMaker.Tests.dll" runstate="Runnable" testcasecount="556" result="Passed" start-time="2026-09-14 06:23:22Z" end-time="2026-09-14 06:23:24Z" duration="2.060284" total="556" passed="556" failed="0" inconclusive="0" skipped="0" asserts="0">
      <properties>
        <property name="_PID" value="23080" />
        <property name="_APPDOMAIN" value="Unity Child Domain" />
        <property name="platform" value="EditMode" />
        <property name="EditorOnly" value="True" />
      </properties>
      <test-suite type="TestSuite" id="1662" name="OneStarMaker" fullname="OneStarMaker" runstate="Runnable" testcasecount="556" result="Passed" start-time="2026-09-14 06:23:22Z" end-time="2026-09-14 06:23:24Z" duration="2.052380" total="556" passed="556" failed="0" inconclusive="0" skipped="0" asserts="0">
        <properties />
        <test-suite type="TestSuite" id="1663" name="Tests" fullname="OneStarMaker.Tests" runstate="Runnable" testcasecount="556" result="Passed" start-time="2026-09-14 06:23:22Z" end-time="2026-09-14 06:23:24Z" duration="2.044389" total="556" passed="556" failed="0" inconclusive="0" skipped="0" asserts="0">
          <properties />
          <test-suite type="TestSuite" id="1673" name="AssetManagement" fullname="OneStarMaker.Tests.AssetManagement" runstate="Runnable" testcasecount="39" result="Passed" start-time="2026-09-14 06:23:22Z" end-time="2026-09-14 06:23:22Z" duration="0.151469" total="39" passed="39" failed="0" inconclusive="0" skipped="0" asserts="0">
            <properties />
            <test-suite type="TestFixture" id="1618" name="AssetManagementCacheTests" fullname="OneStarMaker.Tests.AssetManagement.AssetManagementCacheTests" classname="OneStarMaker.Tests.AssetManagement.AssetManagementCacheTests" runstate="Runnable" testcasecount="6" result="Passed" start-time="2026-09-14 06:23:22Z" end-time="2026-09-14 06:23:22Z" duration="0.054849" total="6" passed="6" failed="0" inconclusive="0" skipped="0" asserts="0">
              <properties />
              <test-case id="1619" name="Cache_LoadReleaseLoad_ReusesBackendWithoutRelease" fullname="OneStarMaker.Tests.AssetManagement.AssetManagementCacheTests.Cache_LoadReleaseLoad_ReusesBackendWithoutRelease" methodname="Cache_LoadReleaseLoad_ReusesBackendWithoutRelease" classname="OneStarMaker.Tests.AssetManagement.AssetManagementCacheTests" runstate="Runnable" seed="145211144" result="Passed" start-time="2026-09-14 06:23:22Z" end-time="2026-09-14 06:23:22Z" duration="0.029142" asserts="0">
                <properties>
                  <property name="_JOINTYPE" value="UnityCombinatorial" />
                  <property name="retryIteration" value="0" />
                  <property name="repeatIteration" value="0" />
                </properties>
              </test-case>
              <test-case id="1624" name="Cache_OverBudget_EvictsToBackendReleasedAssets" fullname="OneStarMaker.Tests.AssetManagement.AssetManagementCacheTests.Cache_OverBudget_EvictsToBackendReleasedAssets" methodname="Cache_OverBudget_EvictsToBackendReleasedAssets" classname="OneStarMaker.Tests.AssetManagement.AssetManagementCacheTests" runstate="Runnable" seed="1904811125" result="Passed" start-time="2026-09-14 06:23:22Z" end-time="2026-09-14 06:23:22Z" duration="0.007033" asserts="0">
                <properties>
                  <property name="_JOINTYPE" value="UnityCombinatorial" />
                  <property name="retryIteration" value="0" />
                  <property name="repeatIteration" value="0" />
                </properties>
              </test-case>
              <test-case id="1621" name="InstantiateAsync_ReleasesImmediatelyWithoutCaching" fullname="OneStarMaker.Tests.AssetManagement.AssetManagementCacheTests.InstantiateAsync_ReleasesImmediatelyWithoutCaching" methodname="InstantiateAsync_ReleasesImmediatelyWithoutCaching" classname="OneStarMaker.Tests.AssetManagement.AssetManagementCacheTests" runstate="Runnable" seed="2043660052" result="Passed" start-time="2026-09-14 06:23:22Z" end-time="2026-09-14 06:23:22Z" duration="0.006306" asserts="0">
                <properties>
                  <property name="_JOINTYPE" value="UnityCombinatorial" />
                  <property name="retryIteration" value="0" />
                  <property name="repeatIteration" value="0" />
                </properties>
              </test-case>
              <test-case id="1620" name="NoCache_ReleaseImmediatelyCallsBackend" fullname="OneStarMaker.Tests.AssetManagement.AssetManagementCacheTests.NoCache_ReleaseImmediatelyCallsBackend" methodname="NoCache_ReleaseImmediatelyCallsBackend" classname="OneStarMaker.Tests.AssetManagement.AssetManagementCacheTests" runstate="Runnable" seed="834698553" result="Passed" start-time="2026-09-14 06:23:22Z" end-time="2026-09-14 06:23:22Z" duration="0.001632" asserts="0">
                <properties>
                  <property name="_JOINTYPE" value="UnityCombinatorial" />
                  <property name="retryIteration" value="0" />
                  <property name="repeatIteration" value="0" />
                </properties>
              </test-case>
              <test-case id="1623" name="ReleaseAll_ReleasesCachedAssetsViaClear" fullname="OneStarMaker.Tests.AssetManagement.AssetManagementCacheTests.ReleaseAll_ReleasesCachedAssetsViaClear" methodname="ReleaseAll_ReleasesCachedAssetsViaClear" classname="OneStarMaker.Tests.AssetManagement.AssetManagementCacheTests" runstate="Runnable" seed="405419333" result="Passed" start-time="2026-09-14 06:23:22Z" end-time="2026-09-14 06:23:22Z" duration="0.003130" asserts="0">
                <properties>
                  <property name="_JOINTYPE" value="UnityCombinatorial" />
                  <property name="retryIteration" value="0" />
                  <property name="repeatIteration" value="0" />
                </properties>
              </test-case>
              <test-case id="1622" name="SceneOwnedAsset_StoredOnReleaseScene_AndReusedOnNextLoad" fullname="OneStarMaker.Tests.AssetManagement.AssetManagementCacheTests.SceneOwnedAsset_StoredOnReleaseScene_AndReusedOnNextLoad" methodname="SceneOwnedAsset_StoredOnReleaseScene_AndReusedOnNextLoad" classname="OneStarMaker.Tests.AssetManagement.AssetManagementCacheTests" runstate="Runnable" seed="55656898" result="Passed" start-time="2026-09-14 06:23:22Z" end-time="2026-09-14 06:23:22Z" duration="0.003068" asserts="0">
                <properties>
                  <property name="_JOINTYPE" value="UnityCombinatorial" />
                  <property name="retryIteration" value="0" />
                  <property name="repeatIteration" value="0" />
                </properties>
              </test-case>
            </test-suite>
            <test-suite type="TestFixture" id="1625" name="AssetManagementTests" fullname="OneStarMaker.Tests.AssetManagement.AssetManagementTests" classname="OneStarMaker.Tests.AssetManagement.AssetManagementTests" runstate="Runnable" testcasecount="13" result="Passed" start-time="2026-09-14 06:23:22Z" end-time="2026-09-14 06:23:22Z" duration="0.040490" total="13" passed="13" failed="0" inconclusive="0" skipped="0" asserts="0">
              <properties />
              <test-case id="1633" name="App_ReleaseAll" fullname="OneStarMaker.Tests.AssetManagement.AssetManagementTests.App_ReleaseAll" methodname="App_ReleaseAll" classname="OneStarMaker.Tests.AssetManagement.AssetManagementTests" runstate="Runnable" seed="466061948" result="Passed" start-time="2026-09-14 06:23:22Z" end-time="2026-09-14 06:23:22Z" duration="0.001718" asserts="0">
                <properties>
                  <property name="_JOINTYPE" value="UnityCombinatorial" />
                  <property name="retryIteration" value="0" />
                  <property name="repeatIteration" value="0" />
                </properties>
              </test-case>
              <test-case id="1635" name="App_SameKey_Twice_ReleaseAll" fullname="OneStarMaker.Tests.AssetManagement.AssetManagementTests.App_SameKey_Twice_ReleaseAll" methodname="App_SameKey_Twice_ReleaseAll" classname="OneStarMaker.Tests.AssetManagement.AssetManagementTests" runstate="Runnable" seed="855233226" result="Passed" start-time="2026-09-14 06:23:22Z" end-time="2026-09-14 06:23:22Z" duration="0.001538" asserts="0">
                <properties>
                  <property name="_JOINTYPE" value="UnityCombinatorial" />
                  <property name="retryIteration" value="0" />
                  <property name="repeatIteration" value="0" />
                </properties>
              </test-case>
              <test-case id="1627" name="Asset_Dedup_AcrossOwners" fullname="OneStarMaker.Tests.AssetManagement.AssetManagementTests.Asset_Dedup_AcrossOwners" methodname="Asset_Dedup_AcrossOwners" classname="OneStarMaker.Tests.AssetManagement.AssetManagementTests" runstate="Runnable" seed="774104761" result="Passed" start-time="2026-09-14 06:23:22Z" end-time="2026-09-14 06:23:22Z" duration="0.001483" asserts="0">
                <properties>
                  <property name="_JOINTYPE" value="UnityCombinatorial" />
                  <property name="retryIteration" value="0" />
                  <property name="repeatIteration" value="0" />
                </properties>
              </test-case>
              <test-case id="1626" name="Asset_Load_Dedup" fullname="OneStarMaker.Tests.AssetManagement.AssetManagementTests.Asset_Load_Dedup" methodname="Asset_Load_Dedup" classname="OneStarMaker.Tests.AssetManagement.AssetManagementTests" runstate="Runnable" seed="1903667878" result="Passed" start-time="2026-09-14 06:23:22Z" end-time="2026-09-14 06:23:22Z" duration="0.001377" asserts="0">
                <properties>
                  <property name="_JOINTYPE" value="UnityCombinatorial" />
                  <property name="retryIteration" value="0" />
                  <property name="repeatIteration" value="0" />
                </properties>
              </test-case>
              <test-case id="1628" name="Asset_Variant_Distinct" fullname="OneStarMaker.Tests.AssetManagement.AssetManagementTests.Asset_Variant_Distinct" methodname="Asset_Variant_Distinct" classname="OneStarMaker.Tests.AssetManagement.AssetManagementTests" runstate="Runnable" seed="1871439436" result="Passed" start-time="2026-09-14 06:23:22Z" end-time="2026-09-14 06:23:22Z" duration="0.002558" asserts="0">
                <properties>
                  <property name="_JOINTYPE" value="UnityCombinatorial" />
                  <property name="retryIteration" value="0" />
                  <property name="repeatIteration" value="0" />
                </properties>
              </test-case>
              <test-case id="1637" name="InstantiateAsync_ReleasesOnGameObjectDestroy" fullname="OneStarMaker.Tests.AssetManagement.AssetManagementTests.InstantiateAsync_ReleasesOnGameObjectDestroy" methodname="InstantiateAsync_ReleasesOnGameObjectDestroy" classname="OneStarMaker.Tests.AssetManagement.AssetManagementTests" runstate="Runnable" seed="574781340" result="Passed" start-time="2026-09-14 06:23:22Z" end-time="2026-09-14 06:23:22Z" duration="0.001880" asserts="0">
                <properties>
                  <property name="_JOINTYPE" value="UnityCombinatorial" />
                  <property name="retryIteration" value="0" />
                  <property name="repeatIteration" value="0" />
                </properties>
              </test-case>
              <test-case id="1638" name="Manual_Release" fullname="OneStarMaker.Tests.AssetManagement.AssetManagementTests.Manual_Release" methodname="Manual_Release" classname="OneStarMaker.Tests.AssetManagement.AssetManagementTests" runstate="Runnable" seed="41489026" result="Passed" start-time="2026-09-14 06:23:22Z" end-time="2026-09-14 06:23:22Z" duration="0.002441" asserts="0">
                <properties>
                  <property name="_JOINTYPE" value="UnityCombinatorial" />
                  <property name="retryIteration" value="0" />
                  <property name="repeatIteration" value="0" />
                </properties>
              </test-case>
              <test-case id="1629" name="Scene_Load_Unload" fullname="OneStarMaker.Tests.AssetManagement.AssetManagementTests.Scene_Load_Unload" methodname="Scene_Load_Unload" classname="OneStarMaker.Tests.AssetManagement.AssetManagementTests" runstate="Runnable" seed="26648006" result="Passed" start-time="2026-09-14 06:23:22Z" end-time="2026-09-14 06:23:22Z" duration="0.008565" asserts="0">
                <properties>
                  <property name="_JOINTYPE" value="UnityCombinatorial" />
                  <property name="retryIteration" value="0" />
                  <property name="repeatIteration" value="0" />
                </properties>
              </test-case>
              <test-case id="1636" name="Scene_Release_Scoped" fullname="OneStarMaker.Tests.AssetManagement.AssetManagementTests.Scene_Release_Scoped" methodname="Scene_Release_Scoped" classname="OneStarMaker.Tests.AssetManagement.AssetManagementTests" runstate="Runnable" seed="1435702471" result="Passed" start-time="2026-09-14 06:23:22Z" end-time="2026-09-14 06:23:22Z" duration="0.002436" asserts="0">
                <properties>
                  <property name="_JOINTYPE" value="UnityCombinatorial" />
                  <property name="retryIteration" value="0" />
                  <property name="repeatIteration" value="0" />
                </properties>
              </test-case>
              <test-case id="1632" name="Scene_ReleaseAll_SkipsBackendUnload_AndReleasesAssets" fullname="OneStarMaker.Tests.AssetManagement.AssetManagementTests.Scene_ReleaseAll_SkipsBackendUnload_AndReleasesAssets" methodname="Scene_ReleaseAll_SkipsBackendUnload_AndReleasesAssets" classname="OneStarMaker.Tests.AssetManagement.AssetManagementTests" runstate="Runnable" seed="873013697" result="Passed" start-time="2026-09-14 06:23:22Z" end-time="2026-09-14 06:23:22Z" duration="0.003116" asserts="0">
                <properties>
                  <property name="_JOINTYPE" value="UnityCombinatorial" />
                  <property name="retryIteration" value="0" />
                  <property name="repeatIteration" value="0" />
                </properties>
              </test-case>
              <test-case id="1631" name="Scene_ReleaseScene_WhileStillLoaded_Throws" fullname="OneStarMaker.Tests.AssetManagement.AssetManagementTests.Scene_ReleaseScene_WhileStillLoaded_Throws" methodname="Scene_ReleaseScene_WhileStillLoaded_Throws" classname="OneStarMaker.Tests.AssetManagement.AssetManagementTests" runstate="Runnable" seed="2031723927" result="Passed" start-time="2026-09-14 06:23:22Z" end-time="2026-09-14 06:23:22Z" duration="0.002172" asserts="0">
                <properties>
                  <property name="_JOINTYPE" value="UnityCombinatorial" />
                  <property name="retryIteration" value="0" />
                  <property name="repeatIteration" value="0" />
                </properties>
              </test-case>
              <test-case id="1634" name="Scene_SameKey_Twice_FullyReleased" fullname="OneStarMaker.Tests.AssetManagement.AssetManagementTests.Scene_SameKey_Twice_FullyReleased" methodname="Scene_SameKey_Twice_FullyReleased" classname="OneStarMaker.Tests.AssetManagement.AssetManagementTests" runstate="Runnable" seed="1968080296" result="Passed" start-time="2026-09-14 06:23:22Z" end-time="2026-09-14 06:23:22Z" duration="0.002173" asserts="0">
                <properties>
                  <property name="_JOINTYPE" value="UnityCombinatorial" />
                  <property name="retryIteration" value="0" />
                  <property name="repeatIteration" value="0" />
                </properties>
              </test-case>
              <test-case id="1630" name="Scene_Unload_Then_ReleaseScene_DoesNotUnloadAgain" fullname="OneStarMaker.Tests.AssetManagement.AssetManagementTests.Scene_Unload_Then_ReleaseScene_DoesNotUnloadAgain" methodname="Scene_Unload_Then_ReleaseScene_DoesNotUnloadAgain" classname="OneStarMaker.Tests.AssetManagement.AssetManagementTests" runstate="Runnable" seed="974034199" result="Passed" start-time="2026-09-14 06:23:22Z" end-time="2026-09-14 06:23:22Z" duration="0.002095" asserts="0">
                <properties>
                  <property name="_JOINTYPE" value="UnityCombinatorial" />
                  <property name="retryIteration" value="0" />
                  <property name="repeatIteration" value="0" />
                </properties>
              </test-case>
            </test-suite>
            <test-suite type="TestFixture" id="1639" name="AssetOwnerLookupTests" fullname="OneStarMaker.Tests.AssetManagement.AssetOwnerLookupTests" classname="OneStarMaker.Tests.AssetManagement.AssetOwnerLookupTests" runstate="Runnable" testcasecount="10" result="Passed" start-time="2026-09-14 06:23:22Z" end-time="2026-09-14 06:23:22Z" duration="0.043258" total="10" passed="10" failed="0" inconclusive="0" skipped="0" asserts="0">
              <properties />
              <test-case id="1644" name="DescriptionKey_GetOwnedAssets_ReturnsKeyWithoutThrowing" fullname="OneStarMaker.Tests.AssetManagement.AssetOwnerLookupTests.DescriptionKey_GetOwnedAssets_ReturnsKeyWithoutThrowing" methodname="DescriptionKey_GetOwnedAssets_ReturnsKeyWithoutThrowing" classname="OneStarMaker.Tests.AssetManagement.AssetOwnerLookupTests" runstate="Runnable" seed="797943886" result="Passed" start-time="2026-09-14 06:23:22Z" end-time="2026-09-14 06:23:22Z" duration="0.006755" asserts="0">
                <properties>
                  <property name="_JOINTYPE" value="UnityCombinatorial" />
                  <property name="retryIteration" value="0" />
                  <property name="repeatIteration" value="0" />
                </properties>
              </test-case>
              <test-case id="1641" name="GameObjectOwner_GetOwnersAndDestroyRelease" fullname="OneStarMaker.Tests.AssetManagement.AssetOwnerLookupTests.GameObjectOwner_GetOwnersAndDestroyRelease" methodname="GameObjectOwner_GetOwnersAndDestroyRelease" classname="OneStarMaker.Tests.AssetManagement.AssetOwnerLookupTests" runstate="Runnable" seed="568638976" result="Passed" start-time="2026-09-14 06:23:22Z" end-time="2026-09-14 06:23:22Z" duration="0.003291" asserts="0">
                <properties>
                  <property name="_JOINTYPE" value="UnityCombinatorial" />
                  <property name="retryIteration" value="0" />
                  <property name="repeatIteration" value="0" />
                </properties>
              </test-case>
              <test-case id="1646" name="InstantiatedAsset_GetOwnedAssets_ReturnsSourcePrefabKey" fullname="OneStarMaker.Tests.AssetManagement.AssetOwnerLookupTests.InstantiatedAsset_GetOwnedAssets_ReturnsSourcePrefabKey" methodname="InstantiatedAsset_GetOwnedAssets_ReturnsSourcePrefabKey" classname="OneStarMaker.Tests.AssetManagement.AssetOwnerLookupTests" runstate="Runnable" seed="475032311" result="Passed" start-time="2026-09-14 06:23:22Z" end-time="2026-09-14 06:23:22Z" duration="0.001588" asserts="0">
                <properties>
                  <property name="_JOINTYPE" value="UnityCombinatorial" />
                  <property name="retryIteration" value="0" />
                  <property name="repeatIteration" value="0" />
                </properties>
              </test-case>
              <test-case id="1645" name="MixedKeyForms_GetOwnedAssets_ReturnsBoth" fullname="OneStarMaker.Tests.AssetManagement.AssetOwnerLookupTests.MixedKeyForms_GetOwnedAssets_ReturnsBoth" methodname="MixedKeyForms_GetOwnedAssets_ReturnsBoth" classname="OneStarMaker.Tests.AssetManagement.AssetOwnerLookupTests" runstate="Runnable" seed="1842486620" result="Passed" start-time="2026-09-14 06:23:22Z" end-time="2026-09-14 06:23:22Z" duration="0.009954" asserts="0">
                <properties>
                  <property name="_JOINTYPE" value="UnityCombinatorial" />
                  <property name="retryIteration" value="0" />
                  <property name="repeatIteration" value="0" />
                </properties>
              </test-case>
              <test-case id="1649" name="ReleaseHandle_AppSyncLoad_RemovesAppOwner" fullname="OneStarMaker.Tests.AssetManagement.AssetOwnerLookupTests.ReleaseHandle_AppSyncLoad_RemovesAppOwner" methodname="ReleaseHandle_AppSyncLoad_RemovesAppOwner" classname="OneStarMaker.Tests.AssetManagement.AssetOwnerLookupTests" runstate="Runnable" seed="2009891255" result="Passed" start-time="2026-09-14 06:23:22Z" end-time="2026-09-14 06:23:22Z" duration="0.002685" asserts="0">
                <properties>
                  <property name="_JOINTYPE" value="UnityCombinatorial" />
                  <property name="retryIteration" value="0" />
                  <property name="repeatIteration" value="0" />
                </properties>
              </test-case>
              <test-case id="1647" name="ReleaseHandle_NonManualOwner_RemovesThatOwner" fullname="OneStarMaker.Tests.AssetManagement.AssetOwnerLookupTests.ReleaseHandle_NonManualOwner_RemovesThatOwner" methodname="ReleaseHandle_NonManualOwner_RemovesThatOwner" classname="OneStarMaker.Tests.AssetManagement.AssetOwnerLookupTests" runstate="Runnable" seed="268858763" result="Passed" start-time="2026-09-14 06:23:22Z" end-time="2026-09-14 06:23:22Z" duration="0.001541" asserts="0">
                <properties>
                  <property name="_JOINTYPE" value="UnityCombinatorial" />
                  <property name="retryIteration" value="0" />
                  <property name="repeatIteration" value="0" />
                </properties>
              </test-case>
              <test-case id="1648" name="ReleaseHandle_SharedKey_RemovesOnlyOwnHandleOwner" fullname="OneStarMaker.Tests.AssetManagement.AssetOwnerLookupTests.ReleaseHandle_SharedKey_RemovesOnlyOwnHandleOwner" methodname="ReleaseHandle_SharedKey_RemovesOnlyOwnHandleOwner" classname="OneStarMaker.Tests.AssetManagement.AssetOwnerLookupTests" runstate="Runnable" seed="876572639" result="Passed" start-time="2026-09-14 06:23:22Z" end-time="2026-09-14 06:23:22Z" duration="0.001879" asserts="0">
                <properties>
                  <property name="_JOINTYPE" value="UnityCombinatorial" />
                  <property name="retryIteration" value="0" />
                  <property name="repeatIteration" value="0" />
                </properties>
              </test-case>
              <test-case id="1642" name="SameOwner_DoubleAcquire_PartialRelease" fullname="OneStarMaker.Tests.AssetManagement.AssetOwnerLookupTests.SameOwner_DoubleAcquire_PartialRelease" methodname="SameOwner_DoubleAcquire_PartialRelease" classname="OneStarMaker.Tests.AssetManagement.AssetOwnerLookupTests" runstate="Runnable" seed="570369793" result="Passed" start-time="2026-09-14 06:23:22Z" end-time="2026-09-14 06:23:22Z" duration="0.001628" asserts="0">
                <properties>
                  <property name="_JOINTYPE" value="UnityCombinatorial" />
                  <property name="retryIteration" value="0" />
                  <property name="repeatIteration" value="0" />
                </properties>
              </test-case>
              <test-case id="1640" name="SceneOwner_GetOwnersAndReleaseScene" fullname="OneStarMaker.Tests.AssetManagement.AssetOwnerLookupTests.SceneOwner_GetOwnersAndReleaseScene" methodname="SceneOwner_GetOwnersAndReleaseScene" classname="OneStarMaker.Tests.AssetManagement.AssetOwnerLookupTests" runstate="Runnable" seed="1234009838" result="Passed" start-time="2026-09-14 06:23:22Z" end-time="2026-09-14 06:23:22Z" duration="0.001852" asserts="0">
                <properties>
                  <property name="_JOINTYPE" value="UnityCombinatorial" />
                  <property name="retryIteration" value="0" />
                  <property name="repeatIteration" value="0" />
                </properties>
              </test-case>
              <test-case id="1643" name="UnloadedKey_GetOwners_ReturnsEmptyList" fullname="OneStarMaker.Tests.AssetManagement.AssetOwnerLookupTests.UnloadedKey_GetOwners_ReturnsEmptyList" methodname="UnloadedKey_GetOwners_ReturnsEmptyList" classname="OneStarMaker.Tests.AssetManagement.AssetOwnerLookupTests" runstate="Runnable" seed="1588266610" result="Passed" start-time="2026-09-14 06:23:22Z" end-time="2026-09-14 06:23:22Z" duration="0.001545" asserts="0">
                <properties>
                  <property name="_JOINTYPE" value="UnityCombinatorial" />
                  <property name="retryIteration" value="0" />
                  <property name="repeatIteration" value="0" />
                </properties>
              </test-case>
            </test-suite>
            <test-suite type="TestFixture" id="1650" name="AssetResidentCacheTests" fullname="OneStarMaker.Tests.AssetManagement.AssetResidentCacheTests" classname="OneStarMaker.Tests.AssetManagement.AssetResidentCacheTests" runstate="Runnable" testcasecount="10" result="Passed" start-time="2026-09-14 06:23:22Z" end-time="2026-09-14 06:23:22Z" duration="0.010459" total="10" passed="10" failed="0" inconclusive="0" skipped="0" asserts="0">
              <properties />
              <test-case id="1660" name="Clear_ReleasesAllEntries_AndResidentBytesBecomeZero" fullname="OneStarMaker.Tests.AssetManagement.AssetResidentCacheTests.Clear_ReleasesAllEntries_AndResidentBytesBecomeZero" methodname="Clear_ReleasesAllEntries_AndResidentBytesBecomeZero" classname="OneStarMaker.Tests.AssetManagement.AssetResidentCacheTests" runstate="Runnable" seed="805986335" result="Passed" start-time="2026-09-14 06:23:22Z" end-time="2026-09-14 06:23:22Z" duration="0.002124" asserts="0">
                <properties>
                  <property name="retryIteration" value="0" />
                  <property name="repeatIteration" value="0" />
                </properties>
              </test-case>
              <test-case id="1659" name="Store_InvalidAsset_ReleasesImmediately_AndDoesNotCache" fullname="OneStarMaker.Tests.AssetManagement.AssetResidentCacheTests.Store_InvalidAsset_ReleasesImmediately_AndDoesNotCache" methodname="Store_InvalidAsset_ReleasesImmediately_AndDoesNotCache" classname="OneStarMaker.Tests.AssetManagement.AssetResidentCacheTests" runstate="Runnable" seed="651293761" result="Passed" start-time="2026-09-14 06:23:22Z" end-time="2026-09-14 06:23:22Z" duration="0.000767" asserts="0">
                <properties>
                  <property name="retryIteration" value="0" />
                  <property name="repeatIteration" value="0" />
                </properties>
              </test-case>
              <test-case id="1653" name="Store_OverBudget_EvictsLowestEffectiveFrequencyEntry" fullname="OneStarMaker.Tests.AssetManagement.AssetResidentCacheTests.Store_OverBudget_EvictsLowestEffectiveFrequencyEntry" methodname="Store_OverBudget_EvictsLowestEffectiveFrequencyEntry" classname="OneStarMaker.Tests.AssetManagement.AssetResidentCacheTests" runstate="Runnable" seed="1444001865" result="Passed" start-time="2026-09-14 06:23:22Z" end-time="2026-09-14 06:23:22Z" duration="0.000570" asserts="0">
                <properties>
                  <property name="retryIteration" value="0" />
                  <property name="repeatIteration" value="0" />
                </properties>
              </test-case>
              <test-case id="1656" name="Store_OverBudget_EvictsOnlyMatchingAssetType" fullname="OneStarMaker.Tests.AssetManagement.AssetResidentCacheTests.Store_OverBudget_EvictsOnlyMatchingAssetType" methodname="Store_OverBudget_EvictsOnlyMatchingAssetType" classname="OneStarMaker.Tests.AssetManagement.AssetResidentCacheTests" runstate="Runnable" seed="1656321692" result="Passed" start-time="2026-09-14 06:23:22Z" end-time="2026-09-14 06:23:22Z" duration="0.000467" asserts="0">
                <properties>
                  <property name="retryIteration" value="0" />
                  <property name="repeatIteration" value="0" />
                </properties>
              </test-case>
              <test-case id="1654" name="Store_OverBudget_TimeDecay_KeepsRecentlyAccessedEntry" fullname="OneStarMaker.Tests.AssetManagement.AssetResidentCacheTests.Store_OverBudget_TimeDecay_KeepsRecentlyAccessedEntry" methodname="Store_OverBudget_TimeDecay_KeepsRecentlyAccessedEntry" classname="OneStarMaker.Tests.AssetManagement.AssetResidentCacheTests" runstate="Runnable" seed="1861710169" result="Passed" start-time="2026-09-14 06:23:22Z" end-time="2026-09-14 06:23:22Z" duration="0.000745" asserts="0">
                <properties>
                  <property name="retryIteration" value="0" />
                  <property name="repeatIteration" value="0" />
                </properties>
              </test-case>
              <test-case id="1658" name="Store_SingleAssetOverBudget_IsReleasedImmediately" fullname="OneStarMaker.Tests.AssetManagement.AssetResidentCacheTests.Store_SingleAssetOverBudget_IsReleasedImmediately" methodname="Store_SingleAssetOverBudget_IsReleasedImmediately" classname="OneStarMaker.Tests.AssetManagement.AssetResidentCacheTests" runstate="Runnable" seed="1645549480" result="Passed" start-time="2026-09-14 06:23:22Z" end-time="2026-09-14 06:23:22Z" duration="0.000421" asserts="0">
                <properties>
                  <property name="retryIteration" value="0" />
                  <property name="repeatIteration" value="0" />
                </properties>
              </test-case>
              <test-case id="1651" name="Store_Then_TryTake_Hit_ReturnsSameBackend_AndHitCountIsOne" fullname="OneStarMaker.Tests.AssetManagement.AssetResidentCacheTests.Store_Then_TryTake_Hit_ReturnsSameBackend_AndHitCountIsOne" methodname="Store_Then_TryTake_Hit_ReturnsSameBackend_AndHitCountIsOne" classname="OneStarMaker.Tests.AssetManagement.AssetResidentCacheTests" runstate="Runnable" seed="469740248" result="Passed" start-time="2026-09-14 06:23:22Z" end-time="2026-09-14 06:23:22Z" duration="0.000395" asserts="0">
                <properties>
                  <property name="retryIteration" value="0" />
                  <property name="repeatIteration" value="0" />
                </properties>
              </test-case>
              <test-case id="1655" name="Store_TryTake_Store_CarriesAccessCount_AndPrefersOverNewcomer" fullname="OneStarMaker.Tests.AssetManagement.AssetResidentCacheTests.Store_TryTake_Store_CarriesAccessCount_AndPrefersOverNewcomer" methodname="Store_TryTake_Store_CarriesAccessCount_AndPrefersOverNewcomer" classname="OneStarMaker.Tests.AssetManagement.AssetResidentCacheTests" runstate="Runnable" seed="2091301319" result="Passed" start-time="2026-09-14 06:23:22Z" end-time="2026-09-14 06:23:22Z" duration="0.000448" asserts="0">
                <properties>
                  <property name="retryIteration" value="0" />
                  <property name="repeatIteration" value="0" />
                </properties>
              </test-case>
              <test-case id="1657" name="Store_ZeroBudgetType_ReleasesImmediately_WithoutEvictionCount" fullname="OneStarMaker.Tests.AssetManagement.AssetResidentCacheTests.Store_ZeroBudgetType_ReleasesImmediately_WithoutEvictionCount" methodname="Store_ZeroBudgetType_ReleasesImmediately_WithoutEvictionCount" classname="OneStarMaker.Tests.AssetManagement.AssetResidentCacheTests" runstate="Runnable" seed="897619943" result="Passed" start-time="2026-09-14 06:23:22Z" end-time="2026-09-14 06:23:22Z" duration="0.000371" asserts="0">
                <properties>
                  <property name="retryIteration" value="0" />
                  <property name="repeatIteration" value="0" />
                </properties>
              </test-case>
              <test-case id="1652" name="TryTake_Miss_IncreasesMissCount" fullname="OneStarMaker.Tests.AssetManagement.AssetResidentCacheTests.TryTake_Miss_IncreasesMissCount" methodname="TryTake_Miss_IncreasesMissCount" classname="OneStarMaker.Tests.AssetManagement.AssetResidentCacheTests" runstate="Runnable" seed="1885603984" result="Passed" start-time="2026-09-14 06:23:22Z" end-time="2026-09-14 06:23:22Z" duration="0.000308" asserts="0">
                <properties>
                  <property name="retryIteration" value="0" />
                  <property name="repeatIteration" value="0" />
                </properties>
              </test-case>
            </test-suite>
          </test-suite>
          <test-suite type="TestSuite" id="1672" name="Bootstrap" fullname="OneStarMaker.Tests.Bootstrap" runstate="Runnable" testcasecount="8" result="Passed" start-time="2026-09-14 06:23:22Z" end-time="2026-09-14 06:23:22Z" duration="0.148651" total="8" passed="8" failed="0" inconclusive="0" skipped="0" asserts="0">
            <properties />
            <test-suite type="TestFixture" id="1607" name="InvalidCompanionConfigStartupTests" fullname="OneStarMaker.Tests.Bootstrap.InvalidCompanionConfigStartupTests" classname="OneStarMaker.Tests.Bootstrap.InvalidCompanionConfigStartupTests" runstate="Runnable" testcasecount="1" result="Passed" start-time="2026-09-14 06:23:22Z" end-time="2026-09-14 06:23:22Z" duration="0.142065" total="1" passed="1" failed="0" inconclusive="0" skipped="0" asserts="0">
              <properties />
              <test-case id="1608" name="InvalidConfig_FailsBeforeDirectorAndReleasesLoadedAppAssets" fullname="OneStarMaker.Tests.Bootstrap.InvalidCompanionConfigStartupTests.InvalidConfig_FailsBeforeDirectorAndReleasesLoadedAppAssets" methodname="InvalidConfig_FailsBeforeDirectorAndReleasesLoadedAppAssets" classname="OneStarMaker.Tests.Bootstrap.InvalidCompanionConfigStartupTests" runstate="Runnable" seed="286688234" result="Passed" start-time="2026-09-14 06:23:22Z" end-time="2026-09-14 06:23:22Z" duration="0.140608" asserts="0">
                <properties>
                  <property name="retryIteration" value="0" />
                  <property name="repeatIteration" value="0" />
                </properties>
                <output><![CDATA[[AppInit] DebugSocket disabled. DebugStudio から接続するには debugSocket:enabled=true を設定してください。
[AppInit] AfterSceneLoad: loading UICommon.
[AppInit] AfterSceneLoad: loading SceneResourceMap.
[AppInit] DebugSocket は無効です。DebugStudio 接続を受けるには debugSocket:enabled=true が必要です。
[AppInit] AfterSceneLoad failed at stage 'create-scene-factory': System.FormatException: world:cellCompanionSet must be exactly Full, Planner, Lighting, or VFX; actual='invalid'.
  at SampleGame.InGame.Streaming.CellCompanionSetParser.Parse (System.String value, System.Boolean keyExists) [0x00058] in D:\repositories\unity\SampleGameForOneStarMakerFramework\unity\Assets\SampleGame\InGame\InGameSession\Streaming\Runtime\Companion\CellCompanionPolicy.cs:38 
  at OneStarMaker.Tests.Bootstrap.InvalidCompanionConfigStartupTests+TestInitializer.CreateSceneFactory () [0x0002b] in D:\repositories\unity\SampleGameForOneStarMakerFramework\unity\Assets\OneStarMaker\Tests\Bootstrap\InvalidCompanionConfigStartupTests.cs:92 
  at OneStarMaker.Runtime.AbstractApplicationInitializer.InitializeAfterSceneLoad () [0x0038a] in D:\repositories\unity\SampleGameForOneStarMakerFramework\unity\Assets\OneStarMaker\Scripts\Runtime\Bootstrap\AbstractApplicationInitializer.cs:266 
[UICommon]: Destroy may not be called from edit mode! Use DestroyImmediate instead.
Destroying an object in edit mode destroys it permanently
]]></output>
              </test-case>
            </test-suite>
            <test-suite type="TestFixture" id="1609" name="SceneVariantResolverTests" fullname="OneStarMaker.Tests.Bootstrap.SceneVariantResolverTests" classname="OneStarMaker.Tests.Bootstrap.SceneVariantResolverTests" runstate="Runnable" testcasecount="7" result="Passed" start-time="2026-09-14 06:23:22Z" end-time="2026-09-14 06:23:22Z" duration="0.005295" total="7" passed="7" failed="0" inconclusive="0" skipped="0" asserts="0">
              <properties />
              <test-suite type="ParameterizedMethod" id="1615" name="EditorResolution_DistinguishesNullAndEmpty" fullname="OneStarMaker.Tests.Bootstrap.SceneVariantResolverTests.EditorResolution_DistinguishesNullAndEmpty" classname="OneStarMaker.Tests.Bootstrap.SceneVariantResolverTests" runstate="Runnable" testcasecount="5" result="Passed" start-time="2026-09-14 06:23:22Z" end-time="2026-09-14 06:23:22Z" duration="0.002786" total="5" passed="5" failed="0" inconclusive="0" skipped="0" asserts="0">
                <properties />
                <test-case id="1610" name="EditorResolution_DistinguishesNullAndEmpty(&quot;&quot;,null,&quot;&quot;)" fullname="OneStarMaker.Tests.Bootstrap.SceneVariantResolverTests.EditorResolution_DistinguishesNullAndEmpty(&quot;&quot;,null,&quot;&quot;)" methodname="EditorResolution_DistinguishesNullAndEmpty" classname="OneStarMaker.Tests.Bootstrap.SceneVariantResolverTests" runstate="Runnable" seed="488593628" result="Passed" start-time="2026-09-14 06:23:22Z" end-time="2026-09-14 06:23:22Z" duration="0.000584" asserts="0">
                  <properties>
                    <property name="retryIteration" value="0" />
                    <property name="repeatIteration" value="0" />
                  </properties>
                </test-case>
                <test-case id="1611" name="EditorResolution_DistinguishesNullAndEmpty(&quot;Config&quot;,null,&quot;Config&quot;)" fullname="OneStarMaker.Tests.Bootstrap.SceneVariantResolverTests.EditorResolution_DistinguishesNullAndEmpty(&quot;Config&quot;,null,&quot;Config&quot;)" methodname="EditorResolution_DistinguishesNullAndEmpty" classname="OneStarMaker.Tests.Bootstrap.SceneVariantResolverTests" runstate="Runnable" seed="743820570" result="Passed" start-time="2026-09-14 06:23:22Z" end-time="2026-09-14 06:23:22Z" duration="0.000107" asserts="0">
                  <properties>
                    <property name="retryIteration" value="0" />
                    <property name="repeatIteration" value="0" />
                  </properties>
                </test-case>
                <test-case id="1612" name="EditorResolution_DistinguishesNullAndEmpty(&quot;Config&quot;,&quot;&quot;,&quot;&quot;)" fullname="OneStarMaker.Tests.Bootstrap.SceneVariantResolverTests.EditorResolution_DistinguishesNullAndEmpty(&quot;Config&quot;,&quot;&quot;,&quot;&quot;)" methodname="EditorResolution_DistinguishesNullAndEmpty" classname="OneStarMaker.Tests.Bootstrap.SceneVariantResolverTests" runstate="Runnable" seed="1294393212" result="Passed" start-time="2026-09-14 06:23:22Z" end-time="2026-09-14 06:23:22Z" duration="0.000089" asserts="0">
                  <properties>
                    <property name="retryIteration" value="0" />
                    <property name="repeatIteration" value="0" />
                  </properties>
                </test-case>
                <test-case id="1613" name="EditorResolution_DistinguishesNullAndEmpty(&quot;Config&quot;,&quot;Whitebox&quot;,&quot;Whitebox&quot;)" fullname="OneStarMaker.Tests.Bootstrap.SceneVariantResolverTests.EditorResolution_DistinguishesNullAndEmpty(&quot;Config&quot;,&quot;Whitebox&quot;,&quot;Whitebox&quot;)" methodname="EditorResolution_DistinguishesNullAndEmpty" classname="OneStarMaker.Tests.Bootstrap.SceneVariantResolverTests" runstate="Runnable" seed="779594381" result="Passed" start-time="2026-09-14 06:23:22Z" end-time="2026-09-14 06:23:22Z" duration="0.000091" asserts="0">
                  <properties>
                    <property name="retryIteration" value="0" />
                    <property name="repeatIteration" value="0" />
                  </properties>
                </test-case>
                <test-case id="1614" name="EditorResolution_DistinguishesNullAndEmpty(&quot; spaced &quot;,null,&quot; spaced &quot;)" fullname="OneStarMaker.Tests.Bootstrap.SceneVariantResolverTests.EditorResolution_DistinguishesNullAndEmpty(&quot; spaced &quot;,null,&quot; spaced &quot;)" methodname="EditorResolution_DistinguishesNullAndEmpty" classname="OneStarMaker.Tests.Bootstrap.SceneVariantResolverTests" runstate="Runnable" seed="460957618" result="Passed" start-time="2026-09-14 06:23:22Z" end-time="2026-09-14 06:23:22Z" duration="0.000093" asserts="0">
                  <properties>
                    <property name="retryIteration" value="0" />
                    <property name="repeatIteration" value="0" />
                  </properties>
                </test-case>
              </test-suite>
              <test-case id="1617" name="EditorResolution_QueriesProfileDelegateExactlyOnce" fullname="OneStarMaker.Tests.Bootstrap.SceneVariantResolverTests.EditorResolution_QueriesProfileDelegateExactlyOnce" methodname="EditorResolution_QueriesProfileDelegateExactlyOnce" classname="OneStarMaker.Tests.Bootstrap.SceneVariantResolverTests" runstate="Runnable" seed="541366787" result="Passed" start-time="2026-09-14 06:23:22Z" end-time="2026-09-14 06:23:22Z" duration="0.000344" asserts="0">
                <properties>
                  <property name="retryIteration" value="0" />
                  <property name="repeatIteration" value="0" />
                </properties>
              </test-case>
              <test-case id="1616" name="PlayerResolution_DoesNotInvokeEditorResolver" fullname="OneStarMaker.Tests.Bootstrap.SceneVariantResolverTests.PlayerResolution_DoesNotInvokeEditorResolver" methodname="PlayerResolution_DoesNotInvokeEditorResolver" classname="OneStarMaker.Tests.Bootstrap.SceneVariantResolverTests" runstate="Runnable" seed="1856129968" result="Passed" start-time="2026-09-14 06:23:22Z" end-time="2026-09-14 06:23:22Z" duration="0.000339" asserts="0">
                <properties>
                  <property name="retryIteration" value="0" />
                  <property name="repeatIteration" value="0" />
                </properties>
              </test-case>
            </test-suite>
          </test-suite>
          <test-suite type="TestSuite" id="1671" name="CameraSystem" fullname="OneStarMaker.Tests.CameraSystem" runstate="Runnable" testcasecount="84" result="Passed" start-time="2026-09-14 06:23:22Z" end-time="2026-09-14 06:23:22Z" duration="0.229767" total="84" passed="84" failed="0" inconclusive="0" skipped="0" asserts="0">
            <properties />
            <test-suite type="TestFixture" id="1513" name="CameraFrustumTests" fullname="OneStarMaker.Tests.CameraSystem.CameraFrustumTests" classname="OneStarMaker.Tests.CameraSystem.CameraFrustumTests" runstate="Runnable" testcasecount="8" result="Passed" start-time="2026-09-14 06:23:22Z" end-time="2026-09-14 06:23:22Z" duration="0.015376" total="8" passed="8" failed="0" inconclusive="0" skipped="0" asserts="0">
              <properties />
              <test-case id="1518" name="Frustum_AspectAffectsHorizontalPlanes" fullname="OneStarMaker.Tests.CameraSystem.CameraFrustumTests.Frustum_AspectAffectsHorizontalPlanes" methodname="Frustum_AspectAffectsHorizontalPlanes" classname="OneStarMaker.Tests.CameraSystem.CameraFrustumTests" runstate="Runnable" seed="489251111" result="Passed" start-time="2026-09-14 06:23:22Z" end-time="2026-09-14 06:23:22Z" duration="0.004181" asserts="0">
                <properties>
                  <property name="retryIteration" value="0" />
                  <property name="repeatIteration" value="0" />
                </properties>
              </test-case>
              <test-case id="1520" name="Frustum_MatchesUnityGeometryUtility" fullname="OneStarMaker.Tests.CameraSystem.CameraFrustumTests.Frustum_MatchesUnityGeometryUtility" methodname="Frustum_MatchesUnityGeometryUtility" classname="OneStarMaker.Tests.CameraSystem.CameraFrustumTests" runstate="Runnable" seed="152274605" result="Passed" start-time="2026-09-14 06:23:22Z" end-time="2026-09-14 06:23:22Z" duration="0.004537" asserts="0">
                <properties>
                  <property name="retryIteration" value="0" />
                  <property name="repeatIteration" value="0" />
                </properties>
              </test-case>
              <test-case id="1515" name="Frustum_PointBehindCamera_IsOutside" fullname="OneStarMaker.Tests.CameraSystem.CameraFrustumTests.Frustum_PointBehindCamera_IsOutside" methodname="Frustum_PointBehindCamera_IsOutside" classname="OneStarMaker.Tests.CameraSystem.CameraFrustumTests" runstate="Runnable" seed="1096583207" result="Passed" start-time="2026-09-14 06:23:22Z" end-time="2026-09-14 06:23:22Z" duration="0.000288" asserts="0">
                <properties>
                  <property name="retryIteration" value="0" />
                  <property name="repeatIteration" value="0" />
                </properties>
              </test-case>
              <test-case id="1516" name="Frustum_PointBeyondFarPlane_IsOutside" fullname="OneStarMaker.Tests.CameraSystem.CameraFrustumTests.Frustum_PointBeyondFarPlane_IsOutside" methodname="Frustum_PointBeyondFarPlane_IsOutside" classname="OneStarMaker.Tests.CameraSystem.CameraFrustumTests" runstate="Runnable" seed="1947058265" result="Passed" start-time="2026-09-14 06:23:22Z" end-time="2026-09-14 06:23:22Z" duration="0.000224" asserts="0">
                <properties>
                  <property name="retryIteration" value="0" />
                  <property name="repeatIteration" value="0" />
                </properties>
              </test-case>
              <test-case id="1514" name="Frustum_PointInFrontWithinFov_IsInside" fullname="OneStarMaker.Tests.CameraSystem.CameraFrustumTests.Frustum_PointInFrontWithinFov_IsInside" methodname="Frustum_PointInFrontWithinFov_IsInside" classname="OneStarMaker.Tests.CameraSystem.CameraFrustumTests" runstate="Runnable" seed="1326792593" result="Passed" start-time="2026-09-14 06:23:22Z" end-time="2026-09-14 06:23:22Z" duration="0.000214" asserts="0">
                <properties>
                  <property name="retryIteration" value="0" />
                  <property name="repeatIteration" value="0" />
                </properties>
              </test-case>
              <test-case id="1517" name="Frustum_PointNearerThanNearPlane_IsOutside" fullname="OneStarMaker.Tests.CameraSystem.CameraFrustumTests.Frustum_PointNearerThanNearPlane_IsOutside" methodname="Frustum_PointNearerThanNearPlane_IsOutside" classname="OneStarMaker.Tests.CameraSystem.CameraFrustumTests" runstate="Runnable" seed="1430128607" result="Passed" start-time="2026-09-14 06:23:22Z" end-time="2026-09-14 06:23:22Z" duration="0.000210" asserts="0">
                <properties>
                  <property name="retryIteration" value="0" />
                  <property name="repeatIteration" value="0" />
                </properties>
              </test-case>
              <test-case id="1519" name="Frustum_RotatedPose_PlanesFollow" fullname="OneStarMaker.Tests.CameraSystem.CameraFrustumTests.Frustum_RotatedPose_PlanesFollow" methodname="Frustum_RotatedPose_PlanesFollow" classname="OneStarMaker.Tests.CameraSystem.CameraFrustumTests" runstate="Runnable" seed="1783105771" result="Passed" start-time="2026-09-14 06:23:22Z" end-time="2026-09-14 06:23:22Z" duration="0.000254" asserts="0">
                <properties>
                  <property name="retryIteration" value="0" />
                  <property name="repeatIteration" value="0" />
                </properties>
              </test-case>
              <test-case id="1521" name="Snapshot_ContainsPoseAndVelocity" fullname="OneStarMaker.Tests.CameraSystem.CameraFrustumTests.Snapshot_ContainsPoseAndVelocity" methodname="Snapshot_ContainsPoseAndVelocity" classname="OneStarMaker.Tests.CameraSystem.CameraFrustumTests" runstate="Runnable" seed="1672101018" result="Passed" start-time="2026-09-14 06:23:22Z" end-time="2026-09-14 06:23:22Z" duration="0.001740" asserts="0">
                <properties>
                  <property name="retryIteration" value="0" />
                  <property name="repeatIteration" value="0" />
                </properties>
              </test-case>
            </test-suite>
            <test-suite type="TestFixture" id="1522" name="CameraModifierTests" fullname="OneStarMaker.Tests.CameraSystem.CameraModifierTests" classname="OneStarMaker.Tests.CameraSystem.CameraModifierTests" runstate="Runnable" testcasecount="6" result="Passed" start-time="2026-09-14 06:23:22Z" end-time="2026-09-14 06:23:22Z" duration="0.008291" total="6" passed="6" failed="0" inconclusive="0" skipped="0" asserts="0">
              <properties />
              <test-case id="1527" name="Apply_DoesNotAccumulate_BasePoseReappliedEachFrame" fullname="OneStarMaker.Tests.CameraSystem.CameraModifierTests.Apply_DoesNotAccumulate_BasePoseReappliedEachFrame" methodname="Apply_DoesNotAccumulate_BasePoseReappliedEachFrame" classname="OneStarMaker.Tests.CameraSystem.CameraModifierTests" runstate="Runnable" seed="1364344281" result="Passed" start-time="2026-09-14 06:23:22Z" end-time="2026-09-14 06:23:22Z" duration="0.001657" asserts="0">
                <properties>
                  <property name="retryIteration" value="0" />
                  <property name="repeatIteration" value="0" />
                </properties>
              </test-case>
              <test-case id="1523" name="Apply_ModifiersRunInRegistrationOrder" fullname="OneStarMaker.Tests.CameraSystem.CameraModifierTests.Apply_ModifiersRunInRegistrationOrder" methodname="Apply_ModifiersRunInRegistrationOrder" classname="OneStarMaker.Tests.CameraSystem.CameraModifierTests" runstate="Runnable" seed="512690814" result="Passed" start-time="2026-09-14 06:23:22Z" end-time="2026-09-14 06:23:22Z" duration="0.000584" asserts="0">
                <properties>
                  <property name="retryIteration" value="0" />
                  <property name="repeatIteration" value="0" />
                </properties>
              </test-case>
              <test-case id="1524" name="Apply_ReturnsFalse_ModifierAutoRemoved" fullname="OneStarMaker.Tests.CameraSystem.CameraModifierTests.Apply_ReturnsFalse_ModifierAutoRemoved" methodname="Apply_ReturnsFalse_ModifierAutoRemoved" classname="OneStarMaker.Tests.CameraSystem.CameraModifierTests" runstate="Runnable" seed="1652362386" result="Passed" start-time="2026-09-14 06:23:22Z" end-time="2026-09-14 06:23:22Z" duration="0.000683" asserts="0">
                <properties>
                  <property name="retryIteration" value="0" />
                  <property name="repeatIteration" value="0" />
                </properties>
              </test-case>
              <test-case id="1525" name="Apply_ReturnsFalse_RemovalDoesNotSkipNextModifier" fullname="OneStarMaker.Tests.CameraSystem.CameraModifierTests.Apply_ReturnsFalse_RemovalDoesNotSkipNextModifier" methodname="Apply_ReturnsFalse_RemovalDoesNotSkipNextModifier" classname="OneStarMaker.Tests.CameraSystem.CameraModifierTests" runstate="Runnable" seed="1963164131" result="Passed" start-time="2026-09-14 06:23:22Z" end-time="2026-09-14 06:23:22Z" duration="0.000578" asserts="0">
                <properties>
                  <property name="retryIteration" value="0" />
                  <property name="repeatIteration" value="0" />
                </properties>
              </test-case>
              <test-case id="1526" name="Handle_Dispose_RemovesModifier" fullname="OneStarMaker.Tests.CameraSystem.CameraModifierTests.Handle_Dispose_RemovesModifier" methodname="Handle_Dispose_RemovesModifier" classname="OneStarMaker.Tests.CameraSystem.CameraModifierTests" runstate="Runnable" seed="311681240" result="Passed" start-time="2026-09-14 06:23:22Z" end-time="2026-09-14 06:23:22Z" duration="0.000370" asserts="0">
                <properties>
                  <property name="retryIteration" value="0" />
                  <property name="repeatIteration" value="0" />
                </properties>
              </test-case>
              <test-case id="1528" name="ShakeModifier_DecaysToZero_ThenSelfRemoves" fullname="OneStarMaker.Tests.CameraSystem.CameraModifierTests.ShakeModifier_DecaysToZero_ThenSelfRemoves" methodname="ShakeModifier_DecaysToZero_ThenSelfRemoves" classname="OneStarMaker.Tests.CameraSystem.CameraModifierTests" runstate="Runnable" seed="1095194196" result="Passed" start-time="2026-09-14 06:23:22Z" end-time="2026-09-14 06:23:22Z" duration="0.001048" asserts="0">
                <properties>
                  <property name="retryIteration" value="0" />
                  <property name="repeatIteration" value="0" />
                </properties>
              </test-case>
            </test-suite>
            <test-suite type="TestFixture" id="1529" name="CameraStackTests" fullname="OneStarMaker.Tests.CameraSystem.CameraStackTests" classname="OneStarMaker.Tests.CameraSystem.CameraStackTests" runstate="Runnable" testcasecount="9" result="Passed" start-time="2026-09-14 06:23:22Z" end-time="2026-09-14 06:23:22Z" duration="0.012483" total="9" passed="9" failed="0" inconclusive="0" skipped="0" asserts="0">
              <properties />
              <test-case id="1536" name="AllStacksEmpty_FallbackCameraActive" fullname="OneStarMaker.Tests.CameraSystem.CameraStackTests.AllStacksEmpty_FallbackCameraActive" methodname="AllStacksEmpty_FallbackCameraActive" classname="OneStarMaker.Tests.CameraSystem.CameraStackTests" runstate="Runnable" seed="1704142836" result="Passed" start-time="2026-09-14 06:23:22Z" end-time="2026-09-14 06:23:22Z" duration="0.002680" asserts="0">
                <properties>
                  <property name="retryIteration" value="0" />
                  <property name="repeatIteration" value="0" />
                </properties>
              </test-case>
              <test-case id="1538" name="Dispose_ActiveChange_UsesDepartingCameraBlendSpec" fullname="OneStarMaker.Tests.CameraSystem.CameraStackTests.Dispose_ActiveChange_UsesDepartingCameraBlendSpec" methodname="Dispose_ActiveChange_UsesDepartingCameraBlendSpec" classname="OneStarMaker.Tests.CameraSystem.CameraStackTests" runstate="Runnable" seed="77688116" result="Passed" start-time="2026-09-14 06:23:22Z" end-time="2026-09-14 06:23:22Z" duration="0.001447" asserts="0">
                <properties>
                  <property name="retryIteration" value="0" />
                  <property name="repeatIteration" value="0" />
                </properties>
              </test-case>
              <test-case id="1534" name="Dispose_NonTop_RemovesWithoutActiveChange" fullname="OneStarMaker.Tests.CameraSystem.CameraStackTests.Dispose_NonTop_RemovesWithoutActiveChange" methodname="Dispose_NonTop_RemovesWithoutActiveChange" classname="OneStarMaker.Tests.CameraSystem.CameraStackTests" runstate="Runnable" seed="1791429333" result="Passed" start-time="2026-09-14 06:23:22Z" end-time="2026-09-14 06:23:22Z" duration="0.000946" asserts="0">
                <properties>
                  <property name="retryIteration" value="0" />
                  <property name="repeatIteration" value="0" />
                </properties>
              </test-case>
              <test-case id="1533" name="Dispose_Top_RestoresPrevious" fullname="OneStarMaker.Tests.CameraSystem.CameraStackTests.Dispose_Top_RestoresPrevious" methodname="Dispose_Top_RestoresPrevious" classname="OneStarMaker.Tests.CameraSystem.CameraStackTests" runstate="Runnable" seed="1853032679" result="Passed" start-time="2026-09-14 06:23:22Z" end-time="2026-09-14 06:23:22Z" duration="0.000272" asserts="0">
                <properties>
                  <property name="retryIteration" value="0" />
                  <property name="repeatIteration" value="0" />
                </properties>
              </test-case>
              <test-case id="1535" name="Dispose_Twice_IsIdempotent" fullname="OneStarMaker.Tests.CameraSystem.CameraStackTests.Dispose_Twice_IsIdempotent" methodname="Dispose_Twice_IsIdempotent" classname="OneStarMaker.Tests.CameraSystem.CameraStackTests" runstate="Runnable" seed="194010117" result="Passed" start-time="2026-09-14 06:23:22Z" end-time="2026-09-14 06:23:22Z" duration="0.001179" asserts="0">
                <properties>
                  <property name="retryIteration" value="0" />
                  <property name="repeatIteration" value="0" />
                </properties>
              </test-case>
              <test-case id="1537" name="Push_ActiveChange_ReportsBlendSpec" fullname="OneStarMaker.Tests.CameraSystem.CameraStackTests.Push_ActiveChange_ReportsBlendSpec" methodname="Push_ActiveChange_ReportsBlendSpec" classname="OneStarMaker.Tests.CameraSystem.CameraStackTests" runstate="Runnable" seed="502100292" result="Passed" start-time="2026-09-14 06:23:22Z" end-time="2026-09-14 06:23:22Z" duration="0.000672" asserts="0">
                <properties>
                  <property name="retryIteration" value="0" />
                  <property name="repeatIteration" value="0" />
                </properties>
              </test-case>
              <test-case id="1530" name="Push_EmptyStack_BecomesActive" fullname="OneStarMaker.Tests.CameraSystem.CameraStackTests.Push_EmptyStack_BecomesActive" methodname="Push_EmptyStack_BecomesActive" classname="OneStarMaker.Tests.CameraSystem.CameraStackTests" runstate="Runnable" seed="1078549660" result="Passed" start-time="2026-09-14 06:23:22Z" end-time="2026-09-14 06:23:22Z" duration="0.000342" asserts="0">
                <properties>
                  <property name="retryIteration" value="0" />
                  <property name="repeatIteration" value="0" />
                </properties>
              </test-case>
              <test-case id="1532" name="Push_HigherLayer_WinsOverLowerStackTop" fullname="OneStarMaker.Tests.CameraSystem.CameraStackTests.Push_HigherLayer_WinsOverLowerStackTop" methodname="Push_HigherLayer_WinsOverLowerStackTop" classname="OneStarMaker.Tests.CameraSystem.CameraStackTests" runstate="Runnable" seed="520206430" result="Passed" start-time="2026-09-14 06:23:22Z" end-time="2026-09-14 06:23:22Z" duration="0.000333" asserts="0">
                <properties>
                  <property name="retryIteration" value="0" />
                  <property name="repeatIteration" value="0" />
                </properties>
              </test-case>
              <test-case id="1531" name="Push_SameLayer_TopWins" fullname="OneStarMaker.Tests.CameraSystem.CameraStackTests.Push_SameLayer_TopWins" methodname="Push_SameLayer_TopWins" classname="OneStarMaker.Tests.CameraSystem.CameraStackTests" runstate="Runnable" seed="1713304444" result="Passed" start-time="2026-09-14 06:23:22Z" end-time="2026-09-14 06:23:22Z" duration="0.000629" asserts="0">
                <properties>
                  <property name="retryIteration" value="0" />
                  <property name="repeatIteration" value="0" />
                </properties>
              </test-case>
            </test-suite>
            <test-suite type="TestFixture" id="1539" name="CameraSystemSliceSetupTests" fullname="OneStarMaker.Tests.CameraSystem.CameraSystemSliceSetupTests" classname="OneStarMaker.Tests.CameraSystem.CameraSystemSliceSetupTests" runstate="Runnable" testcasecount="2" result="Passed" start-time="2026-09-14 06:23:22Z" end-time="2026-09-14 06:23:22Z" duration="0.013678" total="2" passed="2" failed="0" inconclusive="0" skipped="0" asserts="0">
              <properties />
              <test-case id="1540" name="CameraSystemSliceSetup_CreateStreamingFocusSources_DefaultExcludesMainAndMinimap" fullname="OneStarMaker.Tests.CameraSystem.CameraSystemSliceSetupTests.CameraSystemSliceSetup_CreateStreamingFocusSources_DefaultExcludesMainAndMinimap" methodname="CameraSystemSliceSetup_CreateStreamingFocusSources_DefaultExcludesMainAndMinimap" classname="OneStarMaker.Tests.CameraSystem.CameraSystemSliceSetupTests" runstate="Runnable" seed="1597418343" result="Passed" start-time="2026-09-14 06:23:22Z" end-time="2026-09-14 06:23:22Z" duration="0.010873" asserts="0">
                <properties>
                  <property name="retryIteration" value="0" />
                  <property name="repeatIteration" value="0" />
                </properties>
              </test-case>
              <test-case id="1541" name="CameraSystemSliceSetup_CreateStreamingFocusSources_WithIncludeMainView_IncludesMain" fullname="OneStarMaker.Tests.CameraSystem.CameraSystemSliceSetupTests.CameraSystemSliceSetup_CreateStreamingFocusSources_WithIncludeMainView_IncludesMain" methodname="CameraSystemSliceSetup_CreateStreamingFocusSources_WithIncludeMainView_IncludesMain" classname="OneStarMaker.Tests.CameraSystem.CameraSystemSliceSetupTests" runstate="Runnable" seed="350900814" result="Passed" start-time="2026-09-14 06:23:22Z" end-time="2026-09-14 06:23:22Z" duration="0.001015" asserts="0">
                <properties>
                  <property name="retryIteration" value="0" />
                  <property name="repeatIteration" value="0" />
                </properties>
              </test-case>
            </test-suite>
            <test-suite type="TestFixture" id="1542" name="CameraSystemTelemetryTests" fullname="OneStarMaker.Tests.CameraSystem.CameraSystemTelemetryTests" classname="OneStarMaker.Tests.CameraSystem.CameraSystemTelemetryTests" runstate="Runnable" testcasecount="10" result="Passed" start-time="2026-09-14 06:23:22Z" end-time="2026-09-14 06:23:22Z" duration="0.033520" total="10" passed="10" failed="0" inconclusive="0" skipped="0" asserts="0">
              <properties />
              <test-case id="1544" name="CameraSystemTelemetryCollector_CapturesActiveCameraAndBlendCount" fullname="OneStarMaker.Tests.CameraSystem.CameraSystemTelemetryTests.CameraSystemTelemetryCollector_CapturesActiveCameraAndBlendCount" methodname="CameraSystemTelemetryCollector_CapturesActiveCameraAndBlendCount" classname="OneStarMaker.Tests.CameraSystem.CameraSystemTelemetryTests" runstate="Runnable" seed="863360409" result="Passed" start-time="2026-09-14 06:23:22Z" end-time="2026-09-14 06:23:22Z" duration="0.008873" asserts="0">
                <properties>
                  <property name="retryIteration" value="0" />
                  <property name="repeatIteration" value="0" />
                </properties>
              </test-case>
              <test-case id="1543" name="CameraSystemTelemetryCollector_CapturesViewCountsAndStackDepths" fullname="OneStarMaker.Tests.CameraSystem.CameraSystemTelemetryTests.CameraSystemTelemetryCollector_CapturesViewCountsAndStackDepths" methodname="CameraSystemTelemetryCollector_CapturesViewCountsAndStackDepths" classname="OneStarMaker.Tests.CameraSystem.CameraSystemTelemetryTests" runstate="Runnable" seed="1070907148" result="Passed" start-time="2026-09-14 06:23:22Z" end-time="2026-09-14 06:23:22Z" duration="0.005217" asserts="0">
                <properties>
                  <property name="retryIteration" value="0" />
                  <property name="repeatIteration" value="0" />
                </properties>
              </test-case>
              <test-case id="1552" name="CameraSystemTelemetryEmitter_EmitSnapshot_WritesCameraMetadataFields" fullname="OneStarMaker.Tests.CameraSystem.CameraSystemTelemetryTests.CameraSystemTelemetryEmitter_EmitSnapshot_WritesCameraMetadataFields" methodname="CameraSystemTelemetryEmitter_EmitSnapshot_WritesCameraMetadataFields" classname="OneStarMaker.Tests.CameraSystem.CameraSystemTelemetryTests" runstate="Runnable" seed="27893094" result="Passed" start-time="2026-09-14 06:23:22Z" end-time="2026-09-14 06:23:22Z" duration="0.004765" asserts="0">
                <properties>
                  <property name="retryIteration" value="0" />
                  <property name="repeatIteration" value="0" />
                </properties>
              </test-case>
              <test-case id="1545" name="CameraTelemetryHash_ComputeActiveCameraIdHash_IsDeterministicAndAvoidsUnsetSentinel" fullname="OneStarMaker.Tests.CameraSystem.CameraSystemTelemetryTests.CameraTelemetryHash_ComputeActiveCameraIdHash_IsDeterministicAndAvoidsUnsetSentinel" methodname="CameraTelemetryHash_ComputeActiveCameraIdHash_IsDeterministicAndAvoidsUnsetSentinel" classname="OneStarMaker.Tests.CameraSystem.CameraSystemTelemetryTests" runstate="Runnable" seed="774431291" result="Passed" start-time="2026-09-14 06:23:22Z" end-time="2026-09-14 06:23:22Z" duration="0.000409" asserts="0">
                <properties>
                  <property name="retryIteration" value="0" />
                  <property name="repeatIteration" value="0" />
                </properties>
              </test-case>
              <test-case id="1548" name="CameraView_CameraSwitchSpan_CutCompletesWithoutLeakingCurrentSpan" fullname="OneStarMaker.Tests.CameraSystem.CameraSystemTelemetryTests.CameraView_CameraSwitchSpan_CutCompletesWithoutLeakingCurrentSpan" methodname="CameraView_CameraSwitchSpan_CutCompletesWithoutLeakingCurrentSpan" classname="OneStarMaker.Tests.CameraSystem.CameraSystemTelemetryTests" runstate="Runnable" seed="342012596" result="Passed" start-time="2026-09-14 06:23:22Z" end-time="2026-09-14 06:23:22Z" duration="0.002152" asserts="0">
                <properties>
                  <property name="retryIteration" value="0" />
                  <property name="repeatIteration" value="0" />
                </properties>
              </test-case>
              <test-case id="1547" name="CameraView_CameraSwitchSpan_DoesNotEmitForInitialFallback" fullname="OneStarMaker.Tests.CameraSystem.CameraSystemTelemetryTests.CameraView_CameraSwitchSpan_DoesNotEmitForInitialFallback" methodname="CameraView_CameraSwitchSpan_DoesNotEmitForInitialFallback" classname="OneStarMaker.Tests.CameraSystem.CameraSystemTelemetryTests" runstate="Runnable" seed="1498488941" result="Passed" start-time="2026-09-14 06:23:22Z" end-time="2026-09-14 06:23:22Z" duration="0.001585" asserts="0">
                <properties>
                  <property name="retryIteration" value="0" />
                  <property name="repeatIteration" value="0" />
                </properties>
              </test-case>
              <test-case id="1546" name="CameraView_CameraSwitchSpan_EmitsVerboseWhenBlendCompletes" fullname="OneStarMaker.Tests.CameraSystem.CameraSystemTelemetryTests.CameraView_CameraSwitchSpan_EmitsVerboseWhenBlendCompletes" methodname="CameraView_CameraSwitchSpan_EmitsVerboseWhenBlendCompletes" classname="OneStarMaker.Tests.CameraSystem.CameraSystemTelemetryTests" runstate="Runnable" seed="177203617" result="Passed" start-time="2026-09-14 06:23:22Z" end-time="2026-09-14 06:23:22Z" duration="0.001189" asserts="0">
                <properties>
                  <property name="retryIteration" value="0" />
                  <property name="repeatIteration" value="0" />
                </properties>
              </test-case>
              <test-case id="1549" name="CameraView_CameraSwitchSpan_ForcesPreviousSpanClosedOnRapidSwitch" fullname="OneStarMaker.Tests.CameraSystem.CameraSystemTelemetryTests.CameraView_CameraSwitchSpan_ForcesPreviousSpanClosedOnRapidSwitch" methodname="CameraView_CameraSwitchSpan_ForcesPreviousSpanClosedOnRapidSwitch" classname="OneStarMaker.Tests.CameraSystem.CameraSystemTelemetryTests" runstate="Runnable" seed="1090482806" result="Passed" start-time="2026-09-14 06:23:22Z" end-time="2026-09-14 06:23:22Z" duration="0.000723" asserts="0">
                <properties>
                  <property name="retryIteration" value="0" />
                  <property name="repeatIteration" value="0" />
                </properties>
              </test-case>
              <test-case id="1550" name="FinishSpan_SummaryLevel_FiltersCameraSwitchWithoutLeakingCurrentSpan" fullname="OneStarMaker.Tests.CameraSystem.CameraSystemTelemetryTests.FinishSpan_SummaryLevel_FiltersCameraSwitchWithoutLeakingCurrentSpan" methodname="FinishSpan_SummaryLevel_FiltersCameraSwitchWithoutLeakingCurrentSpan" classname="OneStarMaker.Tests.CameraSystem.CameraSystemTelemetryTests" runstate="Runnable" seed="1629700058" result="Passed" start-time="2026-09-14 06:23:22Z" end-time="2026-09-14 06:23:22Z" duration="0.000445" asserts="0">
                <properties>
                  <property name="retryIteration" value="0" />
                  <property name="repeatIteration" value="0" />
                </properties>
              </test-case>
              <test-case id="1551" name="TelemetryStartType_CameraSwitch_RoundtripsThroughDebugSocketEnvelope" fullname="OneStarMaker.Tests.CameraSystem.CameraSystemTelemetryTests.TelemetryStartType_CameraSwitch_RoundtripsThroughDebugSocketEnvelope" methodname="TelemetryStartType_CameraSwitch_RoundtripsThroughDebugSocketEnvelope" classname="OneStarMaker.Tests.CameraSystem.CameraSystemTelemetryTests" runstate="Runnable" seed="1633178235" result="Passed" start-time="2026-09-14 06:23:22Z" end-time="2026-09-14 06:23:22Z" duration="0.003058" asserts="0">
                <properties>
                  <property name="retryIteration" value="0" />
                  <property name="repeatIteration" value="0" />
                </properties>
              </test-case>
            </test-suite>
            <test-suite type="TestFixture" id="1553" name="CameraSystemTickTests" fullname="OneStarMaker.Tests.CameraSystem.CameraSystemTickTests" classname="OneStarMaker.Tests.CameraSystem.CameraSystemTickTests" runstate="Runnable" testcasecount="2" result="Passed" start-time="2026-09-14 06:23:22Z" end-time="2026-09-14 06:23:22Z" duration="0.005132" total="2" passed="2" failed="0" inconclusive="0" skipped="0" asserts="0">
              <properties />
              <test-case id="1555" name="CameraSystem_Tick_SkipsReleasedViews" fullname="OneStarMaker.Tests.CameraSystem.CameraSystemTickTests.CameraSystem_Tick_SkipsReleasedViews" methodname="CameraSystem_Tick_SkipsReleasedViews" classname="OneStarMaker.Tests.CameraSystem.CameraSystemTickTests" runstate="Runnable" seed="437675492" result="Passed" start-time="2026-09-14 06:23:22Z" end-time="2026-09-14 06:23:22Z" duration="0.002577" asserts="0">
                <properties>
                  <property name="retryIteration" value="0" />
                  <property name="repeatIteration" value="0" />
                </properties>
              </test-case>
              <test-case id="1554" name="CameraSystem_Tick_TicksMainAndAdditionalViews" fullname="OneStarMaker.Tests.CameraSystem.CameraSystemTickTests.CameraSystem_Tick_TicksMainAndAdditionalViews" methodname="CameraSystem_Tick_TicksMainAndAdditionalViews" classname="OneStarMaker.Tests.CameraSystem.CameraSystemTickTests" runstate="Runnable" seed="13386480" result="Passed" start-time="2026-09-14 06:23:22Z" end-time="2026-09-14 06:23:22Z" duration="0.000669" asserts="0">
                <properties>
                  <property name="retryIteration" value="0" />
                  <property name="repeatIteration" value="0" />
                </properties>
              </test-case>
            </test-suite>
[...]
                      <property name="repeatIteration" value="0" />
                    </properties>
                  </test-case>
                  <test-case id="1736" name="BuildOpenPlan_UsesFrozenOrderAndExactVariant(&quot;Environment&quot;,&quot;Full&quot;,&quot;Spring_Cell_0_0:|Spring_Environment_0_0:&quot;)" fullname="OneStarMaker.Tests.Editor.WorldAuthoring.WorldWorkspaceSelectionTests.BuildOpenPlan_UsesFrozenOrderAndExactVariant(&quot;Environment&quot;,&quot;Full&quot;,&quot;Spring_Cell_0_0:|Spring_Environment_0_0:&quot;)" methodname="BuildOpenPlan_UsesFrozenOrderAndExactVariant" classname="OneStarMaker.Tests.Editor.WorldAuthoring.WorldWorkspaceSelectionTests" runstate="Runnable" seed="70870922" result="Passed" start-time="2026-09-14 06:27:07Z" end-time="2026-09-14 06:27:07Z" duration="0.015268" asserts="0">
                    <properties>
                      <property name="retryIteration" value="0" />
                      <property name="repeatIteration" value="0" />
                    </properties>
                  </test-case>
                  <test-case id="1737" name="BuildOpenPlan_UsesFrozenOrderAndExactVariant(&quot;Lighting&quot;,&quot;Full&quot;,&quot;Spring_Cell_0_0:|Spring_Environment_0_0:|Spring_Lighting:|Spring_Lighting_0_0:&quot;)" fullname="OneStarMaker.Tests.Editor.WorldAuthoring.WorldWorkspaceSelectionTests.BuildOpenPlan_UsesFrozenOrderAndExactVariant(&quot;Lighting&quot;,&quot;Full&quot;,&quot;Spring_Cell_0_0:|Spring_Environment_0_0:|Spring_Lighting:|Spring_Lighting_0_0:&quot;)" methodname="BuildOpenPlan_UsesFrozenOrderAndExactVariant" classname="OneStarMaker.Tests.Editor.WorldAuthoring.WorldWorkspaceSelectionTests" runstate="Runnable" seed="1387187579" result="Passed" start-time="2026-09-14 06:27:07Z" end-time="2026-09-14 06:27:07Z" duration="0.017008" asserts="0">
                    <properties>
                      <property name="retryIteration" value="0" />
                      <property name="repeatIteration" value="0" />
                    </properties>
                  </test-case>
                  <test-case id="1738" name="BuildOpenPlan_UsesFrozenOrderAndExactVariant(&quot;Vfx&quot;,&quot;Full&quot;,&quot;Spring_Cell_0_0:|Spring_Environment_0_0:|Spring_Lighting:|Spring_VFX_0_0:&quot;)" fullname="OneStarMaker.Tests.Editor.WorldAuthoring.WorldWorkspaceSelectionTests.BuildOpenPlan_UsesFrozenOrderAndExactVariant(&quot;Vfx&quot;,&quot;Full&quot;,&quot;Spring_Cell_0_0:|Spring_Environment_0_0:|Spring_Lighting:|Spring_VFX_0_0:&quot;)" methodname="BuildOpenPlan_UsesFrozenOrderAndExactVariant" classname="OneStarMaker.Tests.Editor.WorldAuthoring.WorldWorkspaceSelectionTests" runstate="Runnable" seed="233850697" result="Passed" start-time="2026-09-14 06:27:07Z" end-time="2026-09-14 06:27:07Z" duration="0.016756" asserts="0">
                    <properties>
                      <property name="retryIteration" value="0" />
                      <property name="repeatIteration" value="0" />
                    </properties>
                  </test-case>
                  <test-case id="1739" name="BuildOpenPlan_UsesFrozenOrderAndExactVariant(&quot;Planner&quot;,&quot;Full&quot;,&quot;Spring_Cell_0_0:Whitebox|Spring_Events_0_0:&quot;)" fullname="OneStarMaker.Tests.Editor.WorldAuthoring.WorldWorkspaceSelectionTests.BuildOpenPlan_UsesFrozenOrderAndExactVariant(&quot;Planner&quot;,&quot;Full&quot;,&quot;Spring_Cell_0_0:Whitebox|Spring_Events_0_0:&quot;)" methodname="BuildOpenPlan_UsesFrozenOrderAndExactVariant" classname="OneStarMaker.Tests.Editor.WorldAuthoring.WorldWorkspaceSelectionTests" runstate="Runnable" seed="1774807309" result="Passed" start-time="2026-09-14 06:27:07Z" end-time="2026-09-14 06:27:07Z" duration="0.015922" asserts="0">
                    <properties>
                      <property name="retryIteration" value="0" />
                      <property name="repeatIteration" value="0" />
                    </properties>
                  </test-case>
                </test-suite>
                <test-suite type="ParameterizedMethod" id="1743" name="Constructor_AcceptsAllCoordinateBoundaries" fullname="OneStarMaker.Tests.Editor.WorldAuthoring.WorldWorkspaceSelectionTests.Constructor_AcceptsAllCoordinateBoundaries" classname="OneStarMaker.Tests.Editor.WorldAuthoring.WorldWorkspaceSelectionTests" runstate="Runnable" testcasecount="2" result="Passed" start-time="2026-09-14 06:27:07Z" end-time="2026-09-14 06:27:07Z" duration="0.032762" total="2" passed="2" failed="0" inconclusive="0" skipped="0" asserts="0">
                  <properties />
                  <test-case id="1741" name="Constructor_AcceptsAllCoordinateBoundaries(&quot;Spring&quot;,0,0)" fullname="OneStarMaker.Tests.Editor.WorldAuthoring.WorldWorkspaceSelectionTests.Constructor_AcceptsAllCoordinateBoundaries(&quot;Spring&quot;,0,0)" methodname="Constructor_AcceptsAllCoordinateBoundaries" classname="OneStarMaker.Tests.Editor.WorldAuthoring.WorldWorkspaceSelectionTests" runstate="Runnable" seed="2040149563" result="Passed" start-time="2026-09-14 06:27:07Z" end-time="2026-09-14 06:27:07Z" duration="0.015380" asserts="0">
                    <properties>
                      <property name="retryIteration" value="0" />
                      <property name="repeatIteration" value="0" />
                    </properties>
                  </test-case>
                  <test-case id="1742" name="Constructor_AcceptsAllCoordinateBoundaries(&quot;Winter&quot;,8,5)" fullname="OneStarMaker.Tests.Editor.WorldAuthoring.WorldWorkspaceSelectionTests.Constructor_AcceptsAllCoordinateBoundaries(&quot;Winter&quot;,8,5)" methodname="Constructor_AcceptsAllCoordinateBoundaries" classname="OneStarMaker.Tests.Editor.WorldAuthoring.WorldWorkspaceSelectionTests" runstate="Runnable" seed="542255823" result="Passed" start-time="2026-09-14 06:27:07Z" end-time="2026-09-14 06:27:07Z" duration="0.015940" asserts="0">
                    <properties>
                      <property name="retryIteration" value="0" />
                      <property name="repeatIteration" value="0" />
                    </properties>
                  </test-case>
                </test-suite>
                <test-suite type="ParameterizedMethod" id="1749" name="Constructor_RejectsOutOfRangeCoordinates" fullname="OneStarMaker.Tests.Editor.WorldAuthoring.WorldWorkspaceSelectionTests.Constructor_RejectsOutOfRangeCoordinates" classname="OneStarMaker.Tests.Editor.WorldAuthoring.WorldWorkspaceSelectionTests" runstate="Runnable" testcasecount="4" result="Passed" start-time="2026-09-14 06:27:07Z" end-time="2026-09-14 06:27:07Z" duration="0.052555" total="4" passed="4" failed="0" inconclusive="0" skipped="0" asserts="0">
                  <properties />
                  <test-case id="1745" name="Constructor_RejectsOutOfRangeCoordinates(-1,0)" fullname="OneStarMaker.Tests.Editor.WorldAuthoring.WorldWorkspaceSelectionTests.Constructor_RejectsOutOfRangeCoordinates(-1,0)" methodname="Constructor_RejectsOutOfRangeCoordinates" classname="OneStarMaker.Tests.Editor.WorldAuthoring.WorldWorkspaceSelectionTests" runstate="Runnable" seed="487275760" result="Passed" start-time="2026-09-14 06:27:07Z" end-time="2026-09-14 06:27:07Z" duration="0.015434" asserts="0">
                    <properties>
                      <property name="retryIteration" value="0" />
                      <property name="repeatIteration" value="0" />
                    </properties>
                  </test-case>
                  <test-case id="1746" name="Constructor_RejectsOutOfRangeCoordinates(9,0)" fullname="OneStarMaker.Tests.Editor.WorldAuthoring.WorldWorkspaceSelectionTests.Constructor_RejectsOutOfRangeCoordinates(9,0)" methodname="Constructor_RejectsOutOfRangeCoordinates" classname="OneStarMaker.Tests.Editor.WorldAuthoring.WorldWorkspaceSelectionTests" runstate="Runnable" seed="575121607" result="Passed" start-time="2026-09-14 06:27:07Z" end-time="2026-09-14 06:27:07Z" duration="0.015915" asserts="0">
                    <properties>
                      <property name="retryIteration" value="0" />
                      <property name="repeatIteration" value="0" />
                    </properties>
                  </test-case>
                  <test-case id="1747" name="Constructor_RejectsOutOfRangeCoordinates(0,-1)" fullname="OneStarMaker.Tests.Editor.WorldAuthoring.WorldWorkspaceSelectionTests.Constructor_RejectsOutOfRangeCoordinates(0,-1)" methodname="Constructor_RejectsOutOfRangeCoordinates" classname="OneStarMaker.Tests.Editor.WorldAuthoring.WorldWorkspaceSelectionTests" runstate="Runnable" seed="1881037071" result="Passed" start-time="2026-09-14 06:27:07Z" end-time="2026-09-14 06:27:07Z" duration="0.015067" asserts="0">
                    <properties>
                      <property name="retryIteration" value="0" />
                      <property name="repeatIteration" value="0" />
                    </properties>
                  </test-case>
                  <test-case id="1748" name="Constructor_RejectsOutOfRangeCoordinates(0,6)" fullname="OneStarMaker.Tests.Editor.WorldAuthoring.WorldWorkspaceSelectionTests.Constructor_RejectsOutOfRangeCoordinates(0,6)" methodname="Constructor_RejectsOutOfRangeCoordinates" classname="OneStarMaker.Tests.Editor.WorldAuthoring.WorldWorkspaceSelectionTests" runstate="Runnable" seed="238122427" result="Passed" start-time="2026-09-14 06:27:07Z" end-time="2026-09-14 06:27:07Z" duration="0.004018" asserts="0">
                    <properties>
                      <property name="retryIteration" value="0" />
                      <property name="repeatIteration" value="0" />
                    </properties>
                  </test-case>
                </test-suite>
                <test-suite type="ParameterizedMethod" id="1753" name="CreatePlan_CalculatesQualifiedPaths" fullname="OneStarMaker.Tests.Editor.WorldAuthoring.WorldWorkspaceSelectionTests.CreatePlan_CalculatesQualifiedPaths" classname="OneStarMaker.Tests.Editor.WorldAuthoring.WorldWorkspaceSelectionTests" runstate="Runnable" testcasecount="3" result="Passed" start-time="2026-09-14 06:27:07Z" end-time="2026-09-14 06:27:07Z" duration="0.047258" total="3" passed="3" failed="0" inconclusive="0" skipped="0" asserts="0">
                  <properties />
                  <test-case id="1750" name="CreatePlan_CalculatesQualifiedPaths(&quot;Lighting&quot;,&quot;Spring_Lighting_8_5&quot;)" fullname="OneStarMaker.Tests.Editor.WorldAuthoring.WorldWorkspaceSelectionTests.CreatePlan_CalculatesQualifiedPaths(&quot;Lighting&quot;,&quot;Spring_Lighting_8_5&quot;)" methodname="CreatePlan_CalculatesQualifiedPaths" classname="OneStarMaker.Tests.Editor.WorldAuthoring.WorldWorkspaceSelectionTests" runstate="Runnable" seed="1700969883" result="Passed" start-time="2026-09-14 06:27:07Z" end-time="2026-09-14 06:27:07Z" duration="0.013009" asserts="0">
                    <properties>
                      <property name="retryIteration" value="0" />
                      <property name="repeatIteration" value="0" />
                    </properties>
                  </test-case>
                  <test-case id="1751" name="CreatePlan_CalculatesQualifiedPaths(&quot;Vfx&quot;,&quot;Spring_VFX_8_5&quot;)" fullname="OneStarMaker.Tests.Editor.WorldAuthoring.WorldWorkspaceSelectionTests.CreatePlan_CalculatesQualifiedPaths(&quot;Vfx&quot;,&quot;Spring_VFX_8_5&quot;)" methodname="CreatePlan_CalculatesQualifiedPaths" classname="OneStarMaker.Tests.Editor.WorldAuthoring.WorldWorkspaceSelectionTests" runstate="Runnable" seed="2106397840" result="Passed" start-time="2026-09-14 06:27:07Z" end-time="2026-09-14 06:27:07Z" duration="0.014923" asserts="0">
                    <properties>
                      <property name="retryIteration" value="0" />
                      <property name="repeatIteration" value="0" />
                    </properties>
                  </test-case>
                  <test-case id="1752" name="CreatePlan_CalculatesQualifiedPaths(&quot;Planner&quot;,&quot;Spring_Events_8_5&quot;)" fullname="OneStarMaker.Tests.Editor.WorldAuthoring.WorldWorkspaceSelectionTests.CreatePlan_CalculatesQualifiedPaths(&quot;Planner&quot;,&quot;Spring_Events_8_5&quot;)" methodname="CreatePlan_CalculatesQualifiedPaths" classname="OneStarMaker.Tests.Editor.WorldAuthoring.WorldWorkspaceSelectionTests" runstate="Runnable" seed="2113447763" result="Passed" start-time="2026-09-14 06:27:07Z" end-time="2026-09-14 06:27:07Z" duration="0.017498" asserts="0">
                    <properties>
                      <property name="retryIteration" value="0" />
                      <property name="repeatIteration" value="0" />
                    </properties>
                  </test-case>
                </test-suite>
                <test-suite type="ParameterizedMethod" id="1756" name="CreatePlan_RejectsRequiredNonCompanionRoles" fullname="OneStarMaker.Tests.Editor.WorldAuthoring.WorldWorkspaceSelectionTests.CreatePlan_RejectsRequiredNonCompanionRoles" classname="OneStarMaker.Tests.Editor.WorldAuthoring.WorldWorkspaceSelectionTests" runstate="Runnable" testcasecount="2" result="Passed" start-time="2026-09-14 06:27:07Z" end-time="2026-09-14 06:27:08Z" duration="0.033168" total="2" passed="2" failed="0" inconclusive="0" skipped="0" asserts="0">
                  <properties />
                  <test-case id="1754" name="CreatePlan_RejectsRequiredNonCompanionRoles(0)" fullname="OneStarMaker.Tests.Editor.WorldAuthoring.WorldWorkspaceSelectionTests.CreatePlan_RejectsRequiredNonCompanionRoles(0)" methodname="CreatePlan_RejectsRequiredNonCompanionRoles" classname="OneStarMaker.Tests.Editor.WorldAuthoring.WorldWorkspaceSelectionTests" runstate="Runnable" seed="475190087" result="Passed" start-time="2026-09-14 06:27:07Z" end-time="2026-09-14 06:27:08Z" duration="0.014104" asserts="0">
                    <properties>
                      <property name="retryIteration" value="0" />
                      <property name="repeatIteration" value="0" />
                    </properties>
                  </test-case>
                  <test-case id="1755" name="CreatePlan_RejectsRequiredNonCompanionRoles(1)" fullname="OneStarMaker.Tests.Editor.WorldAuthoring.WorldWorkspaceSelectionTests.CreatePlan_RejectsRequiredNonCompanionRoles(1)" methodname="CreatePlan_RejectsRequiredNonCompanionRoles" classname="OneStarMaker.Tests.Editor.WorldAuthoring.WorldWorkspaceSelectionTests" runstate="Runnable" seed="1431762864" result="Passed" start-time="2026-09-14 06:27:08Z" end-time="2026-09-14 06:27:08Z" duration="0.017648" asserts="0">
                    <properties>
                      <property name="retryIteration" value="0" />
                      <property name="repeatIteration" value="0" />
                    </properties>
                  </test-case>
                </test-suite>
                <test-case id="1758" name="Opener_ResolvedLightingPlan_OpensSingleThenAdditiveInFrozenOrder" fullname="OneStarMaker.Tests.Editor.WorldAuthoring.WorldWorkspaceSelectionTests.Opener_ResolvedLightingPlan_OpensSingleThenAdditiveInFrozenOrder" methodname="Opener_ResolvedLightingPlan_OpensSingleThenAdditiveInFrozenOrder" classname="OneStarMaker.Tests.Editor.WorldAuthoring.WorldWorkspaceSelectionTests" runstate="Runnable" seed="1216826421" result="Passed" start-time="2026-09-14 06:27:08Z" end-time="2026-09-14 06:27:09Z" duration="1.209281" asserts="0">
                  <properties>
                    <property name="retryIteration" value="0" />
                    <property name="repeatIteration" value="0" />
                  </properties>
                </test-case>
                <test-case id="1757" name="Opener_WhiteboxMissing_DoesNotFallbackToDefaultPayload" fullname="OneStarMaker.Tests.Editor.WorldAuthoring.WorldWorkspaceSelectionTests.Opener_WhiteboxMissing_DoesNotFallbackToDefaultPayload" methodname="Opener_WhiteboxMissing_DoesNotFallbackToDefaultPayload" classname="OneStarMaker.Tests.Editor.WorldAuthoring.WorldWorkspaceSelectionTests" runstate="Runnable" seed="526379696" result="Passed" start-time="2026-09-14 06:27:09Z" end-time="2026-09-14 06:27:09Z" duration="0.005866" asserts="0">
                  <properties>
                    <property name="retryIteration" value="0" />
                    <property name="repeatIteration" value="0" />
                  </properties>
                </test-case>
                <test-case id="1744" name="Selection_AllSeasonsBoundariesRolesAndPayloads_ProducePlans" fullname="OneStarMaker.Tests.Editor.WorldAuthoring.WorldWorkspaceSelectionTests.Selection_AllSeasonsBoundariesRolesAndPayloads_ProducePlans" methodname="Selection_AllSeasonsBoundariesRolesAndPayloads_ProducePlans" classname="OneStarMaker.Tests.Editor.WorldAuthoring.WorldWorkspaceSelectionTests" runstate="Runnable" seed="1617789639" result="Passed" start-time="2026-09-14 06:27:09Z" end-time="2026-09-14 06:27:09Z" duration="0.015610" asserts="0">
                  <properties>
                    <property name="retryIteration" value="0" />
                    <property name="repeatIteration" value="0" />
                  </properties>
                </test-case>
              </test-suite>
            </test-suite>
          </test-suite>
        </test-suite>
      </test-suite>
    </test-suite>
    <test-suite type="Assembly" id="1828" name="Unity.Addressables.DocExampleCode.Editor.Tests.dll" fullname="D:/repositories/unity/SampleGameForOneStarMakerFramework/unity/Library/ScriptAssemblies/Unity.Addressables.DocExampleCode.Editor.Tests.dll" runstate="Runnable" testcasecount="1" result="Passed" start-time="2026-09-14 06:27:09Z" end-time="2026-09-14 06:27:09Z" duration="0.003793" total="1" passed="1" failed="0" inconclusive="0" skipped="0" asserts="0">
      <properties>
        <property name="_PID" value="23080" />
        <property name="_APPDOMAIN" value="Unity Child Domain" />
        <property name="platform" value="EditMode" />
        <property name="EditorOnly" value="True" />
      </properties>
      <test-suite type="TestSuite" id="1829" name="AddressableAssets" fullname="AddressableAssets" runstate="Runnable" testcasecount="1" result="Passed" start-time="2026-09-14 06:27:09Z" end-time="2026-09-14 06:27:09Z" duration="0.002248" total="1" passed="1" failed="0" inconclusive="0" skipped="0" asserts="0">
        <properties />
        <test-suite type="TestSuite" id="1830" name="DocExampleCode" fullname="AddressableAssets.DocExampleCode" runstate="Runnable" testcasecount="1" result="Passed" start-time="2026-09-14 06:27:09Z" end-time="2026-09-14 06:27:09Z" duration="0.001789" total="1" passed="1" failed="0" inconclusive="0" skipped="0" asserts="0">
          <properties />
          <test-suite type="TestFixture" id="1826" name="TestStub" fullname="AddressableAssets.DocExampleCode.TestStub" classname="AddressableAssets.DocExampleCode.TestStub" runstate="Runnable" testcasecount="1" result="Passed" start-time="2026-09-14 06:27:09Z" end-time="2026-09-14 06:27:09Z" duration="0.001340" total="1" passed="1" failed="0" inconclusive="0" skipped="0" asserts="0">
            <properties />
            <test-case id="1827" name="RequiredTest" fullname="AddressableAssets.DocExampleCode.TestStub.RequiredTest" methodname="RequiredTest" classname="AddressableAssets.DocExampleCode.TestStub" runstate="Runnable" seed="1965245001" result="Passed" start-time="2026-09-14 06:27:09Z" end-time="2026-09-14 06:27:09Z" duration="0.000225" asserts="0">
              <properties>
                <property name="retryIteration" value="0" />
                <property name="repeatIteration" value="0" />
              </properties>
              <output><![CDATA[Saving results to: C:/Users/void/AppData/LocalLow/DefaultCompany/SampleGame\TestResults.xml
]]></output>
            </test-case>
          </test-suite>
        </test-suite>
      </test-suite>
    </test-suite>
  </test-suite>
</test-run>