<?xml version="1.0" encoding="utf-8"?>
<test-run id="2" testcasecount="4" result="Passed" total="4" passed="4" failed="0" inconclusive="0" skipped="0" asserts="0" engine-version="3.5.0.0" clr-version="4.0.30319.42000" start-time="2026-09-18 17:11:10Z" end-time="2026-09-18 17:11:11Z" duration="0.1216347">
  <test-suite type="TestSuite" id="1000" name="SampleGame" fullname="SampleGame" runstate="Runnable" testcasecount="802" result="Passed" start-time="2026-09-18 17:11:10Z" end-time="2026-09-18 17:11:11Z" duration="0.121635" total="4" passed="4" failed="0" inconclusive="0" skipped="0" asserts="0">
    <properties>
      <property name="platform" value="EditMode" />
    </properties>
    <test-suite type="Assembly" id="1658" name="OneStarMaker.Tests.dll" fullname="D:/repositories/unity/SampleGameForOneStarMakerFramework/unity/Library/ScriptAssemblies/OneStarMaker.Tests.dll" runstate="Runnable" testcasecount="565" result="Passed" start-time="2026-09-18 17:11:10Z" end-time="2026-09-18 17:11:11Z" duration="0.094937" total="4" passed="4" failed="0" inconclusive="0" skipped="0" asserts="0">
      <properties>
        <property name="_PID" value="33876" />
        <property name="_APPDOMAIN" value="Unity Child Domain" />
        <property name="platform" value="EditMode" />
        <property name="EditorOnly" value="True" />
      </properties>
      <test-suite type="TestSuite" id="1659" name="OneStarMaker" fullname="OneStarMaker" runstate="Runnable" testcasecount="565" result="Passed" start-time="2026-09-18 17:11:10Z" end-time="2026-09-18 17:11:11Z" duration="0.087880" total="4" passed="4" failed="0" inconclusive="0" skipped="0" asserts="0">
        <properties />
        <test-suite type="TestSuite" id="1660" name="Tests" fullname="OneStarMaker.Tests" runstate="Runnable" testcasecount="565" result="Passed" start-time="2026-09-18 17:11:10Z" end-time="2026-09-18 17:11:11Z" duration="0.080696" total="4" passed="4" failed="0" inconclusive="0" skipped="0" asserts="0">
          <properties />
          <test-suite type="TestSuite" id="1669" name="BuildContent" fullname="OneStarMaker.Tests.BuildContent" runstate="Runnable" testcasecount="8" result="Passed" start-time="2026-09-18 17:11:10Z" end-time="2026-09-18 17:11:11Z" duration="0.060536" total="4" passed="4" failed="0" inconclusive="0" skipped="0" asserts="0">
            <properties />
            <test-suite type="TestFixture" id="1594" name="ContentDirectoryIndexTests" fullname="OneStarMaker.Tests.BuildContent.ContentDirectoryIndexTests" classname="OneStarMaker.Tests.BuildContent.ContentDirectoryIndexTests" runstate="Runnable" testcasecount="4" result="Passed" start-time="2026-09-18 17:11:10Z" end-time="2026-09-18 17:11:11Z" duration="0.057013" total="4" passed="4" failed="0" inconclusive="0" skipped="0" asserts="0">
              <properties />
              <test-case id="1596" name="DuplicateLogicalRepresentationKind_IsRejected" fullname="OneStarMaker.Tests.BuildContent.ContentDirectoryIndexTests.DuplicateLogicalRepresentationKind_IsRejected" methodname="DuplicateLogicalRepresentationKind_IsRejected" classname="OneStarMaker.Tests.BuildContent.ContentDirectoryIndexTests" runstate="Runnable" seed="995246037" result="Passed" start-time="2026-09-18 17:11:10Z" end-time="2026-09-18 17:11:10Z" duration="0.030662" asserts="0">
                <properties>
                  <property name="retryIteration" value="0" />
                  <property name="repeatIteration" value="0" />
                </properties>
              </test-case>
              <test-case id="1595" name="SceneResolution_FallsBackOnlyToFull" fullname="OneStarMaker.Tests.BuildContent.ContentDirectoryIndexTests.SceneResolution_FallsBackOnlyToFull" methodname="SceneResolution_FallsBackOnlyToFull" classname="OneStarMaker.Tests.BuildContent.ContentDirectoryIndexTests" runstate="Runnable" seed="495335943" result="Passed" start-time="2026-09-18 17:11:10Z" end-time="2026-09-18 17:11:10Z" duration="0.001551" asserts="0">
                <properties>
                  <property name="retryIteration" value="0" />
                  <property name="repeatIteration" value="0" />
                </properties>
              </test-case>
              <test-case id="1598" name="SeparatorInLogicalFields_DoesNotMergeDistinctEntries" fullname="OneStarMaker.Tests.BuildContent.ContentDirectoryIndexTests.SeparatorInLogicalFields_DoesNotMergeDistinctEntries" methodname="SeparatorInLogicalFields_DoesNotMergeDistinctEntries" classname="OneStarMaker.Tests.BuildContent.ContentDirectoryIndexTests" runstate="Runnable" seed="292774216" result="Passed" start-time="2026-09-18 17:11:10Z" end-time="2026-09-18 17:11:10Z" duration="0.000840" asserts="0">
                <properties>
                  <property name="retryIteration" value="0" />
                  <property name="repeatIteration" value="0" />
                </properties>
              </test-case>
              <test-case id="1597" name="UntaggedLegacyEntry_IsIndexedAsFull" fullname="OneStarMaker.Tests.BuildContent.ContentDirectoryIndexTests.UntaggedLegacyEntry_IsIndexedAsFull" methodname="UntaggedLegacyEntry_IsIndexedAsFull" classname="OneStarMaker.Tests.BuildContent.ContentDirectoryIndexTests" runstate="Runnable" seed="658256270" result="Passed" start-time="2026-09-18 17:11:10Z" end-time="2026-09-18 17:11:10Z" duration="0.000500" asserts="0">
                <properties>
                  <property name="retryIteration" value="0" />
                  <property name="repeatIteration" value="0" />
                </properties>
                <output><![CDATA[Saving results to: C:/Users/void/AppData/LocalLow/DefaultCompany/SampleGame\TestResults.xml
]]></output>
              </test-case>
            </test-suite>
          </test-suite>
        </test-suite>
      </test-suite>
    </test-suite>
  </test-suite>
</test-run>