<?xml version="1.0" encoding="utf-8"?>
<test-run id="2" testcasecount="22" result="Passed" total="22" passed="22" failed="0" inconclusive="0" skipped="0" asserts="0" engine-version="3.5.0.0" clr-version="4.0.30319.42000" start-time="2026-09-18 12:23:31Z" end-time="2026-09-18 12:24:38Z" duration="67.0596481">
  <test-suite type="TestSuite" id="1000" name="SampleGame" fullname="SampleGame" runstate="Runnable" testcasecount="800" result="Passed" start-time="2026-09-18 12:23:31Z" end-time="2026-09-18 12:24:38Z" duration="67.059648" total="22" passed="22" failed="0" inconclusive="0" skipped="0" asserts="0">
    <properties>
      <property name="platform" value="EditMode" />
    </properties>
    <test-suite type="Assembly" id="1657" name="OneStarMaker.Tests.dll" fullname="D:/repositories/unity/SampleGameForOneStarMakerFramework/unity/Library/ScriptAssemblies/OneStarMaker.Tests.dll" runstate="Runnable" testcasecount="564" result="Passed" start-time="2026-09-18 12:23:31Z" end-time="2026-09-18 12:23:31Z" duration="0.070549" total="4" passed="4" failed="0" inconclusive="0" skipped="0" asserts="0">
      <properties>
        <property name="_PID" value="22680" />
        <property name="_APPDOMAIN" value="Unity Child Domain" />
        <property name="platform" value="EditMode" />
        <property name="EditorOnly" value="True" />
      </properties>
      <test-suite type="TestSuite" id="1658" name="OneStarMaker" fullname="OneStarMaker" runstate="Runnable" testcasecount="564" result="Passed" start-time="2026-09-18 12:23:31Z" end-time="2026-09-18 12:23:31Z" duration="0.063718" total="4" passed="4" failed="0" inconclusive="0" skipped="0" asserts="0">
        <properties />
        <test-suite type="TestSuite" id="1659" name="Tests" fullname="OneStarMaker.Tests" runstate="Runnable" testcasecount="564" result="Passed" start-time="2026-09-18 12:23:31Z" end-time="2026-09-18 12:23:31Z" duration="0.057390" total="4" passed="4" failed="0" inconclusive="0" skipped="0" asserts="0">
          <properties />
          <test-suite type="TestSuite" id="1668" name="BuildContent" fullname="OneStarMaker.Tests.BuildContent" runstate="Runnable" testcasecount="7" result="Passed" start-time="2026-09-18 12:23:31Z" end-time="2026-09-18 12:23:31Z" duration="0.044534" total="4" passed="4" failed="0" inconclusive="0" skipped="0" asserts="0">
            <properties />
            <test-suite type="TestFixture" id="1594" name="ContentDirectoryIndexTests" fullname="OneStarMaker.Tests.BuildContent.ContentDirectoryIndexTests" classname="OneStarMaker.Tests.BuildContent.ContentDirectoryIndexTests" runstate="Runnable" testcasecount="4" result="Passed" start-time="2026-09-18 12:23:31Z" end-time="2026-09-18 12:23:31Z" duration="0.042603" total="4" passed="4" failed="0" inconclusive="0" skipped="0" asserts="0">
              <properties />
              <test-case id="1596" name="DuplicateLogicalRepresentationKind_IsRejected" fullname="OneStarMaker.Tests.BuildContent.ContentDirectoryIndexTests.DuplicateLogicalRepresentationKind_IsRejected" methodname="DuplicateLogicalRepresentationKind_IsRejected" classname="OneStarMaker.Tests.BuildContent.ContentDirectoryIndexTests" runstate="Runnable" seed="1700142113" result="Passed" start-time="2026-09-18 12:23:31Z" end-time="2026-09-18 12:23:31Z" duration="0.021441" asserts="0">
                <properties>
                  <property name="retryIteration" value="0" />
                  <property name="repeatIteration" value="0" />
                </properties>
              </test-case>
              <test-case id="1595" name="SceneResolution_FallsBackOnlyToFull" fullname="OneStarMaker.Tests.BuildContent.ContentDirectoryIndexTests.SceneResolution_FallsBackOnlyToFull" methodname="SceneResolution_FallsBackOnlyToFull" classname="OneStarMaker.Tests.BuildContent.ContentDirectoryIndexTests" runstate="Runnable" seed="1734818505" result="Passed" start-time="2026-09-18 12:23:31Z" end-time="2026-09-18 12:23:31Z" duration="0.001326" asserts="0">
                <properties>
                  <property name="retryIteration" value="0" />
                  <property name="repeatIteration" value="0" />
                </properties>
              </test-case>
              <test-case id="1598" name="SeparatorInLogicalFields_DoesNotMergeDistinctEntries" fullname="OneStarMaker.Tests.BuildContent.ContentDirectoryIndexTests.SeparatorInLogicalFields_DoesNotMergeDistinctEntries" methodname="SeparatorInLogicalFields_DoesNotMergeDistinctEntries" classname="OneStarMaker.Tests.BuildContent.ContentDirectoryIndexTests" runstate="Runnable" seed="2006489580" result="Passed" start-time="2026-09-18 12:23:31Z" end-time="2026-09-18 12:23:31Z" duration="0.000504" asserts="0">
                <properties>
                  <property name="retryIteration" value="0" />
                  <property name="repeatIteration" value="0" />
                </properties>
              </test-case>
              <test-case id="1597" name="UntaggedLegacyEntry_IsIndexedAsFull" fullname="OneStarMaker.Tests.BuildContent.ContentDirectoryIndexTests.UntaggedLegacyEntry_IsIndexedAsFull" methodname="UntaggedLegacyEntry_IsIndexedAsFull" classname="OneStarMaker.Tests.BuildContent.ContentDirectoryIndexTests" runstate="Runnable" seed="1696580083" result="Passed" start-time="2026-09-18 12:23:31Z" end-time="2026-09-18 12:23:31Z" duration="0.000367" asserts="0">
                <properties>
                  <property name="retryIteration" value="0" />
                  <property name="repeatIteration" value="0" />
                </properties>
              </test-case>
            </test-suite>
          </test-suite>
        </test-suite>
      </test-suite>
    </test-suite>
    <test-suite type="Assembly" id="1927" name="OneStarMaker.Tests.Editor.dll" fullname="D:/repositories/unity/SampleGameForOneStarMakerFramework/unity/Library/ScriptAssemblies/OneStarMaker.Tests.Editor.dll" runstate="Runnable" testcasecount="221" result="Passed" start-time="2026-09-18 12:23:31Z" end-time="2026-09-18 12:24:38Z" duration="66.961024" total="18" passed="18" failed="0" inconclusive="0" skipped="0" asserts="0">
      <properties>
        <property name="_PID" value="22680" />
        <property name="_APPDOMAIN" value="Unity Child Domain" />
        <property name="platform" value="EditMode" />
        <property name="EditorOnly" value="True" />
      </properties>
      <test-suite type="TestSuite" id="1928" name="OneStarMaker" fullname="OneStarMaker" runstate="Runnable" testcasecount="221" result="Passed" start-time="2026-09-18 12:23:31Z" end-time="2026-09-18 12:24:38Z" duration="66.957680" total="18" passed="18" failed="0" inconclusive="0" skipped="0" asserts="0">
        <properties />
        <test-suite type="TestSuite" id="1929" name="Tests" fullname="OneStarMaker.Tests" runstate="Runnable" testcasecount="221" result="Passed" start-time="2026-09-18 12:23:31Z" end-time="2026-09-18 12:24:38Z" duration="66.954792" total="18" passed="18" failed="0" inconclusive="0" skipped="0" asserts="0">
          <properties />
          <test-suite type="TestSuite" id="1930" name="Editor" fullname="OneStarMaker.Tests.Editor" runstate="Runnable" testcasecount="221" result="Passed" start-time="2026-09-18 12:23:31Z" end-time="2026-09-18 12:24:38Z" duration="66.952111" total="18" passed="18" failed="0" inconclusive="0" skipped="0" asserts="0">
            <properties />
            <test-suite type="TestSuite" id="1933" name="Build" fullname="OneStarMaker.Tests.Editor.Build" runstate="Runnable" testcasecount="117" result="Passed" start-time="2026-09-18 12:23:31Z" end-time="2026-09-18 12:24:38Z" duration="66.948104" total="18" passed="18" failed="0" inconclusive="0" skipped="0" asserts="0">
              <properties />
              <test-suite type="TestFixture" id="1801" name="BuildContentDirectoryIntegrationTests" fullname="OneStarMaker.Tests.Editor.Build.BuildContentDirectoryIntegrationTests" classname="OneStarMaker.Tests.Editor.Build.BuildContentDirectoryIntegrationTests" runstate="Runnable" testcasecount="1" result="Passed" start-time="2026-09-18 12:23:31Z" end-time="2026-09-18 12:24:38Z" duration="66.826492" total="1" passed="1" failed="0" inconclusive="0" skipped="0" asserts="0">
                <properties />
                <test-case id="1802" name="ScenePrefabTextureAndTwoRepresentationsBuildAndMoveAsOneDirectory" fullname="OneStarMaker.Tests.Editor.Build.BuildContentDirectoryIntegrationTests.ScenePrefabTextureAndTwoRepresentationsBuildAndMoveAsOneDirectory" methodname="ScenePrefabTextureAndTwoRepresentationsBuildAndMoveAsOneDirectory" classname="OneStarMaker.Tests.Editor.Build.BuildContentDirectoryIntegrationTests" runstate="Runnable" seed="384228031" result="Passed" start-time="2026-09-18 12:23:31Z" end-time="2026-09-18 12:24:38Z" duration="66.823697" asserts="0">
                  <properties>
                    <property name="_JOINTYPE" value="UnityCombinatorial" />
                    <property name="retryIteration" value="0" />
                    <property name="repeatIteration" value="0" />
                  </properties>
                  <output><![CDATA[Pipeline: No RuntimePipelineManager components found in build scenes. Pipeline will be disabled in Player builds.
Pipeline: No RuntimePipelineManager components found in build scenes. Pipeline will be disabled in Player builds.
[AppInit] DebugSocket configured. mode=Connect, endpoint=ws://127.0.0.1:5011/debugsocket/, autoStart=True, sendLogs=True, sendTelemetry=True.
[AppInit] AfterSceneLoad: loading UICommon.
[AppInit] AfterSceneLoad: loading SceneResourceMap.
[AppInit] Starting DebugSocket transport. mode=Connect, endpoint=ws://127.0.0.1:5011/debugsocket/, autoStart=True.
[DebugSocket] Starting outbound client transport. endpoint=ws://127.0.0.1:5011/debugsocket/
[DebugSocket] Connecting to DebugStudio server. endpoint=ws://127.0.0.1:5011/debugsocket/
[AppInit] DebugSocket transport start sequence finished. mode=Connect, isRunning=True.
[AppInit] SceneResourceMap に未登録のシーンをスキップ: 
[AppInit] SceneResourceMap に未登録のシーンをスキップ: UIScene
]]></output>
                </test-case>
              </test-suite>
              <test-suite type="TestFixture" id="1866" name="ContentDirectorySessionTests" fullname="OneStarMaker.Tests.Editor.Build.ContentDirectorySessionTests" classname="OneStarMaker.Tests.Editor.Build.ContentDirectorySessionTests" runstate="Runnable" testcasecount="17" result="Passed" start-time="2026-09-18 12:24:38Z" end-time="2026-09-18 12:24:38Z" duration="0.103908" total="17" passed="17" failed="0" inconclusive="0" skipped="0" asserts="0">
                <properties />
                <test-case id="1880" name="CancelledInstance_DestroysUnownedGameObjectBeforeUnregister" fullname="OneStarMaker.Tests.Editor.Build.ContentDirectorySessionTests.CancelledInstance_DestroysUnownedGameObjectBeforeUnregister" methodname="CancelledInstance_DestroysUnownedGameObjectBeforeUnregister" classname="OneStarMaker.Tests.Editor.Build.ContentDirectorySessionTests" runstate="Runnable" seed="763536190" result="Passed" start-time="2026-09-18 12:24:38Z" end-time="2026-09-18 12:24:38Z" duration="0.016430" asserts="0">
                  <properties>
                    <property name="retryIteration" value="0" />
                    <property name="repeatIteration" value="0" />
                  </properties>
                </test-case>
                <test-case id="1879" name="CancelledSceneCleanupFailure_RetainsRegistrationUntilRetry" fullname="OneStarMaker.Tests.Editor.Build.ContentDirectorySessionTests.CancelledSceneCleanupFailure_RetainsRegistrationUntilRetry" methodname="CancelledSceneCleanupFailure_RetainsRegistrationUntilRetry" classname="OneStarMaker.Tests.Editor.Build.ContentDirectorySessionTests" runstate="Runnable" seed="490241419" result="Passed" start-time="2026-09-18 12:24:38Z" end-time="2026-09-18 12:24:38Z" duration="0.013659" asserts="0">
                  <properties>
                    <property name="retryIteration" value="0" />
                    <property name="repeatIteration" value="0" />
                  </properties>
                </test-case>
                <test-case id="1867" name="CancelledSceneLoad_DrainsNativeCompletionBeforeUnregister" fullname="OneStarMaker.Tests.Editor.Build.ContentDirectorySessionTests.CancelledSceneLoad_DrainsNativeCompletionBeforeUnregister" methodname="CancelledSceneLoad_DrainsNativeCompletionBeforeUnregister" classname="OneStarMaker.Tests.Editor.Build.ContentDirectorySessionTests" runstate="Runnable" seed="1415962770" result="Passed" start-time="2026-09-18 12:24:38Z" end-time="2026-09-18 12:24:38Z" duration="0.003929" asserts="0">
                  <properties>
                    <property name="retryIteration" value="0" />
                    <property name="repeatIteration" value="0" />
                  </properties>
                </test-case>
                <test-case id="1878" name="ConcurrentCallers_ShareOneAssetAndOneSceneToken" fullname="OneStarMaker.Tests.Editor.Build.ContentDirectorySessionTests.ConcurrentCallers_ShareOneAssetAndOneSceneToken" methodname="ConcurrentCallers_ShareOneAssetAndOneSceneToken" classname="OneStarMaker.Tests.Editor.Build.ContentDirectorySessionTests" runstate="Runnable" seed="157253640" result="Passed" start-time="2026-09-18 12:24:38Z" end-time="2026-09-18 12:24:38Z" duration="0.012793" asserts="0">
                  <properties>
                    <property name="retryIteration" value="0" />
                    <property name="repeatIteration" value="0" />
                  </properties>
                </test-case>
                <test-case id="1872" name="DeferredSceneActivation_IsRejectedBeforeNativeOperation" fullname="OneStarMaker.Tests.Editor.Build.ContentDirectorySessionTests.DeferredSceneActivation_IsRejectedBeforeNativeOperation" methodname="DeferredSceneActivation_IsRejectedBeforeNativeOperation" classname="OneStarMaker.Tests.Editor.Build.ContentDirectorySessionTests" runstate="Runnable" seed="1262501331" result="Passed" start-time="2026-09-18 12:24:38Z" end-time="2026-09-18 12:24:38Z" duration="0.003928" asserts="0">
                  <properties>
                    <property name="retryIteration" value="0" />
                    <property name="repeatIteration" value="0" />
                  </properties>
                </test-case>
                <test-case id="1877" name="FailedRegistrationRollback_IsRetriedOnNextRegistration" fullname="OneStarMaker.Tests.Editor.Build.ContentDirectorySessionTests.FailedRegistrationRollback_IsRetriedOnNextRegistration" methodname="FailedRegistrationRollback_IsRetriedOnNextRegistration" classname="OneStarMaker.Tests.Editor.Build.ContentDirectorySessionTests" runstate="Runnable" seed="771959228" result="Passed" start-time="2026-09-18 12:24:38Z" end-time="2026-09-18 12:24:38Z" duration="0.002508" asserts="0">
                  <properties>
                    <property name="retryIteration" value="0" />
                    <property name="repeatIteration" value="0" />
                  </properties>
                </test-case>
                <test-case id="1874" name="InvalidRoot_RollsBackAndAllowsSamePathRetry" fullname="OneStarMaker.Tests.Editor.Build.ContentDirectorySessionTests.InvalidRoot_RollsBackAndAllowsSamePathRetry" methodname="InvalidRoot_RollsBackAndAllowsSamePathRetry" classname="OneStarMaker.Tests.Editor.Build.ContentDirectorySessionTests" runstate="Runnable" seed="2048526972" result="Passed" start-time="2026-09-18 12:24:38Z" end-time="2026-09-18 12:24:38Z" duration="0.001901" asserts="0">
                  <properties>
                    <property name="retryIteration" value="0" />
                    <property name="repeatIteration" value="0" />
                  </properties>
                </test-case>
                <test-case id="1875" name="LiveInstance_RejectsCloseUntilOwnerReleasesIt" fullname="OneStarMaker.Tests.Editor.Build.ContentDirectorySessionTests.LiveInstance_RejectsCloseUntilOwnerReleasesIt" methodname="LiveInstance_RejectsCloseUntilOwnerReleasesIt" classname="OneStarMaker.Tests.Editor.Build.ContentDirectorySessionTests" runstate="Runnable" seed="375737020" result="Passed" start-time="2026-09-18 12:24:38Z" end-time="2026-09-18 12:24:38Z" duration="0.004219" asserts="0">
                  <properties>
                    <property name="retryIteration" value="0" />
                    <property name="repeatIteration" value="0" />
                  </properties>
                </test-case>
                <test-case id="1868" name="MissingDirectoryAndMissingRoot_FailBeforeActiveRegistration" fullname="OneStarMaker.Tests.Editor.Build.ContentDirectorySessionTests.MissingDirectoryAndMissingRoot_FailBeforeActiveRegistration" methodname="MissingDirectoryAndMissingRoot_FailBeforeActiveRegistration" classname="OneStarMaker.Tests.Editor.Build.ContentDirectorySessionTests" runstate="Runnable" seed="449679421" result="Passed" start-time="2026-09-18 12:24:38Z" end-time="2026-09-18 12:24:38Z" duration="0.001814" asserts="0">
                  <properties>
                    <property name="retryIteration" value="0" />
                    <property name="repeatIteration" value="0" />
                  </properties>
                </test-case>
                <test-case id="1873" name="NativeLoadFailures_AreMappedToPublicReasonCode" fullname="OneStarMaker.Tests.Editor.Build.ContentDirectorySessionTests.NativeLoadFailures_AreMappedToPublicReasonCode" methodname="NativeLoadFailures_AreMappedToPublicReasonCode" classname="OneStarMaker.Tests.Editor.Build.ContentDirectorySessionTests" runstate="Runnable" seed="54524017" result="Passed" start-time="2026-09-18 12:24:38Z" end-time="2026-09-18 12:24:38Z" duration="0.005356" asserts="0">
                  <properties>
                    <property name="retryIteration" value="0" />
                    <property name="repeatIteration" value="0" />
                  </properties>
                </test-case>
                <test-case id="1871" name="NullInstanceResult_ReleasesIssuedTokenBeforeFailure" fullname="OneStarMaker.Tests.Editor.Build.ContentDirectorySessionTests.NullInstanceResult_ReleasesIssuedTokenBeforeFailure" methodname="NullInstanceResult_ReleasesIssuedTokenBeforeFailure" classname="OneStarMaker.Tests.Editor.Build.ContentDirectorySessionTests" runstate="Runnable" seed="1313810403" result="Passed" start-time="2026-09-18 12:24:38Z" end-time="2026-09-18 12:24:38Z" duration="0.003498" asserts="0">
                  <properties>
                    <property name="retryIteration" value="0" />
                    <property name="repeatIteration" value="0" />
                  </properties>
                </test-case>
                <test-case id="1869" name="OwnerReleaseFailure_IsRetainedAndCloseCanRetry" fullname="OneStarMaker.Tests.Editor.Build.ContentDirectorySessionTests.OwnerReleaseFailure_IsRetainedAndCloseCanRetry" methodname="OwnerReleaseFailure_IsRetainedAndCloseCanRetry" classname="OneStarMaker.Tests.Editor.Build.ContentDirectorySessionTests" runstate="Runnable" seed="1504930706" result="Passed" start-time="2026-09-18 12:24:38Z" end-time="2026-09-18 12:24:38Z" duration="0.005397" asserts="0">
                  <properties>
                    <property name="retryIteration" value="0" />
                    <property name="repeatIteration" value="0" />
                  </properties>
                </test-case>
                <test-case id="1883" name="ResidentCache_ReleasesDirectoryTokenAtClose" fullname="OneStarMaker.Tests.Editor.Build.ContentDirectorySessionTests.ResidentCache_ReleasesDirectoryTokenAtClose" methodname="ResidentCache_ReleasesDirectoryTokenAtClose" classname="OneStarMaker.Tests.Editor.Build.ContentDirectorySessionTests" runstate="Runnable" seed="2077786615" result="Passed" start-time="2026-09-18 12:24:38Z" end-time="2026-09-18 12:24:38Z" duration="0.007990" asserts="0">
                  <properties>
                    <property name="retryIteration" value="0" />
                    <property name="repeatIteration" value="0" />
                  </properties>
                </test-case>
                <test-case id="1881" name="SceneIdentity_CannotAliasAnotherRepresentation" fullname="OneStarMaker.Tests.Editor.Build.ContentDirectorySessionTests.SceneIdentity_CannotAliasAnotherRepresentation" methodname="SceneIdentity_CannotAliasAnotherRepresentation" classname="OneStarMaker.Tests.Editor.Build.ContentDirectorySessionTests" runstate="Runnable" seed="1518394487" result="Passed" start-time="2026-09-18 12:24:38Z" end-time="2026-09-18 12:24:38Z" duration="0.002535" asserts="0">
                  <properties>
                    <property name="retryIteration" value="0" />
                    <property name="repeatIteration" value="0" />
                  </properties>
                </test-case>
                <test-case id="1882" name="StoppedDirectory_RejectsRegistryHitWithoutNewNativeLoad" fullname="OneStarMaker.Tests.Editor.Build.ContentDirectorySessionTests.StoppedDirectory_RejectsRegistryHitWithoutNewNativeLoad" methodname="StoppedDirectory_RejectsRegistryHitWithoutNewNativeLoad" classname="OneStarMaker.Tests.Editor.Build.ContentDirectorySessionTests" runstate="Runnable" seed="1726131844" result="Passed" start-time="2026-09-18 12:24:38Z" end-time="2026-09-18 12:24:38Z" duration="0.003210" asserts="0">
                  <properties>
                    <property name="retryIteration" value="0" />
                    <property name="repeatIteration" value="0" />
                  </properties>
                </test-case>
                <test-case id="1870" name="SynchronousShutdown_WaitsForLiveSceneUnloadTerminal" fullname="OneStarMaker.Tests.Editor.Build.ContentDirectorySessionTests.SynchronousShutdown_WaitsForLiveSceneUnloadTerminal" methodname="SynchronousShutdown_WaitsForLiveSceneUnloadTerminal" classname="OneStarMaker.Tests.Editor.Build.ContentDirectorySessionTests" runstate="Runnable" seed="1273605406" result="Passed" start-time="2026-09-18 12:24:38Z" end-time="2026-09-18 12:24:38Z" duration="0.003448" asserts="0">
                  <properties>
                    <property name="retryIteration" value="0" />
                    <property name="repeatIteration" value="0" />
                  </properties>
                </test-case>
                <test-case id="1876" name="UnregisterFailure_KeepsDeleteBlockedAndCloseCanRetry" fullname="OneStarMaker.Tests.Editor.Build.ContentDirectorySessionTests.UnregisterFailure_KeepsDeleteBlockedAndCloseCanRetry" methodname="UnregisterFailure_KeepsDeleteBlockedAndCloseCanRetry" classname="OneStarMaker.Tests.Editor.Build.ContentDirectorySessionTests" runstate="Runnable" seed="2028534789" result="Passed" start-time="2026-09-18 12:24:38Z" end-time="2026-09-18 12:24:38Z" duration="0.003156" asserts="0">
                  <properties>
                    <property name="retryIteration" value="0" />
                    <property name="repeatIteration" value="0" />
                  </properties>
                  <output><![CDATA[Saving results to: C:/Users/void/AppData/LocalLow/DefaultCompany/SampleGame\TestResults.xml
]]></output>
                </test-case>
              </test-suite>
            </test-suite>
          </test-suite>
        </test-suite>
      </test-suite>
    </test-suite>
  </test-suite>
</test-run>