<?xml version="1.0" encoding="utf-8"?>
<test-run id="2" testcasecount="23" result="Passed" total="23" passed="23" failed="0" inconclusive="0" skipped="0" asserts="0" engine-version="3.5.0.0" clr-version="4.0.30319.42000" start-time="2026-09-18 13:52:13Z" end-time="2026-09-18 13:53:09Z" duration="55.9435063">
  <test-suite type="TestSuite" id="1000" name="SampleGame" fullname="SampleGame" runstate="Runnable" testcasecount="801" result="Passed" start-time="2026-09-18 13:52:13Z" end-time="2026-09-18 13:53:09Z" duration="55.943506" total="23" passed="23" failed="0" inconclusive="0" skipped="0" asserts="0">
    <properties>
      <property name="platform" value="EditMode" />
    </properties>
    <test-suite type="Assembly" id="1657" name="OneStarMaker.Tests.dll" fullname="D:/repositories/unity/SampleGameForOneStarMakerFramework/unity/Library/ScriptAssemblies/OneStarMaker.Tests.dll" runstate="Runnable" testcasecount="564" result="Passed" start-time="2026-09-18 13:52:13Z" end-time="2026-09-18 13:52:13Z" duration="0.076390" total="4" passed="4" failed="0" inconclusive="0" skipped="0" asserts="0">
      <properties>
        <property name="_PID" value="11412" />
        <property name="_APPDOMAIN" value="Unity Child Domain" />
        <property name="platform" value="EditMode" />
        <property name="EditorOnly" value="True" />
      </properties>
      <test-suite type="TestSuite" id="1658" name="OneStarMaker" fullname="OneStarMaker" runstate="Runnable" testcasecount="564" result="Passed" start-time="2026-09-18 13:52:13Z" end-time="2026-09-18 13:52:13Z" duration="0.068396" total="4" passed="4" failed="0" inconclusive="0" skipped="0" asserts="0">
        <properties />
        <test-suite type="TestSuite" id="1659" name="Tests" fullname="OneStarMaker.Tests" runstate="Runnable" testcasecount="564" result="Passed" start-time="2026-09-18 13:52:13Z" end-time="2026-09-18 13:52:13Z" duration="0.062115" total="4" passed="4" failed="0" inconclusive="0" skipped="0" asserts="0">
          <properties />
          <test-suite type="TestSuite" id="1668" name="BuildContent" fullname="OneStarMaker.Tests.BuildContent" runstate="Runnable" testcasecount="7" result="Passed" start-time="2026-09-18 13:52:13Z" end-time="2026-09-18 13:52:13Z" duration="0.048933" total="4" passed="4" failed="0" inconclusive="0" skipped="0" asserts="0">
            <properties />
            <test-suite type="TestFixture" id="1594" name="ContentDirectoryIndexTests" fullname="OneStarMaker.Tests.BuildContent.ContentDirectoryIndexTests" classname="OneStarMaker.Tests.BuildContent.ContentDirectoryIndexTests" runstate="Runnable" testcasecount="4" result="Passed" start-time="2026-09-18 13:52:13Z" end-time="2026-09-18 13:52:13Z" duration="0.047106" total="4" passed="4" failed="0" inconclusive="0" skipped="0" asserts="0">
              <properties />
              <test-case id="1596" name="DuplicateLogicalRepresentationKind_IsRejected" fullname="OneStarMaker.Tests.BuildContent.ContentDirectoryIndexTests.DuplicateLogicalRepresentationKind_IsRejected" methodname="DuplicateLogicalRepresentationKind_IsRejected" classname="OneStarMaker.Tests.BuildContent.ContentDirectoryIndexTests" runstate="Runnable" seed="1375336858" result="Passed" start-time="2026-09-18 13:52:13Z" end-time="2026-09-18 13:52:13Z" duration="0.022507" asserts="0">
                <properties>
                  <property name="retryIteration" value="0" />
                  <property name="repeatIteration" value="0" />
                </properties>
              </test-case>
              <test-case id="1595" name="SceneResolution_FallsBackOnlyToFull" fullname="OneStarMaker.Tests.BuildContent.ContentDirectoryIndexTests.SceneResolution_FallsBackOnlyToFull" methodname="SceneResolution_FallsBackOnlyToFull" classname="OneStarMaker.Tests.BuildContent.ContentDirectoryIndexTests" runstate="Runnable" seed="2095712770" result="Passed" start-time="2026-09-18 13:52:13Z" end-time="2026-09-18 13:52:13Z" duration="0.001508" asserts="0">
                <properties>
                  <property name="retryIteration" value="0" />
                  <property name="repeatIteration" value="0" />
                </properties>
              </test-case>
              <test-case id="1598" name="SeparatorInLogicalFields_DoesNotMergeDistinctEntries" fullname="OneStarMaker.Tests.BuildContent.ContentDirectoryIndexTests.SeparatorInLogicalFields_DoesNotMergeDistinctEntries" methodname="SeparatorInLogicalFields_DoesNotMergeDistinctEntries" classname="OneStarMaker.Tests.BuildContent.ContentDirectoryIndexTests" runstate="Runnable" seed="32182050" result="Passed" start-time="2026-09-18 13:52:13Z" end-time="2026-09-18 13:52:13Z" duration="0.000519" asserts="0">
                <properties>
                  <property name="retryIteration" value="0" />
                  <property name="repeatIteration" value="0" />
                </properties>
              </test-case>
              <test-case id="1597" name="UntaggedLegacyEntry_IsIndexedAsFull" fullname="OneStarMaker.Tests.BuildContent.ContentDirectoryIndexTests.UntaggedLegacyEntry_IsIndexedAsFull" methodname="UntaggedLegacyEntry_IsIndexedAsFull" classname="OneStarMaker.Tests.BuildContent.ContentDirectoryIndexTests" runstate="Runnable" seed="414147733" result="Passed" start-time="2026-09-18 13:52:13Z" end-time="2026-09-18 13:52:13Z" duration="0.000411" asserts="0">
                <properties>
                  <property name="retryIteration" value="0" />
                  <property name="repeatIteration" value="0" />
                </properties>
              </test-case>
            </test-suite>
          </test-suite>
        </test-suite>
      </test-suite>
    </test-suite>
    <test-suite type="Assembly" id="1928" name="OneStarMaker.Tests.Editor.dll" fullname="D:/repositories/unity/SampleGameForOneStarMakerFramework/unity/Library/ScriptAssemblies/OneStarMaker.Tests.Editor.dll" runstate="Runnable" testcasecount="222" result="Passed" start-time="2026-09-18 13:52:13Z" end-time="2026-09-18 13:53:09Z" duration="55.840361" total="19" passed="19" failed="0" inconclusive="0" skipped="0" asserts="0">
      <properties>
        <property name="_PID" value="11412" />
        <property name="_APPDOMAIN" value="Unity Child Domain" />
        <property name="platform" value="EditMode" />
        <property name="EditorOnly" value="True" />
      </properties>
      <test-suite type="TestSuite" id="1929" name="OneStarMaker" fullname="OneStarMaker" runstate="Runnable" testcasecount="222" result="Passed" start-time="2026-09-18 13:52:13Z" end-time="2026-09-18 13:53:09Z" duration="55.837024" total="19" passed="19" failed="0" inconclusive="0" skipped="0" asserts="0">
        <properties />
        <test-suite type="TestSuite" id="1930" name="Tests" fullname="OneStarMaker.Tests" runstate="Runnable" testcasecount="222" result="Passed" start-time="2026-09-18 13:52:13Z" end-time="2026-09-18 13:53:09Z" duration="55.834188" total="19" passed="19" failed="0" inconclusive="0" skipped="0" asserts="0">
          <properties />
          <test-suite type="TestSuite" id="1931" name="Editor" fullname="OneStarMaker.Tests.Editor" runstate="Runnable" testcasecount="222" result="Passed" start-time="2026-09-18 13:52:13Z" end-time="2026-09-18 13:53:09Z" duration="55.827858" total="19" passed="19" failed="0" inconclusive="0" skipped="0" asserts="0">
            <properties />
            <test-suite type="TestSuite" id="1934" name="Build" fullname="OneStarMaker.Tests.Editor.Build" runstate="Runnable" testcasecount="118" result="Passed" start-time="2026-09-18 13:52:13Z" end-time="2026-09-18 13:53:09Z" duration="55.810874" total="19" passed="19" failed="0" inconclusive="0" skipped="0" asserts="0">
              <properties />
              <test-suite type="TestFixture" id="1801" name="BuildContentDirectoryIntegrationTests" fullname="OneStarMaker.Tests.Editor.Build.BuildContentDirectoryIntegrationTests" classname="OneStarMaker.Tests.Editor.Build.BuildContentDirectoryIntegrationTests" runstate="Runnable" testcasecount="1" result="Passed" start-time="2026-09-18 13:52:13Z" end-time="2026-09-18 13:53:09Z" duration="55.684178" total="1" passed="1" failed="0" inconclusive="0" skipped="0" asserts="0">
                <properties />
                <test-case id="1802" name="ScenePrefabTextureAndTwoRepresentationsBuildAndMoveAsOneDirectory" fullname="OneStarMaker.Tests.Editor.Build.BuildContentDirectoryIntegrationTests.ScenePrefabTextureAndTwoRepresentationsBuildAndMoveAsOneDirectory" methodname="ScenePrefabTextureAndTwoRepresentationsBuildAndMoveAsOneDirectory" classname="OneStarMaker.Tests.Editor.Build.BuildContentDirectoryIntegrationTests" runstate="Runnable" seed="180696400" result="Passed" start-time="2026-09-18 13:52:13Z" end-time="2026-09-18 13:53:09Z" duration="55.682030" asserts="0">
                  <properties>
                    <property name="_JOINTYPE" value="UnityCombinatorial" />
                    <property name="retryIteration" value="0" />
                    <property name="repeatIteration" value="0" />
                  </properties>
                  <output><![CDATA[Pipeline: No RuntimePipelineManager components found in build scenes. Pipeline will be disabled in Player builds.
Pipeline: No RuntimePipelineManager components found in build scenes. Pipeline will be disabled in Player builds.
[AppInit] DebugSocket configured. mode=Connect, endpoint=ws://127.0.0.1:5011/debugsocket/, autoStart=True, sendLogs=True, sendTelemetry=True.
[AppInit] AfterSceneLoad: loading UICommon.
[AppInit] AfterSceneLoad: loading SceneResourceMap.
[AppInit] Starting DebugSocket transport. mode=Connect, endpoint=ws://127.0.0.1:5011/debugsocket/, autoStart=True.
[DebugSocket] Starting outbound client transport. endpoint=ws://127.0.0.1:5011/debugsocket/
[DebugSocket] Connecting to DebugStudio server. endpoint=ws://127.0.0.1:5011/debugsocket/
[AppInit] DebugSocket transport start sequence finished. mode=Connect, isRunning=True.
[AppInit] SceneResourceMap に未登録のシーンをスキップ: 
[AppInit] SceneResourceMap に未登録のシーンをスキップ: UIScene
]]></output>
                </test-case>
              </test-suite>
              <test-suite type="TestFixture" id="1866" name="ContentDirectorySessionTests" fullname="OneStarMaker.Tests.Editor.Build.ContentDirectorySessionTests" classname="OneStarMaker.Tests.Editor.Build.ContentDirectorySessionTests" runstate="Runnable" testcasecount="18" result="Passed" start-time="2026-09-18 13:53:09Z" end-time="2026-09-18 13:53:09Z" duration="0.122236" total="18" passed="18" failed="0" inconclusive="0" skipped="0" asserts="0">
                <properties />
                <test-case id="1881" name="CancelledInstance_DestroysUnownedGameObjectBeforeUnregister" fullname="OneStarMaker.Tests.Editor.Build.ContentDirectorySessionTests.CancelledInstance_DestroysUnownedGameObjectBeforeUnregister" methodname="CancelledInstance_DestroysUnownedGameObjectBeforeUnregister" classname="OneStarMaker.Tests.Editor.Build.ContentDirectorySessionTests" runstate="Runnable" seed="626332066" result="Passed" start-time="2026-09-18 13:53:09Z" end-time="2026-09-18 13:53:09Z" duration="0.018946" asserts="0">
                  <properties>
                    <property name="retryIteration" value="0" />
                    <property name="repeatIteration" value="0" />
                  </properties>
                </test-case>
                <test-case id="1880" name="CancelledSceneCleanupFailure_RetainsRegistrationUntilRetry" fullname="OneStarMaker.Tests.Editor.Build.ContentDirectorySessionTests.CancelledSceneCleanupFailure_RetainsRegistrationUntilRetry" methodname="CancelledSceneCleanupFailure_RetainsRegistrationUntilRetry" classname="OneStarMaker.Tests.Editor.Build.ContentDirectorySessionTests" runstate="Runnable" seed="135750782" result="Passed" start-time="2026-09-18 13:53:09Z" end-time="2026-09-18 13:53:09Z" duration="0.014180" asserts="0">
                  <properties>
                    <property name="retryIteration" value="0" />
                    <property name="repeatIteration" value="0" />
                  </properties>
                </test-case>
                <test-case id="1867" name="CancelledSceneLoad_DrainsNativeCompletionBeforeUnregister" fullname="OneStarMaker.Tests.Editor.Build.ContentDirectorySessionTests.CancelledSceneLoad_DrainsNativeCompletionBeforeUnregister" methodname="CancelledSceneLoad_DrainsNativeCompletionBeforeUnregister" classname="OneStarMaker.Tests.Editor.Build.ContentDirectorySessionTests" runstate="Runnable" seed="2054022642" result="Passed" start-time="2026-09-18 13:53:09Z" end-time="2026-09-18 13:53:09Z" duration="0.005645" asserts="0">
                  <properties>
                    <property name="retryIteration" value="0" />
                    <property name="repeatIteration" value="0" />
                  </properties>
                </test-case>
                <test-case id="1879" name="ConcurrentCallers_ShareOneAssetAndOneSceneToken" fullname="OneStarMaker.Tests.Editor.Build.ContentDirectorySessionTests.ConcurrentCallers_ShareOneAssetAndOneSceneToken" methodname="ConcurrentCallers_ShareOneAssetAndOneSceneToken" classname="OneStarMaker.Tests.Editor.Build.ContentDirectorySessionTests" runstate="Runnable" seed="1578894603" result="Passed" start-time="2026-09-18 13:53:09Z" end-time="2026-09-18 13:53:09Z" duration="0.008931" asserts="0">
                  <properties>
                    <property name="retryIteration" value="0" />
                    <property name="repeatIteration" value="0" />
                  </properties>
                </test-case>
                <test-case id="1873" name="DeferredSceneActivation_IsRejectedBeforeNativeOperation" fullname="OneStarMaker.Tests.Editor.Build.ContentDirectorySessionTests.DeferredSceneActivation_IsRejectedBeforeNativeOperation" methodname="DeferredSceneActivation_IsRejectedBeforeNativeOperation" classname="OneStarMaker.Tests.Editor.Build.ContentDirectorySessionTests" runstate="Runnable" seed="1339022974" result="Passed" start-time="2026-09-18 13:53:09Z" end-time="2026-09-18 13:53:09Z" duration="0.005948" asserts="0">
                  <properties>
                    <property name="retryIteration" value="0" />
                    <property name="repeatIteration" value="0" />
                  </properties>
                </test-case>
                <test-case id="1878" name="FailedRegistrationRollback_IsRetriedOnNextRegistration" fullname="OneStarMaker.Tests.Editor.Build.ContentDirectorySessionTests.FailedRegistrationRollback_IsRetriedOnNextRegistration" methodname="FailedRegistrationRollback_IsRetriedOnNextRegistration" classname="OneStarMaker.Tests.Editor.Build.ContentDirectorySessionTests" runstate="Runnable" seed="435210940" result="Passed" start-time="2026-09-18 13:53:09Z" end-time="2026-09-18 13:53:09Z" duration="0.003467" asserts="0">
                  <properties>
                    <property name="retryIteration" value="0" />
                    <property name="repeatIteration" value="0" />
                  </properties>
                </test-case>
                <test-case id="1875" name="InvalidRoot_RollsBackAndAllowsSamePathRetry" fullname="OneStarMaker.Tests.Editor.Build.ContentDirectorySessionTests.InvalidRoot_RollsBackAndAllowsSamePathRetry" methodname="InvalidRoot_RollsBackAndAllowsSamePathRetry" classname="OneStarMaker.Tests.Editor.Build.ContentDirectorySessionTests" runstate="Runnable" seed="648041756" result="Passed" start-time="2026-09-18 13:53:09Z" end-time="2026-09-18 13:53:09Z" duration="0.001861" asserts="0">
                  <properties>
                    <property name="retryIteration" value="0" />
                    <property name="repeatIteration" value="0" />
                  </properties>
                </test-case>
                <test-case id="1876" name="LiveInstance_RejectsCloseUntilOwnerReleasesIt" fullname="OneStarMaker.Tests.Editor.Build.ContentDirectorySessionTests.LiveInstance_RejectsCloseUntilOwnerReleasesIt" methodname="LiveInstance_RejectsCloseUntilOwnerReleasesIt" classname="OneStarMaker.Tests.Editor.Build.ContentDirectorySessionTests" runstate="Runnable" seed="1342953412" result="Passed" start-time="2026-09-18 13:53:09Z" end-time="2026-09-18 13:53:09Z" duration="0.005157" asserts="0">
                  <properties>
                    <property name="retryIteration" value="0" />
                    <property name="repeatIteration" value="0" />
                  </properties>
                </test-case>
                <test-case id="1868" name="MissingDirectoryAndMissingRoot_FailBeforeActiveRegistration" fullname="OneStarMaker.Tests.Editor.Build.ContentDirectorySessionTests.MissingDirectoryAndMissingRoot_FailBeforeActiveRegistration" methodname="MissingDirectoryAndMissingRoot_FailBeforeActiveRegistration" classname="OneStarMaker.Tests.Editor.Build.ContentDirectorySessionTests" runstate="Runnable" seed="1962430454" result="Passed" start-time="2026-09-18 13:53:09Z" end-time="2026-09-18 13:53:09Z" duration="0.002853" asserts="0">
                  <properties>
                    <property name="retryIteration" value="0" />
                    <property name="repeatIteration" value="0" />
                  </properties>
                </test-case>
                <test-case id="1874" name="NativeLoadFailures_AreMappedToPublicReasonCode" fullname="OneStarMaker.Tests.Editor.Build.ContentDirectorySessionTests.NativeLoadFailures_AreMappedToPublicReasonCode" methodname="NativeLoadFailures_AreMappedToPublicReasonCode" classname="OneStarMaker.Tests.Editor.Build.ContentDirectorySessionTests" runstate="Runnable" seed="485587120" result="Passed" start-time="2026-09-18 13:53:09Z" end-time="2026-09-18 13:53:09Z" duration="0.006823" asserts="0">
                  <properties>
                    <property name="retryIteration" value="0" />
                    <property name="repeatIteration" value="0" />
                  </properties>
                </test-case>
                <test-case id="1871" name="NormalUnloadAndClose_JoinOneNativeUnloadBeforeUnregister" fullname="OneStarMaker.Tests.Editor.Build.ContentDirectorySessionTests.NormalUnloadAndClose_JoinOneNativeUnloadBeforeUnregister" methodname="NormalUnloadAndClose_JoinOneNativeUnloadBeforeUnregister" classname="OneStarMaker.Tests.Editor.Build.ContentDirectorySessionTests" runstate="Runnable" seed="592012261" result="Passed" start-time="2026-09-18 13:53:09Z" end-time="2026-09-18 13:53:09Z" duration="0.003722" asserts="0">
                  <properties>
                    <property name="retryIteration" value="0" />
                    <property name="repeatIteration" value="0" />
                  </properties>
                </test-case>
                <test-case id="1872" name="NullInstanceResult_ReleasesIssuedTokenBeforeFailure" fullname="OneStarMaker.Tests.Editor.Build.ContentDirectorySessionTests.NullInstanceResult_ReleasesIssuedTokenBeforeFailure" methodname="NullInstanceResult_ReleasesIssuedTokenBeforeFailure" classname="OneStarMaker.Tests.Editor.Build.ContentDirectorySessionTests" runstate="Runnable" seed="325926417" result="Passed" start-time="2026-09-18 13:53:09Z" end-time="2026-09-18 13:53:09Z" duration="0.005020" asserts="0">
                  <properties>
                    <property name="retryIteration" value="0" />
                    <property name="repeatIteration" value="0" />
                  </properties>
                </test-case>
                <test-case id="1869" name="OwnerReleaseFailure_IsRetainedAndCloseCanRetry" fullname="OneStarMaker.Tests.Editor.Build.ContentDirectorySessionTests.OwnerReleaseFailure_IsRetainedAndCloseCanRetry" methodname="OwnerReleaseFailure_IsRetainedAndCloseCanRetry" classname="OneStarMaker.Tests.Editor.Build.ContentDirectorySessionTests" runstate="Runnable" seed="75930981" result="Passed" start-time="2026-09-18 13:53:09Z" end-time="2026-09-18 13:53:09Z" duration="0.004859" asserts="0">
                  <properties>
                    <property name="retryIteration" value="0" />
                    <property name="repeatIteration" value="0" />
                  </properties>
                </test-case>
                <test-case id="1884" name="ResidentCache_ReleasesDirectoryTokenAtClose" fullname="OneStarMaker.Tests.Editor.Build.ContentDirectorySessionTests.ResidentCache_ReleasesDirectoryTokenAtClose" methodname="ResidentCache_ReleasesDirectoryTokenAtClose" classname="OneStarMaker.Tests.Editor.Build.ContentDirectorySessionTests" runstate="Runnable" seed="616691671" result="Passed" start-time="2026-09-18 13:53:09Z" end-time="2026-09-18 13:53:09Z" duration="0.009028" asserts="0">
                  <properties>
                    <property name="retryIteration" value="0" />
                    <property name="repeatIteration" value="0" />
                  </properties>
                </test-case>
                <test-case id="1882" name="SceneIdentity_CannotAliasAnotherRepresentation" fullname="OneStarMaker.Tests.Editor.Build.ContentDirectorySessionTests.SceneIdentity_CannotAliasAnotherRepresentation" methodname="SceneIdentity_CannotAliasAnotherRepresentation" classname="OneStarMaker.Tests.Editor.Build.ContentDirectorySessionTests" runstate="Runnable" seed="1641828868" result="Passed" start-time="2026-09-18 13:53:09Z" end-time="2026-09-18 13:53:09Z" duration="0.003481" asserts="0">
                  <properties>
                    <property name="retryIteration" value="0" />
                    <property name="repeatIteration" value="0" />
                  </properties>
                </test-case>
                <test-case id="1883" name="StoppedDirectory_RejectsRegistryHitWithoutNewNativeLoad" fullname="OneStarMaker.Tests.Editor.Build.ContentDirectorySessionTests.StoppedDirectory_RejectsRegistryHitWithoutNewNativeLoad" methodname="StoppedDirectory_RejectsRegistryHitWithoutNewNativeLoad" classname="OneStarMaker.Tests.Editor.Build.ContentDirectorySessionTests" runstate="Runnable" seed="1983819296" result="Passed" start-time="2026-09-18 13:53:09Z" end-time="2026-09-18 13:53:09Z" duration="0.003444" asserts="0">
                  <properties>
                    <property name="retryIteration" value="0" />
                    <property name="repeatIteration" value="0" />
                  </properties>
                </test-case>
                <test-case id="1870" name="SynchronousShutdown_WaitsForLiveSceneUnloadTerminal" fullname="OneStarMaker.Tests.Editor.Build.ContentDirectorySessionTests.SynchronousShutdown_WaitsForLiveSceneUnloadTerminal" methodname="SynchronousShutdown_WaitsForLiveSceneUnloadTerminal" classname="OneStarMaker.Tests.Editor.Build.ContentDirectorySessionTests" runstate="Runnable" seed="1297685181" result="Passed" start-time="2026-09-18 13:53:09Z" end-time="2026-09-18 13:53:09Z" duration="0.003957" asserts="0">
                  <properties>
                    <property name="retryIteration" value="0" />
                    <property name="repeatIteration" value="0" />
                  </properties>
                </test-case>
                <test-case id="1877" name="UnregisterFailure_KeepsDeleteBlockedAndCloseCanRetry" fullname="OneStarMaker.Tests.Editor.Build.ContentDirectorySessionTests.UnregisterFailure_KeepsDeleteBlockedAndCloseCanRetry" methodname="UnregisterFailure_KeepsDeleteBlockedAndCloseCanRetry" classname="OneStarMaker.Tests.Editor.Build.ContentDirectorySessionTests" runstate="Runnable" seed="220656457" result="Passed" start-time="2026-09-18 13:53:09Z" end-time="2026-09-18 13:53:09Z" duration="0.004144" asserts="0">
                  <properties>
                    <property name="retryIteration" value="0" />
                    <property name="repeatIteration" value="0" />
                  </properties>
                  <output><![CDATA[Saving results to: C:/Users/void/AppData/LocalLow/DefaultCompany/SampleGame\TestResults.xml
]]></output>
                </test-case>
              </test-suite>
            </test-suite>
          </test-suite>
        </test-suite>
      </test-suite>
    </test-suite>
  </test-suite>
</test-run>