<?xml version="1.0" encoding="utf-8"?>
<test-run id="2" testcasecount="1" result="Passed" total="1" passed="1" failed="0" inconclusive="0" skipped="0" asserts="0" engine-version="3.5.0.0" clr-version="4.0.30319.42000" start-time="2026-09-18 11:46:22Z" end-time="2026-09-18 11:47:10Z" duration="48.3915748">
  <test-suite type="TestSuite" id="1000" name="SampleGame" fullname="SampleGame" runstate="Runnable" testcasecount="797" result="Passed" start-time="2026-09-18 11:46:22Z" end-time="2026-09-18 11:47:10Z" duration="48.391575" total="1" passed="1" failed="0" inconclusive="0" skipped="0" asserts="0">
    <properties>
      <property name="platform" value="EditMode" />
    </properties>
    <test-suite type="Assembly" id="1924" name="OneStarMaker.Tests.Editor.dll" fullname="D:/repositories/unity/SampleGameForOneStarMakerFramework/unity/Library/ScriptAssemblies/OneStarMaker.Tests.Editor.dll" runstate="Runnable" testcasecount="218" result="Passed" start-time="2026-09-18 11:46:22Z" end-time="2026-09-18 11:47:10Z" duration="48.365885" total="1" passed="1" failed="0" inconclusive="0" skipped="0" asserts="0">
      <properties>
        <property name="_PID" value="18496" />
        <property name="_APPDOMAIN" value="Unity Child Domain" />
        <property name="platform" value="EditMode" />
        <property name="EditorOnly" value="True" />
      </properties>
      <test-suite type="TestSuite" id="1925" name="OneStarMaker" fullname="OneStarMaker" runstate="Runnable" testcasecount="218" result="Passed" start-time="2026-09-18 11:46:22Z" end-time="2026-09-18 11:47:10Z" duration="48.362605" total="1" passed="1" failed="0" inconclusive="0" skipped="0" asserts="0">
        <properties />
        <test-suite type="TestSuite" id="1926" name="Tests" fullname="OneStarMaker.Tests" runstate="Runnable" testcasecount="218" result="Passed" start-time="2026-09-18 11:46:22Z" end-time="2026-09-18 11:47:10Z" duration="48.356616" total="1" passed="1" failed="0" inconclusive="0" skipped="0" asserts="0">
          <properties />
          <test-suite type="TestSuite" id="1927" name="Editor" fullname="OneStarMaker.Tests.Editor" runstate="Runnable" testcasecount="218" result="Passed" start-time="2026-09-18 11:46:22Z" end-time="2026-09-18 11:47:10Z" duration="48.353185" total="1" passed="1" failed="0" inconclusive="0" skipped="0" asserts="0">
            <properties />
            <test-suite type="TestSuite" id="1930" name="Build" fullname="OneStarMaker.Tests.Editor.Build" runstate="Runnable" testcasecount="114" result="Passed" start-time="2026-09-18 11:46:22Z" end-time="2026-09-18 11:47:10Z" duration="48.339336" total="1" passed="1" failed="0" inconclusive="0" skipped="0" asserts="0">
              <properties />
              <test-suite type="TestFixture" id="1801" name="BuildContentDirectoryIntegrationTests" fullname="OneStarMaker.Tests.Editor.Build.BuildContentDirectoryIntegrationTests" classname="OneStarMaker.Tests.Editor.Build.BuildContentDirectoryIntegrationTests" runstate="Runnable" testcasecount="1" result="Passed" start-time="2026-09-18 11:46:22Z" end-time="2026-09-18 11:47:10Z" duration="48.332826" total="1" passed="1" failed="0" inconclusive="0" skipped="0" asserts="0">
                <properties />
                <test-case id="1802" name="ScenePrefabTextureAndTwoRepresentationsBuildAndMoveAsOneDirectory" fullname="OneStarMaker.Tests.Editor.Build.BuildContentDirectoryIntegrationTests.ScenePrefabTextureAndTwoRepresentationsBuildAndMoveAsOneDirectory" methodname="ScenePrefabTextureAndTwoRepresentationsBuildAndMoveAsOneDirectory" classname="OneStarMaker.Tests.Editor.Build.BuildContentDirectoryIntegrationTests" runstate="Runnable" seed="1315993521" result="Passed" start-time="2026-09-18 11:46:22Z" end-time="2026-09-18 11:47:10Z" duration="48.313633" asserts="0">
                  <properties>
                    <property name="_JOINTYPE" value="UnityCombinatorial" />
                    <property name="retryIteration" value="0" />
                    <property name="repeatIteration" value="0" />
                  </properties>
                  <output><![CDATA[Pipeline: No RuntimePipelineManager components found in build scenes. Pipeline will be disabled in Player builds.
Pipeline: No RuntimePipelineManager components found in build scenes. Pipeline will be disabled in Player builds.
[AppInit] DebugSocket configured. mode=Connect, endpoint=ws://127.0.0.1:5011/debugsocket/, autoStart=True, sendLogs=True, sendTelemetry=True.
[AppInit] AfterSceneLoad: loading UICommon.
[AppInit] AfterSceneLoad: loading SceneResourceMap.
[AppInit] Starting DebugSocket transport. mode=Connect, endpoint=ws://127.0.0.1:5011/debugsocket/, autoStart=True.
[DebugSocket] Starting outbound client transport. endpoint=ws://127.0.0.1:5011/debugsocket/
[DebugSocket] Connecting to DebugStudio server. endpoint=ws://127.0.0.1:5011/debugsocket/
[AppInit] DebugSocket transport start sequence finished. mode=Connect, isRunning=True.
[AppInit] SceneResourceMap に未登録のシーンをスキップ: 
[AppInit] SceneResourceMap に未登録のシーンをスキップ: UIScene
Saving results to: C:/Users/void/AppData/LocalLow/DefaultCompany/SampleGame\TestResults.xml
]]></output>
                </test-case>
              </test-suite>
            </test-suite>
          </test-suite>
        </test-suite>
      </test-suite>
    </test-suite>
  </test-suite>
</test-run>