<?xml version="1.0" encoding="utf-8"?>
<test-run id="2" testcasecount="4" result="Passed" total="4" passed="4" failed="0" inconclusive="0" skipped="0" asserts="0" engine-version="3.5.0.0" clr-version="4.0.30319.42000" start-time="2026-09-18 17:26:59Z" end-time="2026-09-18 17:26:59Z" duration="0.113478">
  <test-suite type="TestSuite" id="1000" name="SampleGame" fullname="SampleGame" runstate="Runnable" testcasecount="803" result="Passed" start-time="2026-09-18 17:26:59Z" end-time="2026-09-18 17:26:59Z" duration="0.113478" total="4" passed="4" failed="0" inconclusive="0" skipped="0" asserts="0">
    <properties>
      <property name="platform" value="EditMode" />
    </properties>
    <test-suite type="Assembly" id="1659" name="OneStarMaker.Tests.dll" fullname="D:/repositories/unity/SampleGameForOneStarMakerFramework/unity/Library/ScriptAssemblies/OneStarMaker.Tests.dll" runstate="Runnable" testcasecount="566" result="Passed" start-time="2026-09-18 17:26:59Z" end-time="2026-09-18 17:26:59Z" duration="0.080571" total="4" passed="4" failed="0" inconclusive="0" skipped="0" asserts="0">
      <properties>
        <property name="_PID" value="16884" />
        <property name="_APPDOMAIN" value="Unity Child Domain" />
        <property name="platform" value="EditMode" />
        <property name="EditorOnly" value="True" />
      </properties>
      <test-suite type="TestSuite" id="1660" name="OneStarMaker" fullname="OneStarMaker" runstate="Runnable" testcasecount="566" result="Passed" start-time="2026-09-18 17:26:59Z" end-time="2026-09-18 17:26:59Z" duration="0.072804" total="4" passed="4" failed="0" inconclusive="0" skipped="0" asserts="0">
        <properties />
        <test-suite type="TestSuite" id="1661" name="Tests" fullname="OneStarMaker.Tests" runstate="Runnable" testcasecount="566" result="Passed" start-time="2026-09-18 17:26:59Z" end-time="2026-09-18 17:26:59Z" duration="0.065830" total="4" passed="4" failed="0" inconclusive="0" skipped="0" asserts="0">
          <properties />
          <test-suite type="TestSuite" id="1670" name="BuildContent" fullname="OneStarMaker.Tests.BuildContent" runstate="Runnable" testcasecount="8" result="Passed" start-time="2026-09-18 17:26:59Z" end-time="2026-09-18 17:26:59Z" duration="0.052066" total="4" passed="4" failed="0" inconclusive="0" skipped="0" asserts="0">
            <properties />
            <test-suite type="TestFixture" id="1594" name="ContentDirectoryIndexTests" fullname="OneStarMaker.Tests.BuildContent.ContentDirectoryIndexTests" classname="OneStarMaker.Tests.BuildContent.ContentDirectoryIndexTests" runstate="Runnable" testcasecount="4" result="Passed" start-time="2026-09-18 17:26:59Z" end-time="2026-09-18 17:26:59Z" duration="0.049887" total="4" passed="4" failed="0" inconclusive="0" skipped="0" asserts="0">
              <properties />
              <test-case id="1596" name="DuplicateLogicalRepresentationKind_IsRejected" fullname="OneStarMaker.Tests.BuildContent.ContentDirectoryIndexTests.DuplicateLogicalRepresentationKind_IsRejected" methodname="DuplicateLogicalRepresentationKind_IsRejected" classname="OneStarMaker.Tests.BuildContent.ContentDirectoryIndexTests" runstate="Runnable" seed="1359961568" result="Passed" start-time="2026-09-18 17:26:59Z" end-time="2026-09-18 17:26:59Z" duration="0.023137" asserts="0">
                <properties>
                  <property name="retryIteration" value="0" />
                  <property name="repeatIteration" value="0" />
                </properties>
              </test-case>
              <test-case id="1595" name="SceneResolution_FallsBackOnlyToFull" fullname="OneStarMaker.Tests.BuildContent.ContentDirectoryIndexTests.SceneResolution_FallsBackOnlyToFull" methodname="SceneResolution_FallsBackOnlyToFull" classname="OneStarMaker.Tests.BuildContent.ContentDirectoryIndexTests" runstate="Runnable" seed="874878695" result="Passed" start-time="2026-09-18 17:26:59Z" end-time="2026-09-18 17:26:59Z" duration="0.001568" asserts="0">
                <properties>
                  <property name="retryIteration" value="0" />
                  <property name="repeatIteration" value="0" />
                </properties>
              </test-case>
              <test-case id="1598" name="SeparatorInLogicalFields_DoesNotMergeDistinctEntries" fullname="OneStarMaker.Tests.BuildContent.ContentDirectoryIndexTests.SeparatorInLogicalFields_DoesNotMergeDistinctEntries" methodname="SeparatorInLogicalFields_DoesNotMergeDistinctEntries" classname="OneStarMaker.Tests.BuildContent.ContentDirectoryIndexTests" runstate="Runnable" seed="1649161062" result="Passed" start-time="2026-09-18 17:26:59Z" end-time="2026-09-18 17:26:59Z" duration="0.000589" asserts="0">
                <properties>
                  <property name="retryIteration" value="0" />
                  <property name="repeatIteration" value="0" />
                </properties>
              </test-case>
              <test-case id="1597" name="UntaggedLegacyEntry_IsIndexedAsFull" fullname="OneStarMaker.Tests.BuildContent.ContentDirectoryIndexTests.UntaggedLegacyEntry_IsIndexedAsFull" methodname="UntaggedLegacyEntry_IsIndexedAsFull" classname="OneStarMaker.Tests.BuildContent.ContentDirectoryIndexTests" runstate="Runnable" seed="1355187674" result="Passed" start-time="2026-09-18 17:26:59Z" end-time="2026-09-18 17:26:59Z" duration="0.000374" asserts="0">
                <properties>
                  <property name="retryIteration" value="0" />
                  <property name="repeatIteration" value="0" />
                </properties>
                <output><![CDATA[Saving results to: C:/Users/void/AppData/LocalLow/DefaultCompany/SampleGame\TestResults.xml
]]></output>
              </test-case>
            </test-suite>
          </test-suite>
        </test-suite>
      </test-suite>
    </test-suite>
  </test-suite>
</test-run>